Log file open, 02/20/22 20:31:02
LogWindows: Failed to load 'aqProf.dll' (GetLastError=126)
LogWindows: File 'aqProf.dll' does not exist
LogWindows: Failed to load 'VtuneApi.dll' (GetLastError=126)
LogWindows: File 'VtuneApi.dll' does not exist
LogWindows: Failed to load 'VtuneApi32e.dll' (GetLastError=126)
LogWindows: File 'VtuneApi32e.dll' does not exist
LogConsoleResponse: Display: Failed to find resolution value strings in scalability ini. Falling back to default.
LogConsoleResponse: Display: Failed to find resolution value strings in scalability ini. Falling back to default.
LogInit: Display: Running engine for game: BioshockZooProject
LogPlatformFile: Not using cached read wrapper
LogTaskGraph: Started task graph with 5 named threads and 14 total threads with 3 sets of task threads.
LogStats: Stats thread started at 0.283731
LogICUInternationalization: ICU TimeZone Detection - Raw Offset: -5:00, Platform Override: ''
LogInit: Display: Loading text-based GConfig....
LogPluginManager: Mounting plugin MeshPainting
LogPluginManager: Mounting plugin XGEController
LogPluginManager: Mounting plugin Paper2D
LogPluginManager: Mounting plugin LiveLink
LogPluginManager: Mounting plugin AISupport
LogPluginManager: Mounting plugin EnvironmentQueryEditor
LogPluginManager: Mounting plugin LightPropagationVolume
LogPluginManager: Mounting plugin CameraShakePreviewer
LogPluginManager: Mounting plugin GameplayCameras
LogPluginManager: Mounting plugin OodleData
LogPluginManager: Mounting plugin OodleNetwork
LogPluginManager: Mounting plugin AnimationSharing
LogPluginManager: Mounting plugin CLionSourceCodeAccess
LogPluginManager: Mounting plugin GitSourceControl
LogPluginManager: Mounting plugin KDevelopSourceCodeAccess
LogPluginManager: Mounting plugin CodeLiteSourceCodeAccess
LogPluginManager: Mounting plugin NullSourceCodeAccess
LogPluginManager: Mounting plugin PerforceSourceControl
LogPluginManager: Mounting plugin PixWinPlugin
LogPluginManager: Mounting plugin PlasticSourceControl
LogPluginManager: Mounting plugin PluginUtils
LogPluginManager: Mounting plugin PropertyAccessNode
LogPluginManager: Mounting plugin RiderSourceCodeAccess
LogPluginManager: Mounting plugin SubversionSourceControl
LogPluginManager: Mounting plugin TextureFormatOodle
LogPluginManager: Mounting plugin UObjectPlugin
LogPluginManager: Mounting plugin VisualStudioCodeSourceCodeAccess
LogPluginManager: Mounting plugin VisualStudioSourceCodeAccess
LogPluginManager: Mounting plugin XCodeSourceCodeAccess
LogPluginManager: Mounting plugin AssetManagerEditor
LogPluginManager: Mounting plugin CryptoKeys
LogPluginManager: Mounting plugin CurveEditorTools
LogPluginManager: Mounting plugin FacialAnimation
LogPluginManager: Mounting plugin GameplayTagsEditor
LogPluginManager: Mounting plugin GeometryMode
LogPluginManager: Mounting plugin MacGraphicsSwitching
LogPluginManager: Mounting plugin MaterialAnalyzer
LogPluginManager: Mounting plugin MobileLauncherProfileWizard
LogPluginManager: Mounting plugin PluginBrowser
LogPluginManager: Mounting plugin DataValidation
LogPluginManager: Mounting plugin DatasmithContent
LogPluginManager: Mounting plugin VariantManagerContent
LogPluginManager: Mounting plugin AlembicImporter
LogPluginManager: Mounting plugin AutomationUtils
LogPluginManager: Mounting plugin SpeedTreeImporter
LogPluginManager: Mounting plugin BackChannel
LogPluginManager: Mounting plugin ChaosCloth
LogPluginManager: Mounting plugin ChaosClothEditor
LogPluginManager: Mounting plugin ChaosEditor
LogPluginManager: Mounting plugin ChaosSolverPlugin
LogPluginManager: Mounting plugin CharacterAI
LogPluginManager: Mounting plugin ChaosNiagara
LogPluginManager: Mounting plugin GeometryCache
LogPluginManager: Mounting plugin GeometryProcessing
LogPluginManager: Mounting plugin GeometryCollectionPlugin
LogPluginManager: Mounting plugin MotoSynth
LogPluginManager: Mounting plugin OpenImageDenoise
LogPluginManager: Mounting plugin PlanarCut
LogPluginManager: Mounting plugin ProxyLODPlugin
LogPluginManager: Mounting plugin PythonScriptPlugin
LogPluginManager: Mounting plugin SkeletalReduction
LogPluginManager: Mounting plugin PlatformCrypto
LogPluginManager: Mounting plugin LuminPlatformFeatures
LogPluginManager: Mounting plugin MagicLeap
LogPluginManager: Mounting plugin MagicLeapLightEstimation
LogPluginManager: Mounting plugin MagicLeapMedia
LogPluginManager: Mounting plugin MagicLeapPassableWorld
LogPluginManager: Mounting plugin MLSDK
LogPluginManager: Mounting plugin ActorSequence
LogPluginManager: Mounting plugin LevelSequenceEditor
LogPluginManager: Mounting plugin TemplateSequence
LogPluginManager: Mounting plugin AndroidMedia
LogPluginManager: Mounting plugin AvfMedia
LogPluginManager: Mounting plugin ImgMedia
LogPluginManager: Mounting plugin MediaCompositing
LogPluginManager: Mounting plugin MatineeToLevelSequence
LogPluginManager: Mounting plugin MediaPlayerEditor
LogPluginManager: Mounting plugin WebMMedia
LogPluginManager: Mounting plugin WmfMedia
LogPluginManager: Mounting plugin TcpMessaging
LogPluginManager: Mounting plugin UdpMessaging
LogPluginManager: Mounting plugin OnlineSubsystem
LogPluginManager: Mounting plugin OnlineSubsystemNull
LogPluginManager: Mounting plugin OnlineSubsystemUtils
LogPluginManager: Mounting plugin LauncherChunkInstaller
LogPluginManager: Mounting plugin ActorLayerUtilities
LogPluginManager: Mounting plugin AndroidMoviePlayer
LogPluginManager: Mounting plugin AndroidDeviceProfileSelector
LogPluginManager: Mounting plugin AndroidPermission
LogPluginManager: Mounting plugin AppleImageUtils
LogPluginManager: Mounting plugin AppleMoviePlayer
LogPluginManager: Mounting plugin ArchVisCharacter
LogPluginManager: Mounting plugin AssetTags
LogPluginManager: Mounting plugin AudioCapture
LogPluginManager: Mounting plugin AudioSynesthesia
LogPluginManager: Mounting plugin ChunkDownloader
LogPluginManager: Mounting plugin CableComponent
LogPluginManager: Mounting plugin CustomMeshComponent
LogPluginManager: Mounting plugin EditableMesh
LogPluginManager: Mounting plugin ExampleDeviceProfileSelector
LogPluginManager: Mounting plugin GoogleCloudMessaging
LogPluginManager: Mounting plugin GooglePAD
LogPluginManager: Mounting plugin IOSDeviceProfileSelector
LogPluginManager: Mounting plugin LinuxDeviceProfileSelector
LogPluginManager: Mounting plugin LocationServicesBPLibrary
LogPluginManager: Mounting plugin MobilePatchingUtils
LogPluginManager: Mounting plugin OpenXR
LogPluginManager: Mounting plugin OpenXREyeTracker
LogPluginManager: Mounting plugin OpenXRHandTracking
LogPluginManager: Mounting plugin PhysXVehicles
LogPluginManager: Mounting plugin PostSplashScreen
LogPluginManager: Mounting plugin ProceduralMeshComponent
LogPluginManager: Mounting plugin PropertyAccessEditor
LogPluginManager: Mounting plugin RuntimePhysXCooking
LogPluginManager: Mounting plugin SignificanceManager
LogPluginManager: Mounting plugin SoundFields
LogPluginManager: Mounting plugin Synthesis
LogPluginManager: Mounting plugin WebMMoviePlayer
LogPluginManager: Mounting plugin WindowsMoviePlayer
LogPluginManager: Mounting plugin ScreenshotTools
LogPluginManager: Mounting plugin Takes
LogPluginManager: Mounting plugin Niagara
LogPluginManager: Mounting plugin ContentBrowserClassDataSource
LogPluginManager: Mounting plugin ContentBrowserAssetDataSource
LogPluginManager: Mounting plugin ContentBrowserFileDataSource
LogPluginManager: Mounting plugin OnlineSubsystemGooglePlay
LogPluginManager: Mounting plugin OnlineSubsystemIOS
LogPluginManager: Mounting plugin OculusVR
LogPluginManager: Mounting plugin SteamVR
PixWinPlugin: PIX capture plugin failed to initialize! Check that the process is launched from PIX.
LogInit: Using libcurl 7.55.1-DEV
LogInit:  - built for x86_64-pc-win32
LogInit:  - supports SSL with OpenSSL/1.1.1
LogInit:  - supports HTTP deflate (compression) using libz 1.2.8
LogInit:  - other features:
LogInit:      CURL_VERSION_SSL
LogInit:      CURL_VERSION_LIBZ
LogInit:      CURL_VERSION_IPV6
LogInit:      CURL_VERSION_ASYNCHDNS
LogInit:      CURL_VERSION_LARGEFILE
LogInit:      CURL_VERSION_IDN
LogInit:  CurlRequestOptions (configurable via config and command line):
LogInit:  - bVerifyPeer = true  - Libcurl will verify peer certificate
LogInit:  - bUseHttpProxy = false  - Libcurl will NOT use HTTP proxy
LogInit:  - bDontReuseConnections = false  - Libcurl will reuse connections
LogInit:  - MaxHostConnections = 16  - Libcurl will limit the number of connections to a host
LogInit:  - LocalHostAddr = Default
LogInit:  - BufferSize = 65536
LogOnline: OSS: Creating online subsystem instance for: NULL
LogInit: WinSock: version 1.1 (2.2), MaxSocks=32767, MaxUdp=65467
LogOnline: OSS: TryLoadSubsystemAndSetDefault: Loaded subsystem for module [NULL]
LogOculusPluginWrapper: OculusPlugin initialized successfully
LogHMD: Failed initializing OVRPlugin 1.59.0
LogInit: Build: ++UE4+Release-4.27-CL-18319896
LogInit: Engine Version: 4.27.2-18319896+++UE4+Release-4.27
LogInit: Compatible Engine Version: 4.27.0-17155196+++UE4+Release-4.27
LogInit: Net CL: 17155196
LogInit: OS: Windows 10 (Release 2009) (), CPU: Intel(R) Core(TM) i5-6600K CPU @ 3.50GHz, GPU: NVIDIA GeForce GTX 1070
LogInit: Compiled (64-bit): Nov 30 2021 07:12:08
LogInit: Compiled with Visual C++: 19.24.28315.00
LogInit: Build Configuration: Development
LogInit: Branch Name: ++UE4+Release-4.27
LogInit: Command Line: 
LogInit: Base Directory: D:/Epic Games/UE_4.27/Engine/Binaries/Win64/
LogInit: Allocator: TBB
LogInit: Installed Engine Build: 1
LogDevObjectVersion: Number of dev versions registered: 29
LogDevObjectVersion:   Dev-Blueprints (B0D832E4-1F89-4F0D-ACCF-7EB736FD4AA2): 10
LogDevObjectVersion:   Dev-Build (E1C64328-A22C-4D53-A36C-8E866417BD8C): 0
LogDevObjectVersion:   Dev-Core (375EC13C-06E4-48FB-B500-84F0262A717E): 4
LogDevObjectVersion:   Dev-Editor (E4B068ED-F494-42E9-A231-DA0B2E46BB41): 40
LogDevObjectVersion:   Dev-Framework (CFFC743F-43B0-4480-9391-14DF171D2073): 37
LogDevObjectVersion:   Dev-Mobile (B02B49B5-BB20-44E9-A304-32B752E40360): 3
LogDevObjectVersion:   Dev-Networking (A4E4105C-59A1-49B5-A7C5-40C4547EDFEE): 0
LogDevObjectVersion:   Dev-Online (39C831C9-5AE6-47DC-9A44-9C173E1C8E7C): 0
LogDevObjectVersion:   Dev-Physics (78F01B33-EBEA-4F98-B9B4-84EACCB95AA2): 14
LogDevObjectVersion:   Dev-Platform (6631380F-2D4D-43E0-8009-CF276956A95A): 0
LogDevObjectVersion:   Dev-Rendering (12F88B9F-8875-4AFC-A67C-D90C383ABD29): 45
LogDevObjectVersion:   Dev-Sequencer (7B5AE74C-D270-4C10-A958-57980B212A5A): 13
LogDevObjectVersion:   Dev-VR (D7296918-1DD6-4BDD-9DE2-64A83CC13884): 3
LogDevObjectVersion:   Dev-LoadTimes (C2A15278-BFE7-4AFE-6C17-90FF531DF755): 1
LogDevObjectVersion:   Private-Geometry (6EACA3D4-40EC-4CC1-B786-8BED09428FC5): 3
LogDevObjectVersion:   Dev-AnimPhys (29E575DD-E0A3-4627-9D10-D276232CDCEA): 17
LogDevObjectVersion:   Dev-Anim (AF43A65D-7FD3-4947-9873-3E8ED9C1BB05): 15
LogDevObjectVersion:   Dev-ReflectionCapture (6B266CEC-1EC7-4B8F-A30B-E4D90942FC07): 1
LogDevObjectVersion:   Dev-Automation (0DF73D61-A23F-47EA-B727-89E90C41499A): 1
LogDevObjectVersion:   FortniteMain (601D1886-AC64-4F84-AA16-D3DE0DEAC7D6): 47
LogDevObjectVersion:   FortniteRelease (E7086368-6B23-4C58-8439-1B7016265E91): 1
LogDevObjectVersion:   Dev-Enterprise (9DFFBCD6-494F-0158-E221-12823C92A888): 10
LogDevObjectVersion:   Dev-Niagara (F2AED0AC-9AFE-416F-8664-AA7FFA26D6FC): 1
LogDevObjectVersion:   Dev-Destruction (174F1F0B-B4C6-45A5-B13F-2EE8D0FB917D): 10
LogDevObjectVersion:   Dev-Physics-Ext (35F94A83-E258-406C-A318-09F59610247C): 41
LogDevObjectVersion:   Dev-PhysicsMaterial-Chaos (B68FC16E-8B1B-42E2-B453-215C058844FE): 1
LogDevObjectVersion:   Dev-CineCamera (B2E18506-4273-CFC2-A54E-F4BB758BBA07): 1
LogDevObjectVersion:   Dev-VirtualProduction (64F58936-FD1B-42BA-BA96-7289D5D0FA4E): 1
LogDevObjectVersion:   Dev-MediaFramework (6F0ED827-A609-4895-9C91-998D90180EA4): 2
LogInit: Presizing for max 25165824 objects, including 0 objects not considered by GC, pre-allocating 0 bytes for permanent pool.
LogConfig: Applying CVar settings from Section [/Script/Engine.StreamingSettings] File [G:/School/Drexel/2022 _ Winter/Arch Level Design/BioshockZoo/Bioshock_LevelDesign/BioshockZooProject/Saved/Config/Windows/Engine.ini]
LogConfig: Setting CVar [[s.MinBulkDataSizeForAsyncLoading:131072]]
LogConfig: Setting CVar [[s.AsyncLoadingThreadEnabled:0]]
LogConfig: Setting CVar [[s.EventDrivenLoaderEnabled:1]]
LogConfig: Setting CVar [[s.WarnIfTimeLimitExceeded:0]]
LogConfig: Setting CVar [[s.TimeLimitExceededMultiplier:1.5]]
LogConfig: Setting CVar [[s.TimeLimitExceededMinTime:0.005]]
LogConfig: Setting CVar [[s.UseBackgroundLevelStreaming:1]]
LogConfig: Setting CVar [[s.PriorityAsyncLoadingExtraTime:15.0]]
LogConfig: Setting CVar [[s.LevelStreamingActorsUpdateTimeLimit:5.0]]
LogConfig: Setting CVar [[s.PriorityLevelStreamingActorsUpdateExtraTime:5.0]]
LogConfig: Setting CVar [[s.LevelStreamingComponentsRegistrationGranularity:10]]
LogConfig: Setting CVar [[s.UnregisterComponentsTimeLimit:1.0]]
LogConfig: Setting CVar [[s.LevelStreamingComponentsUnregistrationGranularity:5]]
LogConfig: Setting CVar [[s.FlushStreamingOnExit:1]]
LogInit: Object subsystem initialized
LogConfig: Setting CVar [[con.DebugEarlyDefault:1]]
LogConfig: Setting CVar [[r.setres:1280x720]]
[2022.02.21-01.31.03:152][  0]LogConfig: Setting CVar [[r.VSync:0]]
[2022.02.21-01.31.03:152][  0]LogConfig: Setting CVar [[r.RHICmdBypass:0]]
[2022.02.21-01.31.03:153][  0]LogConfig: Applying CVar settings from Section [/Script/Engine.RendererSettings] File [G:/School/Drexel/2022 _ Winter/Arch Level Design/BioshockZoo/Bioshock_LevelDesign/BioshockZooProject/Saved/Config/Windows/Engine.ini]
[2022.02.21-01.31.03:153][  0]LogConfig: Setting CVar [[r.GPUCrashDebugging:0]]
[2022.02.21-01.31.03:153][  0]LogConfig: Applying CVar settings from Section [/Script/Engine.RendererOverrideSettings] File [G:/School/Drexel/2022 _ Winter/Arch Level Design/BioshockZoo/Bioshock_LevelDesign/BioshockZooProject/Saved/Config/Windows/Engine.ini]
[2022.02.21-01.31.03:153][  0]LogConfig: Applying CVar settings from Section [/Script/Engine.StreamingSettings] File [G:/School/Drexel/2022 _ Winter/Arch Level Design/BioshockZoo/Bioshock_LevelDesign/BioshockZooProject/Saved/Config/Windows/Engine.ini]
[2022.02.21-01.31.03:153][  0]LogConfig: Setting CVar [[s.MinBulkDataSizeForAsyncLoading:131072]]
[2022.02.21-01.31.03:153][  0]LogConfig: Setting CVar [[s.AsyncLoadingThreadEnabled:0]]
[2022.02.21-01.31.03:153][  0]LogConfig: Setting CVar [[s.EventDrivenLoaderEnabled:1]]
[2022.02.21-01.31.03:153][  0]LogConfig: Setting CVar [[s.WarnIfTimeLimitExceeded:0]]
[2022.02.21-01.31.03:153][  0]LogConfig: Setting CVar [[s.TimeLimitExceededMultiplier:1.5]]
[2022.02.21-01.31.03:153][  0]LogConfig: Setting CVar [[s.TimeLimitExceededMinTime:0.005]]
[2022.02.21-01.31.03:153][  0]LogConfig: Setting CVar [[s.UseBackgroundLevelStreaming:1]]
[2022.02.21-01.31.03:153][  0]LogConfig: Setting CVar [[s.PriorityAsyncLoadingExtraTime:15.0]]
[2022.02.21-01.31.03:153][  0]LogConfig: Setting CVar [[s.LevelStreamingActorsUpdateTimeLimit:5.0]]
[2022.02.21-01.31.03:153][  0]LogConfig: Setting CVar [[s.PriorityLevelStreamingActorsUpdateExtraTime:5.0]]
[2022.02.21-01.31.03:153][  0]LogConfig: Setting CVar [[s.LevelStreamingComponentsRegistrationGranularity:10]]
[2022.02.21-01.31.03:153][  0]LogConfig: Setting CVar [[s.UnregisterComponentsTimeLimit:1.0]]
[2022.02.21-01.31.03:153][  0]LogConfig: Setting CVar [[s.LevelStreamingComponentsUnregistrationGranularity:5]]
[2022.02.21-01.31.03:153][  0]LogConfig: Setting CVar [[s.FlushStreamingOnExit:1]]
[2022.02.21-01.31.03:153][  0]LogConfig: Applying CVar settings from Section [/Script/Engine.GarbageCollectionSettings] File [G:/School/Drexel/2022 _ Winter/Arch Level Design/BioshockZoo/Bioshock_LevelDesign/BioshockZooProject/Saved/Config/Windows/Engine.ini]
[2022.02.21-01.31.03:153][  0]LogConfig: Setting CVar [[gc.MaxObjectsNotConsideredByGC:1]]
[2022.02.21-01.31.03:153][  0]LogConfig: Setting CVar [[gc.SizeOfPermanentObjectPool:0]]
[2022.02.21-01.31.03:153][  0]LogConfig: Setting CVar [[gc.FlushStreamingOnGC:0]]
[2022.02.21-01.31.03:153][  0]LogConfig: Setting CVar [[gc.NumRetriesBeforeForcingGC:10]]
[2022.02.21-01.31.03:153][  0]LogConfig: Setting CVar [[gc.AllowParallelGC:1]]
[2022.02.21-01.31.03:153][  0]LogConfig: Setting CVar [[gc.TimeBetweenPurgingPendingKillObjects:61.1]]
[2022.02.21-01.31.03:153][  0]LogConfig: Setting CVar [[gc.MaxObjectsInEditor:25165824]]
[2022.02.21-01.31.03:153][  0]LogConfig: Setting CVar [[gc.IncrementalBeginDestroyEnabled:1]]
[2022.02.21-01.31.03:153][  0]LogConfig: Setting CVar [[gc.CreateGCClusters:1]]
[2022.02.21-01.31.03:153][  0]LogConfig: Setting CVar [[gc.MinGCClusterSize:5]]
[2022.02.21-01.31.03:153][  0]LogConfig: Setting CVar [[gc.ActorClusteringEnabled:0]]
[2022.02.21-01.31.03:153][  0]LogConfig: Setting CVar [[gc.BlueprintClusteringEnabled:0]]
[2022.02.21-01.31.03:153][  0]LogConfig: Setting CVar [[gc.UseDisregardForGCOnDedicatedServers:0]]
[2022.02.21-01.31.03:153][  0]LogConfig: Setting CVar [[gc.MultithreadedDestructionEnabled:1]]
[2022.02.21-01.31.03:153][  0]LogConfig: Applying CVar settings from Section [/Script/Engine.NetworkSettings] File [G:/School/Drexel/2022 _ Winter/Arch Level Design/BioshockZoo/Bioshock_LevelDesign/BioshockZooProject/Saved/Config/Windows/Engine.ini]
[2022.02.21-01.31.03:153][  0]LogConfig: Applying CVar settings from Section [/Script/UnrealEd.CookerSettings] File [G:/School/Drexel/2022 _ Winter/Arch Level Design/BioshockZoo/Bioshock_LevelDesign/BioshockZooProject/Saved/Config/Windows/Engine.ini]
[2022.02.21-01.31.03:177][  0]LogConfig: Applying CVar settings from Section [ViewDistanceQuality@3] File [G:/School/Drexel/2022 _ Winter/Arch Level Design/BioshockZoo/Bioshock_LevelDesign/BioshockZooProject/Saved/Config/Windows/Scalability.ini]
[2022.02.21-01.31.03:177][  0]LogConfig: Setting CVar [[r.SkeletalMeshLODBias:0]]
[2022.02.21-01.31.03:177][  0]LogConfig: Setting CVar [[r.ViewDistanceScale:1.0]]
[2022.02.21-01.31.03:177][  0]LogConfig: Applying CVar settings from Section [AntiAliasingQuality@3] File [G:/School/Drexel/2022 _ Winter/Arch Level Design/BioshockZoo/Bioshock_LevelDesign/BioshockZooProject/Saved/Config/Windows/Scalability.ini]
[2022.02.21-01.31.03:177][  0]LogConfig: Setting CVar [[r.PostProcessAAQuality:4]]
[2022.02.21-01.31.03:177][  0]LogConfig: Applying CVar settings from Section [ShadowQuality@3] File [G:/School/Drexel/2022 _ Winter/Arch Level Design/BioshockZoo/Bioshock_LevelDesign/BioshockZooProject/Saved/Config/Windows/Scalability.ini]
[2022.02.21-01.31.03:177][  0]LogConfig: Setting CVar [[r.LightFunctionQuality:1]]
[2022.02.21-01.31.03:177][  0]LogConfig: Setting CVar [[r.ShadowQuality:5]]
[2022.02.21-01.31.03:177][  0]LogConfig: Setting CVar [[r.Shadow.CSM.MaxCascades:10]]
[2022.02.21-01.31.03:177][  0]LogConfig: Setting CVar [[r.Shadow.MaxResolution:2048]]
[2022.02.21-01.31.03:177][  0]LogConfig: Setting CVar [[r.Shadow.MaxCSMResolution:2048]]
[2022.02.21-01.31.03:177][  0]LogConfig: Setting CVar [[r.Shadow.RadiusThreshold:0.01]]
[2022.02.21-01.31.03:177][  0]LogConfig: Setting CVar [[r.Shadow.DistanceScale:1.0]]
[2022.02.21-01.31.03:177][  0]LogConfig: Setting CVar [[r.Shadow.CSM.TransitionScale:1.0]]
[2022.02.21-01.31.03:177][  0]LogConfig: Setting CVar [[r.Shadow.PreShadowResolutionFactor:1.0]]
[2022.02.21-01.31.03:177][  0]LogConfig: Setting CVar [[r.DistanceFieldShadowing:1]]
[2022.02.21-01.31.03:177][  0]LogConfig: Setting CVar [[r.DistanceFieldAO:1]]
[2022.02.21-01.31.03:177][  0]LogConfig: Setting CVar [[r.AOQuality:2]]
[2022.02.21-01.31.03:177][  0]LogConfig: Setting CVar [[r.VolumetricFog:1]]
[2022.02.21-01.31.03:177][  0]LogConfig: Setting CVar [[r.VolumetricFog.GridPixelSize:8]]
[2022.02.21-01.31.03:177][  0]LogConfig: Setting CVar [[r.VolumetricFog.GridSizeZ:128]]
[2022.02.21-01.31.03:177][  0]LogConfig: Setting CVar [[r.VolumetricFog.HistoryMissSupersampleCount:4]]
[2022.02.21-01.31.03:177][  0]LogConfig: Setting CVar [[r.LightMaxDrawDistanceScale:1]]
[2022.02.21-01.31.03:177][  0]LogConfig: Setting CVar [[r.CapsuleShadows:1]]
[2022.02.21-01.31.03:177][  0]LogConfig: Applying CVar settings from Section [PostProcessQuality@3] File [G:/School/Drexel/2022 _ Winter/Arch Level Design/BioshockZoo/Bioshock_LevelDesign/BioshockZooProject/Saved/Config/Windows/Scalability.ini]
[2022.02.21-01.31.03:177][  0]LogConfig: Setting CVar [[r.MotionBlurQuality:4]]
[2022.02.21-01.31.03:177][  0]LogConfig: Setting CVar [[r.AmbientOcclusionMipLevelFactor:0.4]]
[2022.02.21-01.31.03:177][  0]LogConfig: Setting CVar [[r.AmbientOcclusionMaxQuality:100]]
[2022.02.21-01.31.03:177][  0]LogConfig: Setting CVar [[r.AmbientOcclusionLevels:-1]]
[2022.02.21-01.31.03:177][  0]LogConfig: Setting CVar [[r.AmbientOcclusionRadiusScale:1.0]]
[2022.02.21-01.31.03:177][  0]LogConfig: Setting CVar [[r.DepthOfFieldQuality:2]]
[2022.02.21-01.31.03:177][  0]LogConfig: Setting CVar [[r.RenderTargetPoolMin:400]]
[2022.02.21-01.31.03:177][  0]LogConfig: Setting CVar [[r.LensFlareQuality:2]]
[2022.02.21-01.31.03:177][  0]LogConfig: Setting CVar [[r.SceneColorFringeQuality:1]]
[2022.02.21-01.31.03:177][  0]LogConfig: Setting CVar [[r.EyeAdaptationQuality:2]]
[2022.02.21-01.31.03:177][  0]LogConfig: Setting CVar [[r.BloomQuality:5]]
[2022.02.21-01.31.03:177][  0]LogConfig: Setting CVar [[r.FastBlurThreshold:100]]
[2022.02.21-01.31.03:177][  0]LogConfig: Setting CVar [[r.Upscale.Quality:3]]
[2022.02.21-01.31.03:177][  0]LogConfig: Setting CVar [[r.Tonemapper.GrainQuantization:1]]
[2022.02.21-01.31.03:177][  0]LogConfig: Setting CVar [[r.LightShaftQuality:1]]
[2022.02.21-01.31.03:177][  0]LogConfig: Setting CVar [[r.Filter.SizeScale:1]]
[2022.02.21-01.31.03:177][  0]LogConfig: Setting CVar [[r.Tonemapper.Quality:5]]
[2022.02.21-01.31.03:177][  0]LogConfig: Setting CVar [[r.DOF.Gather.AccumulatorQuality:1        ; higher gathering accumulator quality]]
[2022.02.21-01.31.03:177][  0]LogConfig: Setting CVar [[r.DOF.Gather.PostfilterMethod:1          ; Median3x3 postfilering method]]
[2022.02.21-01.31.03:177][  0]LogConfig: Setting CVar [[r.DOF.Gather.EnableBokehSettings:0       ; no bokeh simulation when gathering]]
[2022.02.21-01.31.03:177][  0]LogConfig: Setting CVar [[r.DOF.Gather.RingCount:4                 ; medium number of samples when gathering]]
[2022.02.21-01.31.03:177][  0]LogConfig: Setting CVar [[r.DOF.Scatter.ForegroundCompositing:1    ; additive foreground scattering]]
[2022.02.21-01.31.03:177][  0]LogConfig: Setting CVar [[r.DOF.Scatter.BackgroundCompositing:2    ; additive background scattering]]
[2022.02.21-01.31.03:177][  0]LogConfig: Setting CVar [[r.DOF.Scatter.EnableBokehSettings:1      ; bokeh simulation when scattering]]
[2022.02.21-01.31.03:177][  0]LogConfig: Setting CVar [[r.DOF.Scatter.MaxSpriteRatio:0.1         ; only a maximum of 10% of scattered bokeh]]
[2022.02.21-01.31.03:177][  0]LogConfig: Setting CVar [[r.DOF.Recombine.Quality:1                ; cheap slight out of focus]]
[2022.02.21-01.31.03:177][  0]LogConfig: Setting CVar [[r.DOF.Recombine.EnableBokehSettings:0    ; no bokeh simulation on slight out of focus]]
[2022.02.21-01.31.03:177][  0]LogConfig: Setting CVar [[r.DOF.TemporalAAQuality:1                ; more stable temporal accumulation]]
[2022.02.21-01.31.03:177][  0]LogConfig: Setting CVar [[r.DOF.Kernel.MaxForegroundRadius:0.025]]
[2022.02.21-01.31.03:177][  0]LogConfig: Setting CVar [[r.DOF.Kernel.MaxBackgroundRadius:0.025]]
[2022.02.21-01.31.03:177][  0]LogConfig: Applying CVar settings from Section [TextureQuality@3] File [G:/School/Drexel/2022 _ Winter/Arch Level Design/BioshockZoo/Bioshock_LevelDesign/BioshockZooProject/Saved/Config/Windows/Scalability.ini]
[2022.02.21-01.31.03:177][  0]LogConfig: Setting CVar [[r.Streaming.MipBias:0]]
[2022.02.21-01.31.03:177][  0]LogConfig: Setting CVar [[r.Streaming.AmortizeCPUToGPUCopy:0]]
[2022.02.21-01.31.03:177][  0]LogConfig: Setting CVar [[r.Streaming.MaxNumTexturesToStreamPerFrame:0]]
[2022.02.21-01.31.03:177][  0]LogConfig: Setting CVar [[r.Streaming.Boost:1]]
[2022.02.21-01.31.03:177][  0]LogConfig: Setting CVar [[r.MaxAnisotropy:8]]
[2022.02.21-01.31.03:177][  0]LogConfig: Setting CVar [[r.VT.MaxAnisotropy:8]]
[2022.02.21-01.31.03:177][  0]LogConfig: Setting CVar [[r.Streaming.LimitPoolSizeToVRAM:0]]
[2022.02.21-01.31.03:177][  0]LogConfig: Setting CVar [[r.Streaming.PoolSize:1000]]
[2022.02.21-01.31.03:177][  0]LogConfig: Setting CVar [[r.Streaming.MaxEffectiveScreenSize:0]]
[2022.02.21-01.31.03:178][  0]LogConfig: Applying CVar settings from Section [EffectsQuality@3] File [G:/School/Drexel/2022 _ Winter/Arch Level Design/BioshockZoo/Bioshock_LevelDesign/BioshockZooProject/Saved/Config/Windows/Scalability.ini]
[2022.02.21-01.31.03:178][  0]LogConfig: Setting CVar [[r.TranslucencyLightingVolumeDim:64]]
[2022.02.21-01.31.03:178][  0]LogConfig: Setting CVar [[r.RefractionQuality:2]]
[2022.02.21-01.31.03:178][  0]LogConfig: Setting CVar [[r.SSR.Quality:3]]
[2022.02.21-01.31.03:178][  0]LogConfig: Setting CVar [[r.SSR.HalfResSceneColor:0]]
[2022.02.21-01.31.03:178][  0]LogConfig: Setting CVar [[r.SceneColorFormat:4]]
[2022.02.21-01.31.03:178][  0]LogConfig: Setting CVar [[r.DetailMode:2]]
[2022.02.21-01.31.03:178][  0]LogConfig: Setting CVar [[r.TranslucencyVolumeBlur:1]]
[2022.02.21-01.31.03:178][  0]LogConfig: Setting CVar [[r.MaterialQualityLevel:1 ; High quality]]
[2022.02.21-01.31.03:178][  0]LogConfig: Setting CVar [[r.AnisotropicMaterials:1]]
[2022.02.21-01.31.03:178][  0]LogConfig: Setting CVar [[r.SSS.Scale:1]]
[2022.02.21-01.31.03:178][  0]LogConfig: Setting CVar [[r.SSS.SampleSet:2]]
[2022.02.21-01.31.03:178][  0]LogConfig: Setting CVar [[r.SSS.Quality:1]]
[2022.02.21-01.31.03:178][  0]LogConfig: Setting CVar [[r.SSS.HalfRes:0]]
[2022.02.21-01.31.03:178][  0]LogConfig: Setting CVar [[r.SSGI.Quality:3]]
[2022.02.21-01.31.03:178][  0]LogConfig: Setting CVar [[r.EmitterSpawnRateScale:1.0]]
[2022.02.21-01.31.03:178][  0]LogConfig: Setting CVar [[r.ParticleLightQuality:2]]
[2022.02.21-01.31.03:178][  0]LogConfig: Setting CVar [[r.SkyAtmosphere.AerialPerspectiveLUT.FastApplyOnOpaque:1 ; Always have FastSkyLUT 1 in this case to avoid wrong sky]]
[2022.02.21-01.31.03:178][  0]LogConfig: Setting CVar [[r.SkyAtmosphere.AerialPerspectiveLUT.SampleCountMaxPerSlice:4]]
[2022.02.21-01.31.03:178][  0]LogConfig: Setting CVar [[r.SkyAtmosphere.AerialPerspectiveLUT.DepthResolution:16.0]]
[2022.02.21-01.31.03:178][  0]LogConfig: Setting CVar [[r.SkyAtmosphere.FastSkyLUT:1]]
[2022.02.21-01.31.03:178][  0]LogConfig: Setting CVar [[r.SkyAtmosphere.FastSkyLUT.SampleCountMin:4.0]]
[2022.02.21-01.31.03:178][  0]LogConfig: Setting CVar [[r.SkyAtmosphere.FastSkyLUT.SampleCountMax:128.0]]
[2022.02.21-01.31.03:178][  0]LogConfig: Setting CVar [[r.SkyAtmosphere.SampleCountMin:4.0]]
[2022.02.21-01.31.03:178][  0]LogConfig: Setting CVar [[r.SkyAtmosphere.SampleCountMax:128.0]]
[2022.02.21-01.31.03:178][  0]LogConfig: Setting CVar [[r.SkyAtmosphere.TransmittanceLUT.UseSmallFormat:0]]
[2022.02.21-01.31.03:178][  0]LogConfig: Setting CVar [[r.SkyAtmosphere.TransmittanceLUT.SampleCount:10.0]]
[2022.02.21-01.31.03:178][  0]LogConfig: Setting CVar [[r.SkyAtmosphere.MultiScatteringLUT.SampleCount:15.0]]
[2022.02.21-01.31.03:178][  0]LogConfig: Setting CVar [[r.SkyLight.RealTimeReflectionCapture:1]]
[2022.02.21-01.31.03:178][  0]LogConfig: Applying CVar settings from Section [FoliageQuality@3] File [G:/School/Drexel/2022 _ Winter/Arch Level Design/BioshockZoo/Bioshock_LevelDesign/BioshockZooProject/Saved/Config/Windows/Scalability.ini]
[2022.02.21-01.31.03:178][  0]LogConfig: Setting CVar [[foliage.DensityScale:1.0]]
[2022.02.21-01.31.03:178][  0]LogConfig: Setting CVar [[grass.DensityScale:1.0]]
[2022.02.21-01.31.03:178][  0]LogConfig: Applying CVar settings from Section [ShadingQuality@3] File [G:/School/Drexel/2022 _ Winter/Arch Level Design/BioshockZoo/Bioshock_LevelDesign/BioshockZooProject/Saved/Config/Windows/Scalability.ini]
[2022.02.21-01.31.03:178][  0]LogConfig: Setting CVar [[r.HairStrands.SkyLighting.IntegrationType:2]]
[2022.02.21-01.31.03:178][  0]LogConfig: Setting CVar [[r.HairStrands.SkyAO.SampleCount:4]]
[2022.02.21-01.31.03:178][  0]LogConfig: Setting CVar [[r.HairStrands.Visibility.MSAA.SamplePerPixel:4]]
[2022.02.21-01.31.03:178][  0]LogInit: Selected Device Profile: [Windows]
[2022.02.21-01.31.03:178][  0]LogInit: Applying CVar settings loaded from the selected device profile: [Windows]
[2022.02.21-01.31.03:178][  0]LogHAL: Display: Platform has ~ 16 GB [17115901952 / 17179869184 / 16], which maps to Larger [LargestMinGB=32, LargerMinGB=12, DefaultMinGB=8, SmallerMinGB=6, SmallestMinGB=0)
[2022.02.21-01.31.03:178][  0]LogInit: Going up to parent DeviceProfile []
[2022.02.21-01.31.03:178][  0]LogConfig: Applying CVar settings from Section [ViewDistanceQuality@3] File [G:/School/Drexel/2022 _ Winter/Arch Level Design/BioshockZoo/Bioshock_LevelDesign/BioshockZooProject/Saved/Config/Windows/Scalability.ini]
[2022.02.21-01.31.03:178][  0]LogConfig: Setting CVar [[r.SkeletalMeshLODBias:0]]
[2022.02.21-01.31.03:178][  0]LogConfig: Setting CVar [[r.ViewDistanceScale:1.0]]
[2022.02.21-01.31.03:178][  0]LogConfig: Applying CVar settings from Section [AntiAliasingQuality@3] File [G:/School/Drexel/2022 _ Winter/Arch Level Design/BioshockZoo/Bioshock_LevelDesign/BioshockZooProject/Saved/Config/Windows/Scalability.ini]
[2022.02.21-01.31.03:178][  0]LogConfig: Setting CVar [[r.PostProcessAAQuality:4]]
[2022.02.21-01.31.03:178][  0]LogConfig: Applying CVar settings from Section [ShadowQuality@3] File [G:/School/Drexel/2022 _ Winter/Arch Level Design/BioshockZoo/Bioshock_LevelDesign/BioshockZooProject/Saved/Config/Windows/Scalability.ini]
[2022.02.21-01.31.03:178][  0]LogConfig: Setting CVar [[r.LightFunctionQuality:1]]
[2022.02.21-01.31.03:178][  0]LogConfig: Setting CVar [[r.ShadowQuality:5]]
[2022.02.21-01.31.03:178][  0]LogConfig: Setting CVar [[r.Shadow.CSM.MaxCascades:10]]
[2022.02.21-01.31.03:178][  0]LogConfig: Setting CVar [[r.Shadow.MaxResolution:2048]]
[2022.02.21-01.31.03:178][  0]LogConfig: Setting CVar [[r.Shadow.MaxCSMResolution:2048]]
[2022.02.21-01.31.03:178][  0]LogConfig: Setting CVar [[r.Shadow.RadiusThreshold:0.01]]
[2022.02.21-01.31.03:178][  0]LogConfig: Setting CVar [[r.Shadow.DistanceScale:1.0]]
[2022.02.21-01.31.03:178][  0]LogConfig: Setting CVar [[r.Shadow.CSM.TransitionScale:1.0]]
[2022.02.21-01.31.03:178][  0]LogConfig: Setting CVar [[r.Shadow.PreShadowResolutionFactor:1.0]]
[2022.02.21-01.31.03:178][  0]LogConfig: Setting CVar [[r.DistanceFieldShadowing:1]]
[2022.02.21-01.31.03:178][  0]LogConfig: Setting CVar [[r.DistanceFieldAO:1]]
[2022.02.21-01.31.03:178][  0]LogConfig: Setting CVar [[r.AOQuality:2]]
[2022.02.21-01.31.03:178][  0]LogConfig: Setting CVar [[r.VolumetricFog:1]]
[2022.02.21-01.31.03:178][  0]LogConfig: Setting CVar [[r.VolumetricFog.GridPixelSize:8]]
[2022.02.21-01.31.03:178][  0]LogConfig: Setting CVar [[r.VolumetricFog.GridSizeZ:128]]
[2022.02.21-01.31.03:178][  0]LogConfig: Setting CVar [[r.VolumetricFog.HistoryMissSupersampleCount:4]]
[2022.02.21-01.31.03:178][  0]LogConfig: Setting CVar [[r.LightMaxDrawDistanceScale:1]]
[2022.02.21-01.31.03:178][  0]LogConfig: Setting CVar [[r.CapsuleShadows:1]]
[2022.02.21-01.31.03:178][  0]LogConfig: Applying CVar settings from Section [PostProcessQuality@3] File [G:/School/Drexel/2022 _ Winter/Arch Level Design/BioshockZoo/Bioshock_LevelDesign/BioshockZooProject/Saved/Config/Windows/Scalability.ini]
[2022.02.21-01.31.03:178][  0]LogConfig: Setting CVar [[r.MotionBlurQuality:4]]
[2022.02.21-01.31.03:178][  0]LogConfig: Setting CVar [[r.AmbientOcclusionMipLevelFactor:0.4]]
[2022.02.21-01.31.03:179][  0]LogConfig: Setting CVar [[r.AmbientOcclusionMaxQuality:100]]
[2022.02.21-01.31.03:179][  0]LogConfig: Setting CVar [[r.AmbientOcclusionLevels:-1]]
[2022.02.21-01.31.03:179][  0]LogConfig: Setting CVar [[r.AmbientOcclusionRadiusScale:1.0]]
[2022.02.21-01.31.03:179][  0]LogConfig: Setting CVar [[r.DepthOfFieldQuality:2]]
[2022.02.21-01.31.03:179][  0]LogConfig: Setting CVar [[r.RenderTargetPoolMin:400]]
[2022.02.21-01.31.03:179][  0]LogConfig: Setting CVar [[r.LensFlareQuality:2]]
[2022.02.21-01.31.03:179][  0]LogConfig: Setting CVar [[r.SceneColorFringeQuality:1]]
[2022.02.21-01.31.03:179][  0]LogConfig: Setting CVar [[r.EyeAdaptationQuality:2]]
[2022.02.21-01.31.03:179][  0]LogConfig: Setting CVar [[r.BloomQuality:5]]
[2022.02.21-01.31.03:179][  0]LogConfig: Setting CVar [[r.FastBlurThreshold:100]]
[2022.02.21-01.31.03:179][  0]LogConfig: Setting CVar [[r.Upscale.Quality:3]]
[2022.02.21-01.31.03:179][  0]LogConfig: Setting CVar [[r.Tonemapper.GrainQuantization:1]]
[2022.02.21-01.31.03:179][  0]LogConfig: Setting CVar [[r.LightShaftQuality:1]]
[2022.02.21-01.31.03:179][  0]LogConfig: Setting CVar [[r.Filter.SizeScale:1]]
[2022.02.21-01.31.03:179][  0]LogConfig: Setting CVar [[r.Tonemapper.Quality:5]]
[2022.02.21-01.31.03:179][  0]LogConfig: Setting CVar [[r.DOF.Gather.AccumulatorQuality:1        ; higher gathering accumulator quality]]
[2022.02.21-01.31.03:179][  0]LogConfig: Setting CVar [[r.DOF.Gather.PostfilterMethod:1          ; Median3x3 postfilering method]]
[2022.02.21-01.31.03:179][  0]LogConfig: Setting CVar [[r.DOF.Gather.EnableBokehSettings:0       ; no bokeh simulation when gathering]]
[2022.02.21-01.31.03:179][  0]LogConfig: Setting CVar [[r.DOF.Gather.RingCount:4                 ; medium number of samples when gathering]]
[2022.02.21-01.31.03:179][  0]LogConfig: Setting CVar [[r.DOF.Scatter.ForegroundCompositing:1    ; additive foreground scattering]]
[2022.02.21-01.31.03:179][  0]LogConfig: Setting CVar [[r.DOF.Scatter.BackgroundCompositing:2    ; additive background scattering]]
[2022.02.21-01.31.03:179][  0]LogConfig: Setting CVar [[r.DOF.Scatter.EnableBokehSettings:1      ; bokeh simulation when scattering]]
[2022.02.21-01.31.03:179][  0]LogConfig: Setting CVar [[r.DOF.Scatter.MaxSpriteRatio:0.1         ; only a maximum of 10% of scattered bokeh]]
[2022.02.21-01.31.03:179][  0]LogConfig: Setting CVar [[r.DOF.Recombine.Quality:1                ; cheap slight out of focus]]
[2022.02.21-01.31.03:179][  0]LogConfig: Setting CVar [[r.DOF.Recombine.EnableBokehSettings:0    ; no bokeh simulation on slight out of focus]]
[2022.02.21-01.31.03:179][  0]LogConfig: Setting CVar [[r.DOF.TemporalAAQuality:1                ; more stable temporal accumulation]]
[2022.02.21-01.31.03:179][  0]LogConfig: Setting CVar [[r.DOF.Kernel.MaxForegroundRadius:0.025]]
[2022.02.21-01.31.03:179][  0]LogConfig: Setting CVar [[r.DOF.Kernel.MaxBackgroundRadius:0.025]]
[2022.02.21-01.31.03:179][  0]LogConfig: Applying CVar settings from Section [TextureQuality@3] File [G:/School/Drexel/2022 _ Winter/Arch Level Design/BioshockZoo/Bioshock_LevelDesign/BioshockZooProject/Saved/Config/Windows/Scalability.ini]
[2022.02.21-01.31.03:179][  0]LogConfig: Setting CVar [[r.Streaming.MipBias:0]]
[2022.02.21-01.31.03:179][  0]LogConfig: Setting CVar [[r.Streaming.AmortizeCPUToGPUCopy:0]]
[2022.02.21-01.31.03:179][  0]LogConfig: Setting CVar [[r.Streaming.MaxNumTexturesToStreamPerFrame:0]]
[2022.02.21-01.31.03:179][  0]LogConfig: Setting CVar [[r.Streaming.Boost:1]]
[2022.02.21-01.31.03:179][  0]LogConfig: Setting CVar [[r.MaxAnisotropy:8]]
[2022.02.21-01.31.03:179][  0]LogConfig: Setting CVar [[r.VT.MaxAnisotropy:8]]
[2022.02.21-01.31.03:179][  0]LogConfig: Setting CVar [[r.Streaming.LimitPoolSizeToVRAM:0]]
[2022.02.21-01.31.03:179][  0]LogConfig: Setting CVar [[r.Streaming.PoolSize:1000]]
[2022.02.21-01.31.03:179][  0]LogConfig: Setting CVar [[r.Streaming.MaxEffectiveScreenSize:0]]
[2022.02.21-01.31.03:179][  0]LogConfig: Applying CVar settings from Section [EffectsQuality@3] File [G:/School/Drexel/2022 _ Winter/Arch Level Design/BioshockZoo/Bioshock_LevelDesign/BioshockZooProject/Saved/Config/Windows/Scalability.ini]
[2022.02.21-01.31.03:179][  0]LogConfig: Setting CVar [[r.TranslucencyLightingVolumeDim:64]]
[2022.02.21-01.31.03:179][  0]LogConfig: Setting CVar [[r.RefractionQuality:2]]
[2022.02.21-01.31.03:179][  0]LogConfig: Setting CVar [[r.SSR.Quality:3]]
[2022.02.21-01.31.03:179][  0]LogConfig: Setting CVar [[r.SSR.HalfResSceneColor:0]]
[2022.02.21-01.31.03:179][  0]LogConfig: Setting CVar [[r.SceneColorFormat:4]]
[2022.02.21-01.31.03:179][  0]LogConfig: Setting CVar [[r.DetailMode:2]]
[2022.02.21-01.31.03:179][  0]LogConfig: Setting CVar [[r.TranslucencyVolumeBlur:1]]
[2022.02.21-01.31.03:179][  0]LogConfig: Setting CVar [[r.MaterialQualityLevel:1 ; High quality]]
[2022.02.21-01.31.03:179][  0]LogConfig: Setting CVar [[r.AnisotropicMaterials:1]]
[2022.02.21-01.31.03:179][  0]LogConfig: Setting CVar [[r.SSS.Scale:1]]
[2022.02.21-01.31.03:179][  0]LogConfig: Setting CVar [[r.SSS.SampleSet:2]]
[2022.02.21-01.31.03:179][  0]LogConfig: Setting CVar [[r.SSS.Quality:1]]
[2022.02.21-01.31.03:179][  0]LogConfig: Setting CVar [[r.SSS.HalfRes:0]]
[2022.02.21-01.31.03:179][  0]LogConfig: Setting CVar [[r.SSGI.Quality:3]]
[2022.02.21-01.31.03:179][  0]LogConfig: Setting CVar [[r.EmitterSpawnRateScale:1.0]]
[2022.02.21-01.31.03:179][  0]LogConfig: Setting CVar [[r.ParticleLightQuality:2]]
[2022.02.21-01.31.03:179][  0]LogConfig: Setting CVar [[r.SkyAtmosphere.AerialPerspectiveLUT.FastApplyOnOpaque:1 ; Always have FastSkyLUT 1 in this case to avoid wrong sky]]
[2022.02.21-01.31.03:179][  0]LogConfig: Setting CVar [[r.SkyAtmosphere.AerialPerspectiveLUT.SampleCountMaxPerSlice:4]]
[2022.02.21-01.31.03:179][  0]LogConfig: Setting CVar [[r.SkyAtmosphere.AerialPerspectiveLUT.DepthResolution:16.0]]
[2022.02.21-01.31.03:179][  0]LogConfig: Setting CVar [[r.SkyAtmosphere.FastSkyLUT:1]]
[2022.02.21-01.31.03:179][  0]LogConfig: Setting CVar [[r.SkyAtmosphere.FastSkyLUT.SampleCountMin:4.0]]
[2022.02.21-01.31.03:179][  0]LogConfig: Setting CVar [[r.SkyAtmosphere.FastSkyLUT.SampleCountMax:128.0]]
[2022.02.21-01.31.03:179][  0]LogConfig: Setting CVar [[r.SkyAtmosphere.SampleCountMin:4.0]]
[2022.02.21-01.31.03:179][  0]LogConfig: Setting CVar [[r.SkyAtmosphere.SampleCountMax:128.0]]
[2022.02.21-01.31.03:179][  0]LogConfig: Setting CVar [[r.SkyAtmosphere.TransmittanceLUT.UseSmallFormat:0]]
[2022.02.21-01.31.03:179][  0]LogConfig: Setting CVar [[r.SkyAtmosphere.TransmittanceLUT.SampleCount:10.0]]
[2022.02.21-01.31.03:179][  0]LogConfig: Setting CVar [[r.SkyAtmosphere.MultiScatteringLUT.SampleCount:15.0]]
[2022.02.21-01.31.03:179][  0]LogConfig: Setting CVar [[r.SkyLight.RealTimeReflectionCapture:1]]
[2022.02.21-01.31.03:179][  0]LogConfig: Applying CVar settings from Section [FoliageQuality@3] File [G:/School/Drexel/2022 _ Winter/Arch Level Design/BioshockZoo/Bioshock_LevelDesign/BioshockZooProject/Saved/Config/Windows/Scalability.ini]
[2022.02.21-01.31.03:179][  0]LogConfig: Setting CVar [[foliage.DensityScale:1.0]]
[2022.02.21-01.31.03:179][  0]LogConfig: Setting CVar [[grass.DensityScale:1.0]]
[2022.02.21-01.31.03:179][  0]LogConfig: Applying CVar settings from Section [ShadingQuality@3] File [G:/School/Drexel/2022 _ Winter/Arch Level Design/BioshockZoo/Bioshock_LevelDesign/BioshockZooProject/Saved/Config/Windows/Scalability.ini]
[2022.02.21-01.31.03:179][  0]LogConfig: Setting CVar [[r.HairStrands.SkyLighting.IntegrationType:2]]
[2022.02.21-01.31.03:179][  0]LogConfig: Setting CVar [[r.HairStrands.SkyAO.SampleCount:4]]
[2022.02.21-01.31.03:179][  0]LogConfig: Setting CVar [[r.HairStrands.Visibility.MSAA.SamplePerPixel:4]]
[2022.02.21-01.31.03:179][  0]LogConfig: Applying CVar settings from Section [Startup] File [../../../Engine/Config/ConsoleVariables.ini]
[2022.02.21-01.31.03:180][  0]LogConfig: Setting CVar [[net.UseAdaptiveNetUpdateFrequency:0]]
[2022.02.21-01.31.03:180][  0]LogConfig: Setting CVar [[p.chaos.AllowCreatePhysxBodies:1]]
[2022.02.21-01.31.03:180][  0]LogConfig: Setting CVar [[fx.SkipVectorVMBackendOptimizations:1]]
[2022.02.21-01.31.03:180][  0]LogConfig: Applying CVar settings from Section [ConsoleVariables] File [G:/School/Drexel/2022 _ Winter/Arch Level Design/BioshockZoo/Bioshock_LevelDesign/BioshockZooProject/Saved/Config/Windows/Engine.ini]
[2022.02.21-01.31.03:180][  0]LogConfig: Applying CVar settings from Section [ConsoleVariables] File [G:/School/Drexel/2022 _ Winter/Arch Level Design/BioshockZoo/Bioshock_LevelDesign/BioshockZooProject/Saved/Config/Windows/Editor.ini]
[2022.02.21-01.31.03:180][  0]LogInit: Computer: DESKTOP-9K0UD1K
[2022.02.21-01.31.03:180][  0]LogInit: User: WorkEducation
[2022.02.21-01.31.03:180][  0]LogInit: CPU Page size=4096, Cores=4
[2022.02.21-01.31.03:180][  0]LogInit: High frequency timer resolution =10.000000 MHz
[2022.02.21-01.31.03:180][  0]LogMemory: Memory total: Physical=15.9GB (16GB approx)
[2022.02.21-01.31.03:180][  0]LogMemory: Platform Memory Stats for Windows
[2022.02.21-01.31.03:180][  0]LogMemory: Process Physical Memory: 142.60 MB used, 142.60 MB peak
[2022.02.21-01.31.03:180][  0]LogMemory: Process Virtual Memory: 127.54 MB used, 127.54 MB peak
[2022.02.21-01.31.03:180][  0]LogMemory: Physical Memory: 9928.17 MB used,  6394.82 MB free, 16323.00 MB total
[2022.02.21-01.31.03:180][  0]LogMemory: Virtual Memory: 134210832.00 MB used,  6894.85 MB free, 134217728.00 MB total
[2022.02.21-01.31.03:184][  0]LogWindows: WindowsPlatformFeatures enabled
[2022.02.21-01.31.03:224][  0]LogInit: Physics initialised using underlying interface: PhysX
[2022.02.21-01.31.03:224][  0]LogInit: Using OS detected language (en-US).
[2022.02.21-01.31.03:224][  0]LogInit: Using OS detected locale (en-US).
[2022.02.21-01.31.03:226][  0]LogTextLocalizationManager: No specific localization for 'en-US' exists, so the 'en' localization will be used.
[2022.02.21-01.31.03:475][  0]LogInit: Setting process to per monitor DPI aware
[2022.02.21-01.31.03:493][  0]LogWindowsTextInputMethodSystem: Display: IME system deactivated.
[2022.02.21-01.31.03:514][  0]LogSlate: New Slate User Created.  User Index 0, Is Virtual User: 0
[2022.02.21-01.31.03:514][  0]LogSlate: Slate User Registered.  User Index 0, Is Virtual User: 0
[2022.02.21-01.31.14:873][  0]LogD3D11RHI: Loaded GFSDK_Aftermath_Lib.x64.dll
[2022.02.21-01.31.14:951][  0]LogHMD: Failed to initialize OpenVR with code 110
[2022.02.21-01.31.14:952][  0]LogD3D11RHI: D3D11 min allowed feature level: 11_0
[2022.02.21-01.31.14:952][  0]LogD3D11RHI: D3D11 max allowed feature level: 11_0
[2022.02.21-01.31.14:952][  0]LogD3D11RHI: D3D11 adapters:
[2022.02.21-01.31.15:124][  0]LogD3D11RHI:    0. 'NVIDIA GeForce GTX 1070' (Feature Level 11_0)
[2022.02.21-01.31.15:124][  0]LogD3D11RHI:       8088/0/8161 MB DedicatedVideo/DedicatedSystem/SharedSystem, Outputs:2, VendorId:0x10de
[2022.02.21-01.31.15:126][  0]LogD3D11RHI:    1. 'Microsoft Basic Render Driver' (Feature Level 11_0)
[2022.02.21-01.31.15:126][  0]LogD3D11RHI:       0/0/8161 MB DedicatedVideo/DedicatedSystem/SharedSystem, Outputs:0, VendorId:0x1414
[2022.02.21-01.31.15:126][  0]LogD3D11RHI: Chosen D3D11 Adapter:
[2022.02.21-01.31.15:126][  0]LogD3D11RHI:     Description : NVIDIA GeForce GTX 1070
[2022.02.21-01.31.15:126][  0]LogD3D11RHI:     VendorId    : 10de
[2022.02.21-01.31.15:126][  0]LogD3D11RHI:     DeviceId    : 1b81
[2022.02.21-01.31.15:126][  0]LogD3D11RHI:     SubSysId    : 85a01043
[2022.02.21-01.31.15:126][  0]LogD3D11RHI:     Revision    : 00a1
[2022.02.21-01.31.15:126][  0]LogD3D11RHI:     DedicatedVideoMemory : 8480882688 bytes
[2022.02.21-01.31.15:126][  0]LogD3D11RHI:     DedicatedSystemMemory : 0 bytes
[2022.02.21-01.31.15:126][  0]LogD3D11RHI:     SharedSystemMemory : 8557950976 bytes
[2022.02.21-01.31.15:126][  0]LogD3D11RHI:     AdapterLuid : 0 54117
[2022.02.21-01.31.15:136][  0]LogD3D11RHI: Creating new Direct3DDevice
[2022.02.21-01.31.15:136][  0]LogD3D11RHI:     GPU DeviceId: 0x1b81 (for the marketing name, search the web for "GPU Device Id")
[2022.02.21-01.31.15:136][  0]LogWindows: EnumDisplayDevices:
[2022.02.21-01.31.15:136][  0]LogWindows:    0. 'NVIDIA GeForce GTX 1070' (P:0 D:1)
[2022.02.21-01.31.15:136][  0]LogWindows:    1. 'NVIDIA GeForce GTX 1070' (P:1 D:1)
[2022.02.21-01.31.15:137][  0]LogWindows:    2. 'NVIDIA GeForce GTX 1070' (P:0 D:0)
[2022.02.21-01.31.15:137][  0]LogWindows:    3. 'NVIDIA GeForce GTX 1070' (P:0 D:0)
[2022.02.21-01.31.15:137][  0]LogWindows: DebugString: FoundDriverCount:4 
[2022.02.21-01.31.15:137][  0]LogD3D11RHI:     Adapter Name: NVIDIA GeForce GTX 1070
[2022.02.21-01.31.15:137][  0]LogD3D11RHI:   Driver Version: 511.79 (internal:30.0.15.1179, unified:511.79)
[2022.02.21-01.31.15:137][  0]LogD3D11RHI:      Driver Date: 2-10-2022
[2022.02.21-01.31.15:137][  0]LogRHI: Texture pool is 5661 MB (70% of 8088 MB)
[2022.02.21-01.31.15:137][  0]LogD3D11RHI: Creating D3DDevice using adapter:
[2022.02.21-01.31.15:137][  0]LogD3D11RHI:     Description : NVIDIA GeForce GTX 1070
[2022.02.21-01.31.15:137][  0]LogD3D11RHI:     VendorId    : 10de
[2022.02.21-01.31.15:137][  0]LogD3D11RHI:     DeviceId    : 1b81
[2022.02.21-01.31.15:137][  0]LogD3D11RHI:     SubSysId    : 85a01043
[2022.02.21-01.31.15:137][  0]LogD3D11RHI:     Revision    : 00a1
[2022.02.21-01.31.15:137][  0]LogD3D11RHI:     DedicatedVideoMemory : 8480882688 bytes
[2022.02.21-01.31.15:137][  0]LogD3D11RHI:     DedicatedSystemMemory : 0 bytes
[2022.02.21-01.31.15:137][  0]LogD3D11RHI:     SharedSystemMemory : 8557950976 bytes
[2022.02.21-01.31.15:137][  0]LogD3D11RHI:     AdapterLuid : 0 54117
[2022.02.21-01.31.15:264][  0]LogD3D11RHI: RHI has support for 64 bit atomics
[2022.02.21-01.31.15:264][  0]LogD3D11RHI: Async texture creation enabled
[2022.02.21-01.31.15:264][  0]LogD3D11RHI: Array index from any shader is supported
[2022.02.21-01.31.15:626][  0]LogD3D11RHI: GPU Timing Frequency: 1000.000000 (Debug: 2 1)
[2022.02.21-01.31.15:747][  0]LogRHI: GeForceNow SDK initialized: 1
[2022.02.21-01.31.16:238][  0]LogTargetPlatformManager: Display: Loaded TargetPlatform 'AllDesktop'
[2022.02.21-01.31.16:285][  0]LogTargetPlatformManager: Display: Loaded TargetPlatform 'Android'
[2022.02.21-01.31.16:285][  0]LogTargetPlatformManager: Display: Loaded TargetPlatform 'Android_ASTC'
[2022.02.21-01.31.16:285][  0]LogTargetPlatformManager: Display: Loaded TargetPlatform 'Android_DXT'
[2022.02.21-01.31.16:285][  0]LogTargetPlatformManager: Display: Loaded TargetPlatform 'Android_ETC2'
[2022.02.21-01.31.16:285][  0]LogTargetPlatformManager: Display: Loaded TargetPlatform 'AndroidClient'
[2022.02.21-01.31.16:285][  0]LogTargetPlatformManager: Display: Loaded TargetPlatform 'Android_ASTCClient'
[2022.02.21-01.31.16:285][  0]LogTargetPlatformManager: Display: Loaded TargetPlatform 'Android_DXTClient'
[2022.02.21-01.31.16:285][  0]LogTargetPlatformManager: Display: Loaded TargetPlatform 'Android_ETC2Client'
[2022.02.21-01.31.16:285][  0]LogTargetPlatformManager: Display: Loaded TargetPlatform 'Android_Multi'
[2022.02.21-01.31.16:285][  0]LogTargetPlatformManager: Display: Loaded TargetPlatform 'Android_MultiClient'
[2022.02.21-01.31.16:359][  0]LogTargetPlatformManager: Display: Loaded TargetPlatform 'IOSClient'
[2022.02.21-01.31.16:359][  0]LogTargetPlatformManager: Display: Loaded TargetPlatform 'IOS'
[2022.02.21-01.31.16:408][  0]LogTargetPlatformManager: Display: Loaded TargetPlatform 'Linux'
[2022.02.21-01.31.16:448][  0]LogTargetPlatformManager: Display: Loaded TargetPlatform 'LinuxNoEditor'
[2022.02.21-01.31.16:460][  0]LogTargetPlatformManager: Display: Loaded TargetPlatform 'LinuxClient'
[2022.02.21-01.31.16:473][  0]LogTargetPlatformManager: Display: Loaded TargetPlatform 'LinuxServer'
[2022.02.21-01.31.16:496][  0]LogTargetPlatformManager: Display: Loaded TargetPlatform 'LinuxAArch64NoEditor'
[2022.02.21-01.31.16:509][  0]LogTargetPlatformManager: Display: Loaded TargetPlatform 'LinuxAArch64Client'
[2022.02.21-01.31.16:520][  0]LogTargetPlatformManager: Display: Loaded TargetPlatform 'LinuxAArch64Server'
[2022.02.21-01.31.16:556][  0]LogTargetPlatformManager: Display: Loaded TargetPlatform 'Lumin'
[2022.02.21-01.31.16:556][  0]LogTargetPlatformManager: Display: Loaded TargetPlatform 'LuminClient'
[2022.02.21-01.31.16:581][  0]LogTargetPlatformManager: Display: Loaded TargetPlatform 'MacNoEditor'
[2022.02.21-01.31.16:597][  0]LogTargetPlatformManager: Display: Loaded TargetPlatform 'Mac'
[2022.02.21-01.31.16:610][  0]LogTargetPlatformManager: Display: Loaded TargetPlatform 'MacClient'
[2022.02.21-01.31.16:620][  0]LogTargetPlatformManager: Display: Loaded TargetPlatform 'MacServer'
[2022.02.21-01.31.16:662][  0]LogTargetPlatformManager: Display: Loaded TargetPlatform 'TVOSClient'
[2022.02.21-01.31.16:662][  0]LogTargetPlatformManager: Display: Loaded TargetPlatform 'TVOS'
[2022.02.21-01.31.16:670][  0]LogTargetPlatformManager: Display: Loaded TargetPlatform 'WindowsNoEditor'
[2022.02.21-01.31.16:684][  0]LogTargetPlatformManager: Display: Loaded TargetPlatform 'Windows'
[2022.02.21-01.31.16:711][  0]LogTargetPlatformManager: Display: Loaded TargetPlatform 'WindowsClient'
[2022.02.21-01.31.16:743][  0]LogTargetPlatformManager: Display: Loaded TargetPlatform 'WindowsServer'
[2022.02.21-01.31.16:743][  0]LogTargetPlatformManager: Display: Building Assets For Windows
[2022.02.21-01.31.16:774][  0]LogAudioDebug: Display: Lib vorbis DLL was dynamically loaded.
[2022.02.21-01.31.17:044][  0]LogTextureFormatOodle: Display: Oodle Texture 2.9.0 init RDO Off
[2022.02.21-01.31.17:567][  0]LogRendererCore: Ray tracing is disabled. Reason: r.RayTracing=0.
[2022.02.21-01.31.17:611][  0]LogShaderCompilers: Guid format shader working directory is -44 characters bigger than the processId version (G:/School/Drexel/2022 _ Winter/Arch Level Design/BioshockZoo/Bioshock_LevelDesign/BioshockZooProject/Intermediate/Shaders/WorkingDirectory/21968/).
[2022.02.21-01.31.17:611][  0]LogShaderCompilers: Cleaned the shader compiler working directory 'C:/Users/Work & Education/AppData/Local/Temp/UnrealShaderWorkingDir/F353F90D4E2988088962DC9E5FDF2D5A/'.
[2022.02.21-01.31.17:612][  0]LogXGEController: Cannot use XGE Controller as Incredibuild is not installed on this machine.
[2022.02.21-01.31.17:612][  0]LogShaderCompilers: Cannot use XGE Shader Compiler as Incredibuild is not installed on this machine.
[2022.02.21-01.31.17:612][  0]LogShaderCompilers: Display: Using Local Shader Compiler.
[2022.02.21-01.31.25:149][  0]LogDerivedDataCache: Display: Max Cache Size: 512 MB
[2022.02.21-01.31.25:386][  0]LogDerivedDataCache: Loaded boot cache 0.23s 94MB C:/Users/Work & Education/AppData/Local/UnrealEngine/4.27/DerivedDataCache/Boot.ddc.
[2022.02.21-01.31.25:386][  0]LogDerivedDataCache: Display: Loaded Boot cache: C:/Users/Work & Education/AppData/Local/UnrealEngine/4.27/DerivedDataCache/Boot.ddc
[2022.02.21-01.31.25:386][  0]LogDerivedDataCache: FDerivedDataBackendGraph:  Pak pak cache file G:/School/Drexel/2022 _ Winter/Arch Level Design/BioshockZoo/Bioshock_LevelDesign/BioshockZooProject/DerivedDataCache/DDC.ddp not found, will not use a pak cache.
[2022.02.21-01.31.25:386][  0]LogDerivedDataCache: Unable to find inner node Pak for hierarchical cache Hierarchy.
[2022.02.21-01.31.25:386][  0]LogDerivedDataCache: FDerivedDataBackendGraph:  CompressedPak pak cache file G:/School/Drexel/2022 _ Winter/Arch Level Design/BioshockZoo/Bioshock_LevelDesign/BioshockZooProject/DerivedDataCache/Compressed.ddp not found, will not use a pak cache.
[2022.02.21-01.31.25:386][  0]LogDerivedDataCache: Unable to find inner node CompressedPak for hierarchical cache Hierarchy.
[2022.02.21-01.31.25:436][  0]LogDerivedDataCache: Display: Pak cache opened for reading ../../../Engine/DerivedDataCache/Compressed.ddp.
[2022.02.21-01.31.25:436][  0]LogDerivedDataCache: FDerivedDataBackendGraph:  EnterprisePak pak cache file ../../../Enterprise/DerivedDataCache/Compressed.ddp not found, will not use a pak cache.
[2022.02.21-01.31.25:436][  0]LogDerivedDataCache: Unable to find inner node EnterprisePak for hierarchical cache Hierarchy.
[2022.02.21-01.31.25:469][  0]LogDerivedDataCache: Speed tests for C:/Users/Work & Education/AppData/Local/UnrealEngine/Common/DerivedDataCache took 0.02 seconds
[2022.02.21-01.31.25:469][  0]LogDerivedDataCache: Display: Performance to C:/Users/Work & Education/AppData/Local/UnrealEngine/Common/DerivedDataCache: Latency=0.35ms. RandomReadSpeed=143.15MBs, RandomWriteSpeed=105.85MBs. Assigned SpeedClass 'Local'
[2022.02.21-01.31.25:469][  0]LogDerivedDataCache: Using Local data cache path C:/Users/Work & Education/AppData/Local/UnrealEngine/Common/DerivedDataCache: Writable
[2022.02.21-01.31.25:469][  0]LogDerivedDataCache: Shared data cache path not found in *engine.ini, will not use an Shared cache.
[2022.02.21-01.31.25:469][  0]LogDerivedDataCache: Unable to find inner node Shared for hierarchical cache Hierarchy.
[2022.02.21-01.31.25:543][  0]LogSlate: Using FreeType 2.10.0
[2022.02.21-01.31.25:619][  0]LogSlate: SlateFontServices - WITH_FREETYPE: 1, WITH_HARFBUZZ: 1
[2022.02.21-01.31.27:367][  0]LogAssetRegistry: FAssetRegistry took 0.0042 seconds to start up
[2022.02.21-01.31.30:950][  0]LogInit: Selected Device Profile: [Windows]
[2022.02.21-01.31.30:950][  0]LogInit: Active device profile: [0000027343315300][0000027341B0A500 49] Windows
[2022.02.21-01.31.30:950][  0]LogInit: Profiles: [0000027343315300][0000027341B0A500 49] Windows, [000002734330B300][0000027341B127C0 49] WindowsNoEditor, [0000027343316400][000002733FEFAA80 49] WindowsServer, [0000027343309E00][000002733FEFED40 49] WindowsClient, [0000027343317400][000002733FF03000 49] IOS, [0000027343309000][0000027341B0F280 49] iPadAir, [0000027343315000][000002733FF07500 49] iPadAir2, [00000273432B6200][0000027343C39A40 49] IPadPro, [00000273432B6300][000002733FF0FA80 49] iPadAir3, [000002734330AE00][0000027343C301C0 49] iPadAir4, [00000273432B7200][000002733FF12480 49] iPadMini2, [000002734330B400][0000027343C34740 49] iPadMini3, [00000273432B7F00][0000027343C3CA00 49] iPadMini4, [000002734330A600][0000027343C40CC0 49] iPadMini5, [00000273432EDB00][0000027343C55200 49] iPhone6, [00000273432EDC00][0000027343C45240 49] iPodTouch6, [0000027343317000][0000027343C59700 49] iPhone7, [0000027343317100][000002733FF0B740 49] iPodTouch7, [00000273432B5B00][0000027343C51A00 49] iPhone5S, [0000027343317C00][0000027343C48140 49] iPhone6Plus, [00000273432B5600][0000027343C5C400 49] iPhone6S, [0000027343314300][0000027343C606C0 49] iPhone6SPlus, [00000273432B4B00][0000027343C64980 49] iPhone7Plus, [0000027343317B00][0000027343C68C40 49] iPhoneSE, [00000273432B4400][0000027343C6CF00 49] iPhone8, [0000027343314E00][0000027343C711C0 49] iPhone8Plus, [00000273432B4800][0000027343C75480 49] iPhoneX, [0000027343314700][0000027343C4D700 49] iPhoneXS, [0000027343314200][0000027343C79980 49] iPhoneXSMax, [00000273432EC700][0000027343C800C0 49] iPhoneXR, [0000027343315500][0000027343C84380 49] iPhone11, [00000273432ECC00][0000027343C88640 49] iPhone11Pro, [0000027343315D00][0000027343C8C900 49] iPhone11ProMax, [00000273432ECF00][0000027343C90BC0 49] iPhoneSE2, [0000027343315A00][0000027343C94E80 49] iPhone12Mini, [00000273432EC900][0000027343C99140 49] iPhone12, [00000273432B4700][0000027343C9D400 49] iPhone12Pro, [00000273432ED600][0000027343CA16C0 49] iPhone12ProMax, [00000273432B4300][0000027343C7D940 49] iPadPro105, [00000273432EC100][0000027343CA5BC0 49] iPadPro129, [00000273432B7100][0000027343CAC300 49] iPadPro97, [00000273432EDA00][0000027343CB05C0 49] iPadPro2_129, [00000273432B5100][0000027343CB4880 49] iPad5, [00000273432EDF00][0000027343CB8B40 49] iPad6, [00000273432B6800][0000027343CBCE00 49] iPad7, [00000273432EFC00][0000027343CC10C0 49] iPad8, [00000273432B5700][0000027343CC5380 49] iPadPro11, [00000273432EE300][0000027343CC9640 49] iPadPro2_11, [00000273432B6A00][0000027343CCD900 49] iPadPro3_129, [00000273432EDD00][0000027343CA9B80 49] iPadPro4_129, [00000273432B5300][0000027343CD42C0 49] AppleTV, [00000273432EE500][0000027343CD8580 49] AppleTV4K, [00000273432B7C00][0000027343CDC840 49] TVOS, [00000273432EC500][0000027343CE0B00 49] Mac, [00000273432B6100][0000027343CE4DC0 49] MacClient, [00000273432EE800][0000027343CE9080 49] MacNoEditor, [00000273432B6400][0000027343CED340 49] MacServer, [00000273432EF400][0000027343CF1600 49] Linux, [00000273432B7600][0000027343CF58C0 49] LinuxAArch64, [00000273432EEA00][0000027343CD1B40 49] LinuxNoEditor, [00000273432B7500][0000027343CF8240 49] LinuxAArch64NoEditor, [00000273432EF300][0000027343D00500 49] LinuxClient, [00000273432B4D00][0000027343D047C0 49] LinuxAArch64Client, [00000273432EFE00][0000027343D08A80 49] LinuxServer, [00000273432B4A00][0000027343D0CD40 49] LinuxAArch64Server, [00000273432EEC00][0000027343D11000 49] Android, [00000273432B7400][0000027343D152C0 49] Android_Low, [00000273432EF100][0000027343D19580 49] Android_Mid, [00000273432B5D00][0000027343D1D840 49] Android_High, [00000273432ED500][0000027343D21B00 49] Android_Default, [00000273432B6700][0000027343CFC200 49] Android_Adreno4xx, [00000273432EF800][0000027343D24480 49] Android_Adreno5xx_Low, [00000273432B5800][0000027343D2C740 49] Android_Adreno5xx, [00000273432EFF00][0000027343D30A00 49] Android_Adreno6xx, [00000273432B6900][0000027343D34CC0 49] Android_Adreno6xx_Vulkan, [00000273432ED700][0000027343D38F80 49] Android_Mali_T6xx, [00000273432B4E00][0000027343D3D240 49] Android_Mali_T7xx, [00000273432ED000][0000027343D41500 49] Android_Mali_T8xx, [00000273432B6C00][0000027343D457C0 49] Android_Mali_G71, [00000273432EE700][0000027343D49A80 49] Android_Mali_G72, [00000273432B4500][0000027343D4C1C0 49] Android_Mali_G72_Vulkan, [00000273432ED200][0000027343D28440 49] Android_Mali_G76, [00000273432B6600][0000027343D506C0 49] Android_Mali_G76_Vulkan, [00000273432EEF00][0000027343D58980 49] Android_Mali_G77, [00000273432B4C00][0000027343D5CC40 49] Android_Mali_G77_Vulkan, [00000273432EE900][0000027343D60F00 49] Android_Mali_G78, [00000273432B5200][0000027343D651C0 49] Android_Mali_G78_Vulkan, [0000027343316200][0000027343D69480 49] Android_Mali_G710, [0000027343308A00][0000027343D6D740 49] Android_Mali_G710_Vulkan, [0000027343316800][0000027343D71A00 49] Android_Vulkan_SM5, [0000027343309F00][0000027343D74140 49] Android_PowerVR_G6xxx, [0000027343315700][0000027343D78400 49] Android_PowerVR_GT7xxx, [0000027343308400][0000027343D54680 49] Android_PowerVR_GE8xxx, [0000027343317900][0000027343D7C900 49] Android_PowerVR_GM9xxx, [0000027343309700][0000027343D84BC0 49] Android_PowerVR_GM9xxx_Vulkan, [0000027343314A00][0000027343D88E80 49] Android_TegraK1, [000002734330A500][0000027343D8D140 49] Android_Unknown_Vulkan, [0000027343314B00][0000027343D91400 49] Lumin, [000002734330BB00][0000027343D956C0 49] Lumin_Desktop, [0000027343315900][0000027343D99980 49] HoloLens, 
[2022.02.21-01.31.32:074][  0]LogMeshReduction: Using QuadricMeshReduction for automatic static mesh reduction
[2022.02.21-01.31.32:074][  0]LogMeshReduction: Using SimplygonMeshReduction for automatic skeletal mesh reduction
[2022.02.21-01.31.32:074][  0]LogMeshReduction: Using ProxyLODMeshReduction for automatic mesh merging
[2022.02.21-01.31.32:074][  0]LogMeshReduction: No distributed automatic mesh merging module available
[2022.02.21-01.31.32:074][  0]LogMeshMerging: No distributed automatic mesh merging module available
[2022.02.21-01.31.32:447][  0]LogNetVersion: BioshockZooProject 1.0.0, NetCL: 17155196, EngineNetVer: 17, GameNetVer: 0 (Checksum: 713713585)
[2022.02.21-01.31.58:919][  0]LogTexture: Default maximum texture size for cubemaps generated from long-lat sources has been changed from 512 to unlimited. In order to preserve old behaiour for '/Engine/MapTemplates/Sky/DaylightAmbientCubemap.DaylightAmbientCubemap', its maximum texture size has been explicitly set to 512.
[2022.02.21-01.31.59:401][  0]LogHMD: PokeAHoleMaterial loaded successfully
[2022.02.21-01.31.59:460][  0]LogUObjectArray: 17178 objects as part of root set at end of initial load.
[2022.02.21-01.31.59:460][  0]LogUObjectAllocator: 4302048 out of 0 bytes used by permanent object pool.
[2022.02.21-01.31.59:460][  0]LogUObjectArray: CloseDisregardForGC: 0/0 objects in disregard for GC pool
[2022.02.21-01.32.03:263][  0]LogPython: Using Python 3.7.7
[2022.02.21-01.32.06:788][  0]LogTcpMessaging: Initializing TcpMessaging bridge
[2022.02.21-01.32.06:904][  0]LogUdpMessaging: Initializing bridge on interface 0.0.0.0:0 to multicast group 230.0.0.1:6666.
[2022.02.21-01.32.07:846][  0]LogNiagaraDebuggerClient: Niagara Debugger Client Initialized | Session: 397F1A5B4F960F942CA8639239B6ACEB | Instance: CC9C0DBE4BF3C88923107D98CA25D1DF (DESKTOP-9K0UD1K-21968).
[2022.02.21-01.32.09:041][  0]SourceControl: Source control is disabled
[2022.02.21-01.32.09:041][  0]SourceControl: Source control is disabled
[2022.02.21-01.32.09:152][  0]SourceControl: Source control is disabled
[2022.02.21-01.32.09:174][  0]SourceControl: Source control is disabled
[2022.02.21-01.32.09:230][  0]SourceControl: Source control is disabled
[2022.02.21-01.32.09:264][  0]LogUProjectInfo: Found projects:
[2022.02.21-01.32.11:294][  0]LogOpenImageDenoise: OIDN starting up
[2022.02.21-01.32.11:783][  0]LogAndroidPermission: UAndroidPermissionCallbackProxy::GetInstance
[2022.02.21-01.32.11:871][  0]LogAudioCaptureCore: Display: No Audio Capture implementations found. Audio input will be silent.
[2022.02.21-01.32.11:871][  0]LogAudioCaptureCore: Display: No Audio Capture implementations found. Audio input will be silent.
[2022.02.21-01.32.12:931][  0]LogCollectionManager: Loaded 0 collections in 0.000725 seconds
[2022.02.21-01.32.13:064][  0]LogFileCache: Scanning file cache for directory 'G:/School/Drexel/2022 _ Winter/Arch Level Design/BioshockZoo/Bioshock_LevelDesign/BioshockZooProject/Saved/Collections/' took 0.00s
[2022.02.21-01.32.13:064][  0]LogFileCache: Scanning file cache for directory 'G:/School/Drexel/2022 _ Winter/Arch Level Design/BioshockZoo/Bioshock_LevelDesign/BioshockZooProject/Content/Developers/WorkEducation/Collections/' took 0.00s
[2022.02.21-01.32.13:064][  0]LogFileCache: Scanning file cache for directory 'G:/School/Drexel/2022 _ Winter/Arch Level Design/BioshockZoo/Bioshock_LevelDesign/BioshockZooProject/Content/Collections/' took 0.00s
[2022.02.21-01.32.13:064][  0]LogOcInput: OculusInput pre-init called
[2022.02.21-01.32.15:319][  0]LogEngine: Initializing Engine...
[2022.02.21-01.32.15:429][  0]LogHMD: Failed to enumerate extensions. Please check that you have a valid OpenXR runtime installed.
[2022.02.21-01.32.15:442][  0]LogHMD: Failed to initialize OpenVR with code 110
[2022.02.21-01.32.15:454][  0]LogMagicLeap: Warning: VR disabled because ZI is not enabled.  To enable, in the editor, Edit -> Project Settings -> Plugins -> Magic Leap Plugin -> Enable Zero Iteration
[2022.02.21-01.32.15:512][  0]LogStats: UGameplayTagsManager::InitializeManager -  0.011 s
[2022.02.21-01.32.16:121][  0]LogInit: Initializing FReadOnlyCVARCache
[2022.02.21-01.32.16:329][  0]LogAIModule: Creating AISystem for world Untitled
[2022.02.21-01.32.16:331][  0]LogAudio: Display: Initializing Audio Device Manager...
[2022.02.21-01.32.16:360][  0]LogAudio: Display: Loading Default Audio Settings Objects...
[2022.02.21-01.32.16:379][  0]LogAudio: Display: No default SoundConcurrencyObject specified (or failed to load).
[2022.02.21-01.32.16:392][  0]LogAudio: Display: Audio Device Manager Initialized
[2022.02.21-01.32.16:392][  0]LogAudio: Display: Creating Audio Device:                 Id: 1, Scope: Shared, Realtime: True
[2022.02.21-01.32.16:392][  0]LogAudioMixer: Display: Audio Mixer Platform Settings:
[2022.02.21-01.32.16:392][  0]LogAudioMixer: Display: 	Sample Rate:						  48000
[2022.02.21-01.32.16:392][  0]LogAudioMixer: Display: 	Callback Buffer Frame Size Requested: 1024
[2022.02.21-01.32.16:392][  0]LogAudioMixer: Display: 	Callback Buffer Frame Size To Use:	  1024
[2022.02.21-01.32.16:393][  0]LogAudioMixer: Display: 	Number of buffers to queue:			  2
[2022.02.21-01.32.16:393][  0]LogAudioMixer: Display: 	Max Channels (voices):				  32
[2022.02.21-01.32.16:393][  0]LogAudioMixer: Display: 	Number of Async Source Workers:		  0
[2022.02.21-01.32.16:393][  0]LogAudio: Display: AudioDevice MaxSources: 32
[2022.02.21-01.32.16:393][  0]LogAudio: Display: Audio Spatialization Plugin: None (built-in).
[2022.02.21-01.32.16:393][  0]LogAudio: Display: Audio Reverb Plugin: None (built-in).
[2022.02.21-01.32.16:393][  0]LogAudio: Display: Audio Occlusion Plugin: None (built-in).
[2022.02.21-01.32.16:393][  0]LogAudioMixer: Display: Initializing audio mixer.
[2022.02.21-01.32.16:519][  0]LogAudioMixer: Display: 0: FrontLeft
[2022.02.21-01.32.16:519][  0]LogAudioMixer: Display: 1: FrontRight
[2022.02.21-01.32.16:567][  0]LogAudioMixer: Display: Using Audio Device Headset (2- SteelSeries Arctis 1 Wireless)
[2022.02.21-01.32.16:584][  0]LogAudioMixer: Display: Initializing Sound Submixes...
[2022.02.21-01.32.16:646][  0]LogAudioMixer: Display: Creating Master Submix 'MasterSubmixDefault'
[2022.02.21-01.32.16:647][  0]LogAudioMixer: Display: Creating Master Submix 'MasterReverbSubmixDefault'
[2022.02.21-01.32.16:647][  0]LogAudioMixer: Display: Creating Master Submix 'MasterEQSubmixDefault'
[2022.02.21-01.32.16:648][  0]LogAudioMixer: FMixerPlatformXAudio2::StartAudioStream() called
[2022.02.21-01.32.16:648][  0]LogAudioMixer: Display: Output buffers initialized: Frames=1024, Channels=2, Samples=2048
[2022.02.21-01.32.16:649][  0]LogAudioMixer: Display: Starting AudioMixerPlatformInterface::RunInternal()
[2022.02.21-01.32.16:649][  0]LogAudioMixer: Display: FMixerPlatformXAudio2::SubmitBuffer() called for the first time
[2022.02.21-01.32.16:649][  0]LogInit: FAudioDevice initialized.
[2022.02.21-01.32.16:655][  0]LogAudio: Display: Audio Device (ID: 1) registered with world 'Untitled'.
[2022.02.21-01.32.16:655][  0]LogNetVersion: Set ProjectVersion to 1.0.0.0. Version Checksum will be recalculated on next use.
[2022.02.21-01.32.16:665][  0]LogDerivedDataCache: Error: Could not save memory cache C:/Users/Work & Education/AppData/Local/UnrealEngine/4.27/DerivedDataCache/Boot.ddc.
[2022.02.21-01.32.16:665][  0]LogInit: Texture streaming: Enabled
[2022.02.21-01.32.16:751][  0]LogAnalytics: Display: [UEEditor.Rocket.Release] APIServer = https://datarouter.ol.epicgames.com/. AppVersion = 4.27.2-18319896+++UE4+Release-4.27
[2022.02.21-01.32.16:813][  0]LogEngineSessionManager: EngineSessionManager initialized
[2022.02.21-01.32.17:262][  0]LogInit: Transaction tracking system initialized
[2022.02.21-01.32.17:470][  0]BlueprintLog: New page: Editor Load
[2022.02.21-01.32.18:339][  0]LocalizationService: Localization service is disabled
[2022.02.21-01.32.18:759][  0]TimingProfiler: Initialize
[2022.02.21-01.32.18:768][  0]TimingProfiler: OnSessionChanged
[2022.02.21-01.32.18:768][  0]LoadingProfiler: Initialize
[2022.02.21-01.32.18:769][  0]LoadingProfiler: OnSessionChanged
[2022.02.21-01.32.18:769][  0]NetworkingProfiler: Initialize
[2022.02.21-01.32.18:785][  0]NetworkingProfiler: OnSessionChanged
[2022.02.21-01.32.18:785][  0]MemoryProfiler: Initialize
[2022.02.21-01.32.18:785][  0]MemoryProfiler: OnSessionChanged
[2022.02.21-01.32.20:455][  0]LogFileCache: Scanning file cache for directory 'G:/School/Drexel/2022 _ Winter/Arch Level Design/BioshockZoo/Bioshock_LevelDesign/BioshockZooProject/Content/' took 0.01s
[2022.02.21-01.32.20:455][  0]LogCook: Display: CookSettings for Memory: MemoryMaxUsedVirtual 0MiB, MemoryMaxUsedPhysical 16384MiB, MemoryMinFreeVirtual 0MiB, MemoryMinFreePhysical 1024MiB
[2022.02.21-01.32.20:455][  0]LogCook: Display: Mobile HDR setting 1
[2022.02.21-01.32.23:999][  0]LogInit: Display: Engine is initialized. Leaving FEngineLoop::Init()
[2022.02.21-01.32.24:117][  0]SourceControl: Source control is disabled
[2022.02.21-01.32.24:118][  0]LogUnrealEdMisc: Loading editor; pre map load, took 82.766
[2022.02.21-01.32.24:142][  0]Cmd: MAP LOAD FILE="G:/School/Drexel/2022 _ Winter/Arch Level Design/BioshockZoo/Bioshock_LevelDesign/BioshockZooProject/Content/Maps/ZooLevel.umap" TEMPLATE=0 SHOWPROGRESS=1 FEATURELEVEL=3
[2022.02.21-01.32.24:163][  0]LightingResults: New page: Lighting Build
[2022.02.21-01.32.24:230][  0]LogWorld: UWorld::CleanupWorld for Untitled, bSessionEnded=true, bCleanupResources=true
[2022.02.21-01.32.24:230][  0]LogSlate: InvalidateAllWidgets triggered.  All widgets were invalidated
[2022.02.21-01.32.24:231][  0]MapCheck: New page: Map Check
[2022.02.21-01.32.24:231][  0]LightingResults: New page: Lighting Build
[2022.02.21-01.32.24:268][  0]LogAudio: Display: Audio Device unregistered from world 'None'.
[2022.02.21-01.32.24:271][  0]LogUObjectHash: Compacting FUObjectHashTables data took   1.36ms
[2022.02.21-01.32.26:008][  0]LogAudio: Display: Audio Device (ID: 1) registered with world 'ZooLevel'.
[2022.02.21-01.32.26:009][  0]LogAIModule: Creating AISystem for world ZooLevel
[2022.02.21-01.32.26:143][  0]LogEditorServer: Finished looking for orphan Actors (0.000 secs)
[2022.02.21-01.32.26:176][  0]LogUObjectHash: Compacting FUObjectHashTables data took   1.18ms
[2022.02.21-01.32.26:195][  0]Cmd: MAP CHECKDEP NOCLEARLOG
[2022.02.21-01.32.26:209][  0]MapCheck: Map check complete: 0 Error(s), 0 Warning(s), took 13.538ms to complete.
[2022.02.21-01.32.26:209][  0]LogFileHelpers: Loading map 'ZooLevel' took 2.067
[2022.02.21-01.32.26:218][  0]LogUnrealEdMisc: Total Editor Startup Time, took 84.867
[2022.02.21-01.32.26:610][  0]LogSlate: Updating window title bar state: overlay mode, drag disabled, window buttons hidden, title bar hidden
[2022.02.21-01.32.26:632][  0]LogSlate: Updating window title bar state: overlay mode, drag disabled, window buttons hidden, title bar hidden
[2022.02.21-01.32.26:639][  0]LogSlate: Updating window title bar state: overlay mode, drag disabled, window buttons hidden, title bar hidden
[2022.02.21-01.32.26:646][  0]LogSlate: Updating window title bar state: overlay mode, drag disabled, window buttons hidden, title bar hidden
[2022.02.21-01.32.26:960][  0]LogNativeClassHierarchy: Verbose: Native class hierarchy populated in 0.0695 seconds. Added 3822 classes and 928 folders.
[2022.02.21-01.32.27:038][  0]LogNativeClassHierarchy: Verbose: Native class hierarchy updated for 'WidgetCarousel' in 0.0003 seconds. Added 0 classes and 0 folders.
[2022.02.21-01.32.27:211][  0]LogPakFile: PakFile PrimaryIndexSize=187
[2022.02.21-01.32.27:211][  0]LogPakFile: PakFile PathHashIndexSize=101
[2022.02.21-01.32.27:211][  0]LogPakFile: PakFile FullDirectoryIndexSize=148
[2022.02.21-01.32.27:239][  0]LogShaderLibrary: Display: ShaderCodeLibraryPakFileMountedCallback: PakFile 'D:/Epic Games/UE_4.27/FeaturePacks/FP_FirstPerson.upack' (chunk index -1, root 'root:/') mounted
[2022.02.21-01.32.27:240][  0]LogShaderLibrary: Display: ShaderCodeLibraryPakFileMountedCallback: pending pak file info (ChunkID:-1 Root:root:/ File:D:/Epic Games/UE_4.27/FeaturePacks/FP_FirstPerson.upack)
[2022.02.21-01.32.27:241][  0]LogPakFile: OnPakFileMounted2Time == 0.029381
[2022.02.21-01.32.27:277][  0]LogPakFile: PakFile PrimaryIndexSize=189
[2022.02.21-01.32.27:277][  0]LogPakFile: PakFile PathHashIndexSize=101
[2022.02.21-01.32.27:278][  0]LogPakFile: PakFile FullDirectoryIndexSize=152
[2022.02.21-01.32.27:278][  0]LogShaderLibrary: Display: ShaderCodeLibraryPakFileMountedCallback: PakFile 'D:/Epic Games/UE_4.27/FeaturePacks/FP_FirstPersonBP.upack' (chunk index -1, root 'root:/') mounted
[2022.02.21-01.32.27:278][  0]LogShaderLibrary: Display: ShaderCodeLibraryPakFileMountedCallback: pending pak file info (ChunkID:-1 Root:root:/ File:D:/Epic Games/UE_4.27/FeaturePacks/FP_FirstPersonBP.upack)
[2022.02.21-01.32.27:278][  0]LogPakFile: OnPakFileMounted2Time == 0.000213
[2022.02.21-01.32.27:346][  0]LogPakFile: PakFile PrimaryIndexSize=191
[2022.02.21-01.32.27:346][  0]LogPakFile: PakFile PathHashIndexSize=101
[2022.02.21-01.32.27:346][  0]LogPakFile: PakFile FullDirectoryIndexSize=160
[2022.02.21-01.32.27:346][  0]LogShaderLibrary: Display: ShaderCodeLibraryPakFileMountedCallback: PakFile 'D:/Epic Games/UE_4.27/FeaturePacks/MobileStarterContent.upack' (chunk index -1, root 'root:/') mounted
[2022.02.21-01.32.27:346][  0]LogShaderLibrary: Display: ShaderCodeLibraryPakFileMountedCallback: pending pak file info (ChunkID:-1 Root:root:/ File:D:/Epic Games/UE_4.27/FeaturePacks/MobileStarterContent.upack)
[2022.02.21-01.32.27:346][  0]LogPakFile: OnPakFileMounted2Time == 0.000065
[2022.02.21-01.32.27:372][  0]LogPakFile: PakFile PrimaryIndexSize=185
[2022.02.21-01.32.27:373][  0]LogPakFile: PakFile PathHashIndexSize=101
[2022.02.21-01.32.27:373][  0]LogPakFile: PakFile FullDirectoryIndexSize=148
[2022.02.21-01.32.27:373][  0]LogShaderLibrary: Display: ShaderCodeLibraryPakFileMountedCallback: PakFile 'D:/Epic Games/UE_4.27/FeaturePacks/StarterContent.upack' (chunk index -1, root 'root:/') mounted
[2022.02.21-01.32.27:373][  0]LogShaderLibrary: Display: ShaderCodeLibraryPakFileMountedCallback: pending pak file info (ChunkID:-1 Root:root:/ File:D:/Epic Games/UE_4.27/FeaturePacks/StarterContent.upack)
[2022.02.21-01.32.27:373][  0]LogPakFile: OnPakFileMounted2Time == 0.000164
[2022.02.21-01.32.27:400][  0]LogPakFile: PakFile PrimaryIndexSize=190
[2022.02.21-01.32.27:400][  0]LogPakFile: PakFile PathHashIndexSize=101
[2022.02.21-01.32.27:400][  0]LogPakFile: PakFile FullDirectoryIndexSize=154
[2022.02.21-01.32.27:400][  0]LogShaderLibrary: Display: ShaderCodeLibraryPakFileMountedCallback: PakFile 'D:/Epic Games/UE_4.27/FeaturePacks/TP_2DSideScroller.upack' (chunk index -1, root 'root:/') mounted
[2022.02.21-01.32.27:400][  0]LogShaderLibrary: Display: ShaderCodeLibraryPakFileMountedCallback: pending pak file info (ChunkID:-1 Root:root:/ File:D:/Epic Games/UE_4.27/FeaturePacks/TP_2DSideScroller.upack)
[2022.02.21-01.32.27:400][  0]LogPakFile: OnPakFileMounted2Time == 0.000050
[2022.02.21-01.32.27:421][  0]LogPakFile: PakFile PrimaryIndexSize=192
[2022.02.21-01.32.27:421][  0]LogPakFile: PakFile PathHashIndexSize=101
[2022.02.21-01.32.27:421][  0]LogPakFile: PakFile FullDirectoryIndexSize=158
[2022.02.21-01.32.27:421][  0]LogShaderLibrary: Display: ShaderCodeLibraryPakFileMountedCallback: PakFile 'D:/Epic Games/UE_4.27/FeaturePacks/TP_2DSideScrollerBP.upack' (chunk index -1, root 'root:/') mounted
[2022.02.21-01.32.27:421][  0]LogShaderLibrary: Display: ShaderCodeLibraryPakFileMountedCallback: pending pak file info (ChunkID:-1 Root:root:/ File:D:/Epic Games/UE_4.27/FeaturePacks/TP_2DSideScrollerBP.upack)
[2022.02.21-01.32.27:421][  0]LogPakFile: OnPakFileMounted2Time == 0.000047
[2022.02.21-01.32.27:437][  0]LogPakFile: PakFile PrimaryIndexSize=182
[2022.02.21-01.32.27:437][  0]LogPakFile: PakFile PathHashIndexSize=101
[2022.02.21-01.32.27:437][  0]LogPakFile: PakFile FullDirectoryIndexSize=138
[2022.02.21-01.32.27:437][  0]LogShaderLibrary: Display: ShaderCodeLibraryPakFileMountedCallback: PakFile 'D:/Epic Games/UE_4.27/FeaturePacks/TP_Flying.upack' (chunk index -1, root 'root:/') mounted
[2022.02.21-01.32.27:437][  0]LogShaderLibrary: Display: ShaderCodeLibraryPakFileMountedCallback: pending pak file info (ChunkID:-1 Root:root:/ File:D:/Epic Games/UE_4.27/FeaturePacks/TP_Flying.upack)
[2022.02.21-01.32.27:437][  0]LogPakFile: OnPakFileMounted2Time == 0.000047
[2022.02.21-01.32.27:457][  0]LogPakFile: PakFile PrimaryIndexSize=184
[2022.02.21-01.32.27:457][  0]LogPakFile: PakFile PathHashIndexSize=101
[2022.02.21-01.32.27:457][  0]LogPakFile: PakFile FullDirectoryIndexSize=142
[2022.02.21-01.32.27:457][  0]LogShaderLibrary: Display: ShaderCodeLibraryPakFileMountedCallback: PakFile 'D:/Epic Games/UE_4.27/FeaturePacks/TP_FlyingBP.upack' (chunk index -1, root 'root:/') mounted
[2022.02.21-01.32.27:457][  0]LogShaderLibrary: Display: ShaderCodeLibraryPakFileMountedCallback: pending pak file info (ChunkID:-1 Root:root:/ File:D:/Epic Games/UE_4.27/FeaturePacks/TP_FlyingBP.upack)
[2022.02.21-01.32.27:457][  0]LogPakFile: OnPakFileMounted2Time == 0.000048
[2022.02.21-01.32.27:484][  0]LogPakFile: PakFile PrimaryIndexSize=188
[2022.02.21-01.32.27:484][  0]LogPakFile: PakFile PathHashIndexSize=101
[2022.02.21-01.32.27:484][  0]LogPakFile: PakFile FullDirectoryIndexSize=150
[2022.02.21-01.32.27:484][  0]LogShaderLibrary: Display: ShaderCodeLibraryPakFileMountedCallback: PakFile 'D:/Epic Games/UE_4.27/FeaturePacks/TP_HandheldARBP.upack' (chunk index -1, root 'root:/') mounted
[2022.02.21-01.32.27:484][  0]LogShaderLibrary: Display: ShaderCodeLibraryPakFileMountedCallback: pending pak file info (ChunkID:-1 Root:root:/ File:D:/Epic Games/UE_4.27/FeaturePacks/TP_HandheldARBP.upack)
[2022.02.21-01.32.27:484][  0]LogPakFile: OnPakFileMounted2Time == 0.000042
[2022.02.21-01.32.27:521][  0]LogPakFile: PakFile PrimaryIndexSize=182
[2022.02.21-01.32.27:521][  0]LogPakFile: PakFile PathHashIndexSize=101
[2022.02.21-01.32.27:521][  0]LogPakFile: PakFile FullDirectoryIndexSize=138
[2022.02.21-01.32.27:521][  0]LogShaderLibrary: Display: ShaderCodeLibraryPakFileMountedCallback: PakFile 'D:/Epic Games/UE_4.27/FeaturePacks/TP_Puzzle.upack' (chunk index -1, root 'root:/') mounted
[2022.02.21-01.32.27:521][  0]LogShaderLibrary: Display: ShaderCodeLibraryPakFileMountedCallback: pending pak file info (ChunkID:-1 Root:root:/ File:D:/Epic Games/UE_4.27/FeaturePacks/TP_Puzzle.upack)
[2022.02.21-01.32.27:521][  0]LogPakFile: OnPakFileMounted2Time == 0.000072
[2022.02.21-01.32.27:559][  0]LogPakFile: PakFile PrimaryIndexSize=184
[2022.02.21-01.32.27:559][  0]LogPakFile: PakFile PathHashIndexSize=101
[2022.02.21-01.32.27:559][  0]LogPakFile: PakFile FullDirectoryIndexSize=142
[2022.02.21-01.32.27:559][  0]LogShaderLibrary: Display: ShaderCodeLibraryPakFileMountedCallback: PakFile 'D:/Epic Games/UE_4.27/FeaturePacks/TP_PuzzleBP.upack' (chunk index -1, root 'root:/') mounted
[2022.02.21-01.32.27:559][  0]LogShaderLibrary: Display: ShaderCodeLibraryPakFileMountedCallback: pending pak file info (ChunkID:-1 Root:root:/ File:D:/Epic Games/UE_4.27/FeaturePacks/TP_PuzzleBP.upack)
[2022.02.21-01.32.27:559][  0]LogPakFile: OnPakFileMounted2Time == 0.000048
[2022.02.21-01.32.27:585][  0]LogPakFile: PakFile PrimaryIndexSize=183
[2022.02.21-01.32.27:585][  0]LogPakFile: PakFile PathHashIndexSize=101
[2022.02.21-01.32.27:585][  0]LogPakFile: PakFile FullDirectoryIndexSize=140
[2022.02.21-01.32.27:585][  0]LogShaderLibrary: Display: ShaderCodeLibraryPakFileMountedCallback: PakFile 'D:/Epic Games/UE_4.27/FeaturePacks/TP_Rolling.upack' (chunk index -1, root 'root:/') mounted
[2022.02.21-01.32.27:585][  0]LogShaderLibrary: Display: ShaderCodeLibraryPakFileMountedCallback: pending pak file info (ChunkID:-1 Root:root:/ File:D:/Epic Games/UE_4.27/FeaturePacks/TP_Rolling.upack)
[2022.02.21-01.32.27:585][  0]LogPakFile: OnPakFileMounted2Time == 0.000041
[2022.02.21-01.32.27:603][  0]LogPakFile: PakFile PrimaryIndexSize=185
[2022.02.21-01.32.27:603][  0]LogPakFile: PakFile PathHashIndexSize=101
[2022.02.21-01.32.27:603][  0]LogPakFile: PakFile FullDirectoryIndexSize=144
[2022.02.21-01.32.27:603][  0]LogShaderLibrary: Display: ShaderCodeLibraryPakFileMountedCallback: PakFile 'D:/Epic Games/UE_4.27/FeaturePacks/TP_RollingBP.upack' (chunk index -1, root 'root:/') mounted
[2022.02.21-01.32.27:603][  0]LogShaderLibrary: Display: ShaderCodeLibraryPakFileMountedCallback: pending pak file info (ChunkID:-1 Root:root:/ File:D:/Epic Games/UE_4.27/FeaturePacks/TP_RollingBP.upack)
[2022.02.21-01.32.27:603][  0]LogPakFile: OnPakFileMounted2Time == 0.000043
[2022.02.21-01.32.27:622][  0]LogPakFile: PakFile PrimaryIndexSize=188
[2022.02.21-01.32.27:622][  0]LogPakFile: PakFile PathHashIndexSize=101
[2022.02.21-01.32.27:622][  0]LogPakFile: PakFile FullDirectoryIndexSize=150
[2022.02.21-01.32.27:622][  0]LogShaderLibrary: Display: ShaderCodeLibraryPakFileMountedCallback: PakFile 'D:/Epic Games/UE_4.27/FeaturePacks/TP_SideScroller.upack' (chunk index -1, root 'root:/') mounted
[2022.02.21-01.32.27:622][  0]LogShaderLibrary: Display: ShaderCodeLibraryPakFileMountedCallback: pending pak file info (ChunkID:-1 Root:root:/ File:D:/Epic Games/UE_4.27/FeaturePacks/TP_SideScroller.upack)
[2022.02.21-01.32.27:622][  0]LogPakFile: OnPakFileMounted2Time == 0.000039
[2022.02.21-01.32.27:642][  0]LogPakFile: PakFile PrimaryIndexSize=190
[2022.02.21-01.32.27:642][  0]LogPakFile: PakFile PathHashIndexSize=101
[2022.02.21-01.32.27:642][  0]LogPakFile: PakFile FullDirectoryIndexSize=154
[2022.02.21-01.32.27:642][  0]LogShaderLibrary: Display: ShaderCodeLibraryPakFileMountedCallback: PakFile 'D:/Epic Games/UE_4.27/FeaturePacks/TP_SideScrollerBP.upack' (chunk index -1, root 'root:/') mounted
[2022.02.21-01.32.27:642][  0]LogShaderLibrary: Display: ShaderCodeLibraryPakFileMountedCallback: pending pak file info (ChunkID:-1 Root:root:/ File:D:/Epic Games/UE_4.27/FeaturePacks/TP_SideScrollerBP.upack)
[2022.02.21-01.32.27:642][  0]LogPakFile: OnPakFileMounted2Time == 0.000039
[2022.02.21-01.32.27:658][  0]LogPakFile: PakFile PrimaryIndexSize=187
[2022.02.21-01.32.27:658][  0]LogPakFile: PakFile PathHashIndexSize=101
[2022.02.21-01.32.27:658][  0]LogPakFile: PakFile FullDirectoryIndexSize=148
[2022.02.21-01.32.27:658][  0]LogShaderLibrary: Display: ShaderCodeLibraryPakFileMountedCallback: PakFile 'D:/Epic Games/UE_4.27/FeaturePacks/TP_ThirdPerson.upack' (chunk index -1, root 'root:/') mounted
[2022.02.21-01.32.27:658][  0]LogShaderLibrary: Display: ShaderCodeLibraryPakFileMountedCallback: pending pak file info (ChunkID:-1 Root:root:/ File:D:/Epic Games/UE_4.27/FeaturePacks/TP_ThirdPerson.upack)
[2022.02.21-01.32.27:658][  0]LogPakFile: OnPakFileMounted2Time == 0.000063
[2022.02.21-01.32.27:668][  0]LogPakFile: PakFile PrimaryIndexSize=189
[2022.02.21-01.32.27:668][  0]LogPakFile: PakFile PathHashIndexSize=101
[2022.02.21-01.32.27:668][  0]LogPakFile: PakFile FullDirectoryIndexSize=152
[2022.02.21-01.32.27:668][  0]LogShaderLibrary: Display: ShaderCodeLibraryPakFileMountedCallback: PakFile 'D:/Epic Games/UE_4.27/FeaturePacks/TP_ThirdPersonBP.upack' (chunk index -1, root 'root:/') mounted
[2022.02.21-01.32.27:668][  0]LogShaderLibrary: Display: ShaderCodeLibraryPakFileMountedCallback: pending pak file info (ChunkID:-1 Root:root:/ File:D:/Epic Games/UE_4.27/FeaturePacks/TP_ThirdPersonBP.upack)
[2022.02.21-01.32.27:668][  0]LogPakFile: OnPakFileMounted2Time == 0.000057
[2022.02.21-01.32.27:670][  0]LogPakFile: PakFile PrimaryIndexSize=183
[2022.02.21-01.32.27:670][  0]LogPakFile: PakFile PathHashIndexSize=101
[2022.02.21-01.32.27:670][  0]LogPakFile: PakFile FullDirectoryIndexSize=140
[2022.02.21-01.32.27:670][  0]LogShaderLibrary: Display: ShaderCodeLibraryPakFileMountedCallback: PakFile 'D:/Epic Games/UE_4.27/FeaturePacks/TP_TopDown.upack' (chunk index -1, root 'root:/') mounted
[2022.02.21-01.32.27:670][  0]LogShaderLibrary: Display: ShaderCodeLibraryPakFileMountedCallback: pending pak file info (ChunkID:-1 Root:root:/ File:D:/Epic Games/UE_4.27/FeaturePacks/TP_TopDown.upack)
[2022.02.21-01.32.27:670][  0]LogPakFile: OnPakFileMounted2Time == 0.000069
[2022.02.21-01.32.27:678][  0]LogPakFile: PakFile PrimaryIndexSize=185
[2022.02.21-01.32.27:678][  0]LogPakFile: PakFile PathHashIndexSize=101
[2022.02.21-01.32.27:678][  0]LogPakFile: PakFile FullDirectoryIndexSize=144
[2022.02.21-01.32.27:678][  0]LogShaderLibrary: Display: ShaderCodeLibraryPakFileMountedCallback: PakFile 'D:/Epic Games/UE_4.27/FeaturePacks/TP_TopDownBP.upack' (chunk index -1, root 'root:/') mounted
[2022.02.21-01.32.27:679][  0]LogShaderLibrary: Display: ShaderCodeLibraryPakFileMountedCallback: pending pak file info (ChunkID:-1 Root:root:/ File:D:/Epic Games/UE_4.27/FeaturePacks/TP_TopDownBP.upack)
[2022.02.21-01.32.27:679][  0]LogPakFile: OnPakFileMounted2Time == 0.000201
[2022.02.21-01.32.27:682][  0]LogPakFile: PakFile PrimaryIndexSize=185
[2022.02.21-01.32.27:682][  0]LogPakFile: PakFile PathHashIndexSize=101
[2022.02.21-01.32.27:682][  0]LogPakFile: PakFile FullDirectoryIndexSize=144
[2022.02.21-01.32.27:682][  0]LogShaderLibrary: Display: ShaderCodeLibraryPakFileMountedCallback: PakFile 'D:/Epic Games/UE_4.27/FeaturePacks/TP_TwinStick.upack' (chunk index -1, root 'root:/') mounted
[2022.02.21-01.32.27:682][  0]LogShaderLibrary: Display: ShaderCodeLibraryPakFileMountedCallback: pending pak file info (ChunkID:-1 Root:root:/ File:D:/Epic Games/UE_4.27/FeaturePacks/TP_TwinStick.upack)
[2022.02.21-01.32.27:682][  0]LogPakFile: OnPakFileMounted2Time == 0.000055
[2022.02.21-01.32.27:692][  0]LogPakFile: PakFile PrimaryIndexSize=187
[2022.02.21-01.32.27:692][  0]LogPakFile: PakFile PathHashIndexSize=101
[2022.02.21-01.32.27:692][  0]LogPakFile: PakFile FullDirectoryIndexSize=148
[2022.02.21-01.32.27:692][  0]LogShaderLibrary: Display: ShaderCodeLibraryPakFileMountedCallback: PakFile 'D:/Epic Games/UE_4.27/FeaturePacks/TP_TwinStickBP.upack' (chunk index -1, root 'root:/') mounted
[2022.02.21-01.32.27:692][  0]LogShaderLibrary: Display: ShaderCodeLibraryPakFileMountedCallback: pending pak file info (ChunkID:-1 Root:root:/ File:D:/Epic Games/UE_4.27/FeaturePacks/TP_TwinStickBP.upack)
[2022.02.21-01.32.27:692][  0]LogPakFile: OnPakFileMounted2Time == 0.000042
[2022.02.21-01.32.27:728][  0]LogPakFile: PakFile PrimaryIndexSize=183
[2022.02.21-01.32.27:728][  0]LogPakFile: PakFile PathHashIndexSize=101
[2022.02.21-01.32.27:728][  0]LogPakFile: PakFile FullDirectoryIndexSize=140
[2022.02.21-01.32.27:728][  0]LogShaderLibrary: Display: ShaderCodeLibraryPakFileMountedCallback: PakFile 'D:/Epic Games/UE_4.27/FeaturePacks/TP_Vehicle.upack' (chunk index -1, root 'root:/') mounted
[2022.02.21-01.32.27:728][  0]LogShaderLibrary: Display: ShaderCodeLibraryPakFileMountedCallback: pending pak file info (ChunkID:-1 Root:root:/ File:D:/Epic Games/UE_4.27/FeaturePacks/TP_Vehicle.upack)
[2022.02.21-01.32.27:728][  0]LogPakFile: OnPakFileMounted2Time == 0.000101
[2022.02.21-01.32.27:754][  0]LogPakFile: PakFile PrimaryIndexSize=186
[2022.02.21-01.32.27:754][  0]LogPakFile: PakFile PathHashIndexSize=101
[2022.02.21-01.32.27:754][  0]LogPakFile: PakFile FullDirectoryIndexSize=146
[2022.02.21-01.32.27:754][  0]LogShaderLibrary: Display: ShaderCodeLibraryPakFileMountedCallback: PakFile 'D:/Epic Games/UE_4.27/FeaturePacks/TP_VehicleAdv.upack' (chunk index -1, root 'root:/') mounted
[2022.02.21-01.32.27:754][  0]LogShaderLibrary: Display: ShaderCodeLibraryPakFileMountedCallback: pending pak file info (ChunkID:-1 Root:root:/ File:D:/Epic Games/UE_4.27/FeaturePacks/TP_VehicleAdv.upack)
[2022.02.21-01.32.27:754][  0]LogPakFile: OnPakFileMounted2Time == 0.000040
[2022.02.21-01.32.27:782][  0]LogPakFile: PakFile PrimaryIndexSize=188
[2022.02.21-01.32.27:782][  0]LogPakFile: PakFile PathHashIndexSize=101
[2022.02.21-01.32.27:782][  0]LogPakFile: PakFile FullDirectoryIndexSize=150
[2022.02.21-01.32.27:782][  0]LogShaderLibrary: Display: ShaderCodeLibraryPakFileMountedCallback: PakFile 'D:/Epic Games/UE_4.27/FeaturePacks/TP_VehicleAdvBP.upack' (chunk index -1, root 'root:/') mounted
[2022.02.21-01.32.27:782][  0]LogShaderLibrary: Display: ShaderCodeLibraryPakFileMountedCallback: pending pak file info (ChunkID:-1 Root:root:/ File:D:/Epic Games/UE_4.27/FeaturePacks/TP_VehicleAdvBP.upack)
[2022.02.21-01.32.27:782][  0]LogPakFile: OnPakFileMounted2Time == 0.000139
[2022.02.21-01.32.27:803][  0]LogPakFile: PakFile PrimaryIndexSize=185
[2022.02.21-01.32.27:803][  0]LogPakFile: PakFile PathHashIndexSize=101
[2022.02.21-01.32.27:803][  0]LogPakFile: PakFile FullDirectoryIndexSize=144
[2022.02.21-01.32.27:803][  0]LogShaderLibrary: Display: ShaderCodeLibraryPakFileMountedCallback: PakFile 'D:/Epic Games/UE_4.27/FeaturePacks/TP_VehicleBP.upack' (chunk index -1, root 'root:/') mounted
[2022.02.21-01.32.27:803][  0]LogShaderLibrary: Display: ShaderCodeLibraryPakFileMountedCallback: pending pak file info (ChunkID:-1 Root:root:/ File:D:/Epic Games/UE_4.27/FeaturePacks/TP_VehicleBP.upack)
[2022.02.21-01.32.27:803][  0]LogPakFile: OnPakFileMounted2Time == 0.000047
[2022.02.21-01.32.27:819][  0]LogPakFile: PakFile PrimaryIndexSize=192
[2022.02.21-01.32.27:819][  0]LogPakFile: PakFile PathHashIndexSize=101
[2022.02.21-01.32.27:819][  0]LogPakFile: PakFile FullDirectoryIndexSize=158
[2022.02.21-01.32.27:819][  0]LogShaderLibrary: Display: ShaderCodeLibraryPakFileMountedCallback: PakFile 'D:/Epic Games/UE_4.27/FeaturePacks/TP_VirtualRealityBP.upack' (chunk index -1, root 'root:/') mounted
[2022.02.21-01.32.27:819][  0]LogShaderLibrary: Display: ShaderCodeLibraryPakFileMountedCallback: pending pak file info (ChunkID:-1 Root:root:/ File:D:/Epic Games/UE_4.27/FeaturePacks/TP_VirtualRealityBP.upack)
[2022.02.21-01.32.27:819][  0]LogPakFile: OnPakFileMounted2Time == 0.000108
[2022.02.21-01.32.29:220][  0]LogNativeClassHierarchy: Verbose: Native class hierarchy updated for 'AddContentDialog' in 0.0010 seconds. Added 0 classes and 0 folders.
[2022.02.21-01.32.29:340][  0]LogSlate: Took 0.019078 seconds to synchronously load lazily loaded font '../../../Engine/Content/Slate/Fonts/Roboto-Regular.ttf' (155K)
[2022.02.21-01.32.29:353][  0]LogSlate: Took 0.011742 seconds to synchronously load lazily loaded font '../../../Engine/Content/Editor/Slate/Fonts/FontAwesome.ttf' (139K)
[2022.02.21-01.32.29:394][  0]LogSlate: Took 0.017753 seconds to synchronously load lazily loaded font '../../../Engine/Content/Slate/Fonts/Roboto-Bold.ttf' (160K)
[2022.02.21-01.32.29:651][  0]LogRenderer: Reallocating scene render targets to support 1616x920 Format 10 NumSamples 1 (Frame:1).
[2022.02.21-01.32.30:192][  0]LogNativeClassHierarchy: Verbose: Native class hierarchy updated for 'HierarchicalLODOutliner' in 0.0003 seconds. Added 0 classes and 0 folders.
[2022.02.21-01.32.30:203][  0]LogLoad: (Engine Initialization) Total time: 88.85 seconds
[2022.02.21-01.32.30:203][  0]LogLoad: (Engine Initialization) Total Blueprint compile time: 0.00 seconds
[2022.02.21-01.32.30:287][  0]LogEditorSessionSummary: Verbose: Initializing EditorSessionSummaryWriter for editor session tracking
[2022.02.21-01.32.30:294][  0]LogEditorSessionSummary: EditorSessionSummaryWriter initialized
[2022.02.21-01.32.30:382][  0]LogAssetRegistry: Asset discovery search completed in 63.0167 seconds
[2022.02.21-01.32.30:499][  0]LogCollectionManager: Fixed up redirectors for 0 collections in 0.000004 seconds (updated 0 objects)
[2022.02.21-01.32.30:528][  0]LogContentStreaming: Texture pool size now 1000 MB
[2022.02.21-01.32.44:779][202]LogSlate: Window 'Plugins' being destroyed
[2022.02.21-01.32.44:782][202]LogSlate: Window 'Plugins' being destroyed
[2022.02.21-01.32.44:783][202]LogDirectoryWatcher: A directory notification for '../../../Engine/Plugins/' was aborted.
