Log file open, 02/20/22 21:24:28
LogWindows: Failed to load 'aqProf.dll' (GetLastError=126)
LogWindows: File 'aqProf.dll' does not exist
LogWindows: Failed to load 'VtuneApi.dll' (GetLastError=126)
LogWindows: File 'VtuneApi.dll' does not exist
LogWindows: Failed to load 'VtuneApi32e.dll' (GetLastError=126)
LogWindows: File 'VtuneApi32e.dll' does not exist
LogConsoleResponse: Display: Failed to find resolution value strings in scalability ini. Falling back to default.
LogConsoleResponse: Display: Failed to find resolution value strings in scalability ini. Falling back to default.
LogInit: Display: Running engine for game: BioshockZooProject
LogPlatformFile: Not using cached read wrapper
LogTaskGraph: Started task graph with 5 named threads and 14 total threads with 3 sets of task threads.
LogStats: Stats thread started at 0.260340
LogICUInternationalization: ICU TimeZone Detection - Raw Offset: -5:00, Platform Override: ''
LogInit: Display: Loading text-based GConfig....
LogPluginManager: Mounting plugin MeshPainting
LogPluginManager: Mounting plugin XGEController
LogPluginManager: Mounting plugin Paper2D
LogPluginManager: Mounting plugin EnvironmentQueryEditor
LogPluginManager: Mounting plugin AISupport
LogPluginManager: Mounting plugin LightPropagationVolume
LogPluginManager: Mounting plugin LiveLink
LogPluginManager: Mounting plugin CameraShakePreviewer
LogPluginManager: Mounting plugin GameplayCameras
LogPluginManager: Mounting plugin OodleData
LogPluginManager: Mounting plugin OodleNetwork
LogPluginManager: Mounting plugin AnimationSharing
LogPluginManager: Mounting plugin CLionSourceCodeAccess
LogPluginManager: Mounting plugin CodeLiteSourceCodeAccess
LogPluginManager: Mounting plugin GitSourceControl
LogPluginManager: Mounting plugin KDevelopSourceCodeAccess
LogPluginManager: Mounting plugin PerforceSourceControl
LogPluginManager: Mounting plugin NullSourceCodeAccess
LogPluginManager: Mounting plugin PixWinPlugin
LogPluginManager: Mounting plugin PlasticSourceControl
LogPluginManager: Mounting plugin PluginUtils
LogPluginManager: Mounting plugin PropertyAccessNode
LogPluginManager: Mounting plugin RiderSourceCodeAccess
LogPluginManager: Mounting plugin SubversionSourceControl
LogPluginManager: Mounting plugin TextureFormatOodle
LogPluginManager: Mounting plugin UObjectPlugin
LogPluginManager: Mounting plugin VisualStudioCodeSourceCodeAccess
LogPluginManager: Mounting plugin VisualStudioSourceCodeAccess
LogPluginManager: Mounting plugin XCodeSourceCodeAccess
LogPluginManager: Mounting plugin AssetManagerEditor
LogPluginManager: Mounting plugin CryptoKeys
LogPluginManager: Mounting plugin CurveEditorTools
LogPluginManager: Mounting plugin DataValidation
LogPluginManager: Mounting plugin FacialAnimation
LogPluginManager: Mounting plugin GameplayTagsEditor
LogPluginManager: Mounting plugin GeometryMode
LogPluginManager: Mounting plugin MacGraphicsSwitching
LogPluginManager: Mounting plugin MaterialAnalyzer
LogPluginManager: Mounting plugin MobileLauncherProfileWizard
LogPluginManager: Mounting plugin SpeedTreeImporter
LogPluginManager: Mounting plugin PluginBrowser
LogPluginManager: Mounting plugin DatasmithContent
LogPluginManager: Mounting plugin VariantManagerContent
LogPluginManager: Mounting plugin Niagara
LogPluginManager: Mounting plugin AlembicImporter
LogPluginManager: Mounting plugin AutomationUtils
LogPluginManager: Mounting plugin BackChannel
LogPluginManager: Mounting plugin ChaosCloth
LogPluginManager: Mounting plugin ChaosClothEditor
LogPluginManager: Mounting plugin ChaosEditor
LogPluginManager: Mounting plugin ChaosNiagara
LogPluginManager: Mounting plugin ChaosSolverPlugin
LogPluginManager: Mounting plugin CharacterAI
LogPluginManager: Mounting plugin GeometryCache
LogPluginManager: Mounting plugin GeometryCollectionPlugin
LogPluginManager: Mounting plugin GeometryProcessing
LogPluginManager: Mounting plugin MotoSynth
LogPluginManager: Mounting plugin OpenImageDenoise
LogPluginManager: Mounting plugin PlanarCut
LogPluginManager: Mounting plugin PythonScriptPlugin
LogPluginManager: Mounting plugin ProxyLODPlugin
LogPluginManager: Mounting plugin SkeletalReduction
LogPluginManager: Mounting plugin LuminPlatformFeatures
LogPluginManager: Mounting plugin MagicLeap
LogPluginManager: Mounting plugin MagicLeapLightEstimation
LogPluginManager: Mounting plugin MagicLeapMedia
LogPluginManager: Mounting plugin MagicLeapPassableWorld
LogPluginManager: Mounting plugin MLSDK
LogPluginManager: Mounting plugin AndroidMedia
LogPluginManager: Mounting plugin AvfMedia
LogPluginManager: Mounting plugin ImgMedia
LogPluginManager: Mounting plugin MediaCompositing
LogPluginManager: Mounting plugin MediaPlayerEditor
LogPluginManager: Mounting plugin WebMMedia
LogPluginManager: Mounting plugin WmfMedia
LogPluginManager: Mounting plugin TcpMessaging
LogPluginManager: Mounting plugin UdpMessaging
LogPluginManager: Mounting plugin ActorSequence
LogPluginManager: Mounting plugin LevelSequenceEditor
LogPluginManager: Mounting plugin MatineeToLevelSequence
LogPluginManager: Mounting plugin TemplateSequence
LogPluginManager: Mounting plugin OnlineSubsystem
LogPluginManager: Mounting plugin OnlineSubsystemNull
LogPluginManager: Mounting plugin OnlineSubsystemUtils
LogPluginManager: Mounting plugin LauncherChunkInstaller
LogPluginManager: Mounting plugin ActorLayerUtilities
LogPluginManager: Mounting plugin AndroidDeviceProfileSelector
LogPluginManager: Mounting plugin AndroidMoviePlayer
LogPluginManager: Mounting plugin AndroidPermission
LogPluginManager: Mounting plugin AppleImageUtils
LogPluginManager: Mounting plugin AppleMoviePlayer
LogPluginManager: Mounting plugin AssetTags
LogPluginManager: Mounting plugin ArchVisCharacter
LogPluginManager: Mounting plugin AudioCapture
LogPluginManager: Mounting plugin AudioSynesthesia
LogPluginManager: Mounting plugin CableComponent
LogPluginManager: Mounting plugin ChunkDownloader
LogPluginManager: Mounting plugin CustomMeshComponent
LogPluginManager: Mounting plugin EditableMesh
LogPluginManager: Mounting plugin ExampleDeviceProfileSelector
LogPluginManager: Mounting plugin GoogleCloudMessaging
LogPluginManager: Mounting plugin GooglePAD
LogPluginManager: Mounting plugin IOSDeviceProfileSelector
LogPluginManager: Mounting plugin LinuxDeviceProfileSelector
LogPluginManager: Mounting plugin LocationServicesBPLibrary
LogPluginManager: Mounting plugin MobilePatchingUtils
LogPluginManager: Mounting plugin OpenXR
LogPluginManager: Mounting plugin OpenXREyeTracker
LogPluginManager: Mounting plugin OpenXRHandTracking
LogPluginManager: Mounting plugin PhysXVehicles
LogPluginManager: Mounting plugin PostSplashScreen
LogPluginManager: Mounting plugin ProceduralMeshComponent
LogPluginManager: Mounting plugin PropertyAccessEditor
LogPluginManager: Mounting plugin RuntimePhysXCooking
LogPluginManager: Mounting plugin SignificanceManager
LogPluginManager: Mounting plugin SoundFields
LogPluginManager: Mounting plugin Synthesis
LogPluginManager: Mounting plugin WebMMoviePlayer
LogPluginManager: Mounting plugin WindowsMoviePlayer
LogPluginManager: Mounting plugin ScreenshotTools
LogPluginManager: Mounting plugin Takes
LogPluginManager: Mounting plugin PlatformCrypto
LogPluginManager: Mounting plugin BlockoutToolsPlugin
LogPluginManager: Mounting plugin ContentBrowserAssetDataSource
LogPluginManager: Mounting plugin ContentBrowserClassDataSource
LogPluginManager: Mounting plugin ContentBrowserFileDataSource
LogPluginManager: Mounting plugin OnlineSubsystemGooglePlay
LogPluginManager: Mounting plugin OnlineSubsystemIOS
LogPluginManager: Mounting plugin OculusVR
LogPluginManager: Mounting plugin SteamVR
PixWinPlugin: PIX capture plugin failed to initialize! Check that the process is launched from PIX.
LogInit: Using libcurl 7.55.1-DEV
LogInit:  - built for x86_64-pc-win32
LogInit:  - supports SSL with OpenSSL/1.1.1
LogInit:  - supports HTTP deflate (compression) using libz 1.2.8
LogInit:  - other features:
LogInit:      CURL_VERSION_SSL
LogInit:      CURL_VERSION_LIBZ
LogInit:      CURL_VERSION_IPV6
LogInit:      CURL_VERSION_ASYNCHDNS
LogInit:      CURL_VERSION_LARGEFILE
LogInit:      CURL_VERSION_IDN
LogInit:  CurlRequestOptions (configurable via config and command line):
LogInit:  - bVerifyPeer = true  - Libcurl will verify peer certificate
LogInit:  - bUseHttpProxy = false  - Libcurl will NOT use HTTP proxy
LogInit:  - bDontReuseConnections = false  - Libcurl will reuse connections
LogInit:  - MaxHostConnections = 16  - Libcurl will limit the number of connections to a host
LogInit:  - LocalHostAddr = Default
LogInit:  - BufferSize = 65536
LogOnline: OSS: Creating online subsystem instance for: NULL
LogInit: WinSock: version 1.1 (2.2), MaxSocks=32767, MaxUdp=65467
LogOnline: OSS: TryLoadSubsystemAndSetDefault: Loaded subsystem for module [NULL]
LogOculusPluginWrapper: OculusPlugin initialized successfully
LogHMD: Failed initializing OVRPlugin 1.59.0
LogInit: Build: ++UE4+Release-4.27-CL-18319896
LogInit: Engine Version: 4.27.2-18319896+++UE4+Release-4.27
LogInit: Compatible Engine Version: 4.27.0-17155196+++UE4+Release-4.27
LogInit: Net CL: 17155196
LogInit: OS: Windows 10 (Release 2009) (), CPU: Intel(R) Core(TM) i5-6600K CPU @ 3.50GHz, GPU: NVIDIA GeForce GTX 1070
LogInit: Compiled (64-bit): Nov 30 2021 07:12:08
LogInit: Compiled with Visual C++: 19.24.28315.00
LogInit: Build Configuration: Development
LogInit: Branch Name: ++UE4+Release-4.27
LogInit: Command Line: 
LogInit: Base Directory: D:/Epic Games/UE_4.27/Engine/Binaries/Win64/
LogInit: Allocator: TBB
LogInit: Installed Engine Build: 1
LogDevObjectVersion: Number of dev versions registered: 29
LogDevObjectVersion:   Dev-Blueprints (B0D832E4-1F89-4F0D-ACCF-7EB736FD4AA2): 10
LogDevObjectVersion:   Dev-Build (E1C64328-A22C-4D53-A36C-8E866417BD8C): 0
LogDevObjectVersion:   Dev-Core (375EC13C-06E4-48FB-B500-84F0262A717E): 4
LogDevObjectVersion:   Dev-Editor (E4B068ED-F494-42E9-A231-DA0B2E46BB41): 40
LogDevObjectVersion:   Dev-Framework (CFFC743F-43B0-4480-9391-14DF171D2073): 37
LogDevObjectVersion:   Dev-Mobile (B02B49B5-BB20-44E9-A304-32B752E40360): 3
LogDevObjectVersion:   Dev-Networking (A4E4105C-59A1-49B5-A7C5-40C4547EDFEE): 0
LogDevObjectVersion:   Dev-Online (39C831C9-5AE6-47DC-9A44-9C173E1C8E7C): 0
LogDevObjectVersion:   Dev-Physics (78F01B33-EBEA-4F98-B9B4-84EACCB95AA2): 14
LogDevObjectVersion:   Dev-Platform (6631380F-2D4D-43E0-8009-CF276956A95A): 0
LogDevObjectVersion:   Dev-Rendering (12F88B9F-8875-4AFC-A67C-D90C383ABD29): 45
LogDevObjectVersion:   Dev-Sequencer (7B5AE74C-D270-4C10-A958-57980B212A5A): 13
LogDevObjectVersion:   Dev-VR (D7296918-1DD6-4BDD-9DE2-64A83CC13884): 3
LogDevObjectVersion:   Dev-LoadTimes (C2A15278-BFE7-4AFE-6C17-90FF531DF755): 1
LogDevObjectVersion:   Private-Geometry (6EACA3D4-40EC-4CC1-B786-8BED09428FC5): 3
LogDevObjectVersion:   Dev-AnimPhys (29E575DD-E0A3-4627-9D10-D276232CDCEA): 17
LogDevObjectVersion:   Dev-Anim (AF43A65D-7FD3-4947-9873-3E8ED9C1BB05): 15
LogDevObjectVersion:   Dev-ReflectionCapture (6B266CEC-1EC7-4B8F-A30B-E4D90942FC07): 1
LogDevObjectVersion:   Dev-Automation (0DF73D61-A23F-47EA-B727-89E90C41499A): 1
LogDevObjectVersion:   FortniteMain (601D1886-AC64-4F84-AA16-D3DE0DEAC7D6): 47
LogDevObjectVersion:   FortniteRelease (E7086368-6B23-4C58-8439-1B7016265E91): 1
LogDevObjectVersion:   Dev-Enterprise (9DFFBCD6-494F-0158-E221-12823C92A888): 10
LogDevObjectVersion:   Dev-Niagara (F2AED0AC-9AFE-416F-8664-AA7FFA26D6FC): 1
LogDevObjectVersion:   Dev-Destruction (174F1F0B-B4C6-45A5-B13F-2EE8D0FB917D): 10
LogDevObjectVersion:   Dev-Physics-Ext (35F94A83-E258-406C-A318-09F59610247C): 41
LogDevObjectVersion:   Dev-PhysicsMaterial-Chaos (B68FC16E-8B1B-42E2-B453-215C058844FE): 1
LogDevObjectVersion:   Dev-CineCamera (B2E18506-4273-CFC2-A54E-F4BB758BBA07): 1
LogDevObjectVersion:   Dev-VirtualProduction (64F58936-FD1B-42BA-BA96-7289D5D0FA4E): 1
LogDevObjectVersion:   Dev-MediaFramework (6F0ED827-A609-4895-9C91-998D90180EA4): 2
LogInit: Presizing for max 25165824 objects, including 0 objects not considered by GC, pre-allocating 0 bytes for permanent pool.
LogConfig: Applying CVar settings from Section [/Script/Engine.StreamingSettings] File [G:/School/Drexel/2022 _ Winter/Arch Level Design/BioshockZoo/Bioshock_LevelDesign/BioshockZooProject/Saved/Config/Windows/Engine.ini]
LogConfig: Setting CVar [[s.MinBulkDataSizeForAsyncLoading:131072]]
LogConfig: Setting CVar [[s.AsyncLoadingThreadEnabled:0]]
LogConfig: Setting CVar [[s.EventDrivenLoaderEnabled:1]]
LogConfig: Setting CVar [[s.WarnIfTimeLimitExceeded:0]]
LogConfig: Setting CVar [[s.TimeLimitExceededMultiplier:1.5]]
LogConfig: Setting CVar [[s.TimeLimitExceededMinTime:0.005]]
LogConfig: Setting CVar [[s.UseBackgroundLevelStreaming:1]]
LogConfig: Setting CVar [[s.PriorityAsyncLoadingExtraTime:15.0]]
LogConfig: Setting CVar [[s.LevelStreamingActorsUpdateTimeLimit:5.0]]
LogConfig: Setting CVar [[s.PriorityLevelStreamingActorsUpdateExtraTime:5.0]]
LogConfig: Setting CVar [[s.LevelStreamingComponentsRegistrationGranularity:10]]
LogConfig: Setting CVar [[s.UnregisterComponentsTimeLimit:1.0]]
LogConfig: Setting CVar [[s.LevelStreamingComponentsUnregistrationGranularity:5]]
LogConfig: Setting CVar [[s.FlushStreamingOnExit:1]]
LogInit: Object subsystem initialized
LogConfig: Setting CVar [[con.DebugEarlyDefault:1]]
LogConfig: Setting CVar [[r.setres:1280x720]]
[2022.02.21-02.24.29:070][  0]LogConfig: Setting CVar [[r.VSync:0]]
[2022.02.21-02.24.29:070][  0]LogConfig: Setting CVar [[r.RHICmdBypass:0]]
[2022.02.21-02.24.29:070][  0]LogConfig: Applying CVar settings from Section [/Script/Engine.RendererSettings] File [G:/School/Drexel/2022 _ Winter/Arch Level Design/BioshockZoo/Bioshock_LevelDesign/BioshockZooProject/Saved/Config/Windows/Engine.ini]
[2022.02.21-02.24.29:070][  0]LogConfig: Setting CVar [[r.GPUCrashDebugging:0]]
[2022.02.21-02.24.29:070][  0]LogConfig: Applying CVar settings from Section [/Script/Engine.RendererOverrideSettings] File [G:/School/Drexel/2022 _ Winter/Arch Level Design/BioshockZoo/Bioshock_LevelDesign/BioshockZooProject/Saved/Config/Windows/Engine.ini]
[2022.02.21-02.24.29:070][  0]LogConfig: Applying CVar settings from Section [/Script/Engine.StreamingSettings] File [G:/School/Drexel/2022 _ Winter/Arch Level Design/BioshockZoo/Bioshock_LevelDesign/BioshockZooProject/Saved/Config/Windows/Engine.ini]
[2022.02.21-02.24.29:070][  0]LogConfig: Setting CVar [[s.MinBulkDataSizeForAsyncLoading:131072]]
[2022.02.21-02.24.29:070][  0]LogConfig: Setting CVar [[s.AsyncLoadingThreadEnabled:0]]
[2022.02.21-02.24.29:070][  0]LogConfig: Setting CVar [[s.EventDrivenLoaderEnabled:1]]
[2022.02.21-02.24.29:070][  0]LogConfig: Setting CVar [[s.WarnIfTimeLimitExceeded:0]]
[2022.02.21-02.24.29:070][  0]LogConfig: Setting CVar [[s.TimeLimitExceededMultiplier:1.5]]
[2022.02.21-02.24.29:070][  0]LogConfig: Setting CVar [[s.TimeLimitExceededMinTime:0.005]]
[2022.02.21-02.24.29:070][  0]LogConfig: Setting CVar [[s.UseBackgroundLevelStreaming:1]]
[2022.02.21-02.24.29:070][  0]LogConfig: Setting CVar [[s.PriorityAsyncLoadingExtraTime:15.0]]
[2022.02.21-02.24.29:070][  0]LogConfig: Setting CVar [[s.LevelStreamingActorsUpdateTimeLimit:5.0]]
[2022.02.21-02.24.29:070][  0]LogConfig: Setting CVar [[s.PriorityLevelStreamingActorsUpdateExtraTime:5.0]]
[2022.02.21-02.24.29:070][  0]LogConfig: Setting CVar [[s.LevelStreamingComponentsRegistrationGranularity:10]]
[2022.02.21-02.24.29:070][  0]LogConfig: Setting CVar [[s.UnregisterComponentsTimeLimit:1.0]]
[2022.02.21-02.24.29:071][  0]LogConfig: Setting CVar [[s.LevelStreamingComponentsUnregistrationGranularity:5]]
[2022.02.21-02.24.29:071][  0]LogConfig: Setting CVar [[s.FlushStreamingOnExit:1]]
[2022.02.21-02.24.29:071][  0]LogConfig: Applying CVar settings from Section [/Script/Engine.GarbageCollectionSettings] File [G:/School/Drexel/2022 _ Winter/Arch Level Design/BioshockZoo/Bioshock_LevelDesign/BioshockZooProject/Saved/Config/Windows/Engine.ini]
[2022.02.21-02.24.29:071][  0]LogConfig: Setting CVar [[gc.MaxObjectsNotConsideredByGC:1]]
[2022.02.21-02.24.29:071][  0]LogConfig: Setting CVar [[gc.SizeOfPermanentObjectPool:0]]
[2022.02.21-02.24.29:071][  0]LogConfig: Setting CVar [[gc.FlushStreamingOnGC:0]]
[2022.02.21-02.24.29:071][  0]LogConfig: Setting CVar [[gc.NumRetriesBeforeForcingGC:10]]
[2022.02.21-02.24.29:071][  0]LogConfig: Setting CVar [[gc.AllowParallelGC:1]]
[2022.02.21-02.24.29:071][  0]LogConfig: Setting CVar [[gc.TimeBetweenPurgingPendingKillObjects:61.1]]
[2022.02.21-02.24.29:071][  0]LogConfig: Setting CVar [[gc.MaxObjectsInEditor:25165824]]
[2022.02.21-02.24.29:071][  0]LogConfig: Setting CVar [[gc.IncrementalBeginDestroyEnabled:1]]
[2022.02.21-02.24.29:071][  0]LogConfig: Setting CVar [[gc.CreateGCClusters:1]]
[2022.02.21-02.24.29:071][  0]LogConfig: Setting CVar [[gc.MinGCClusterSize:5]]
[2022.02.21-02.24.29:071][  0]LogConfig: Setting CVar [[gc.ActorClusteringEnabled:0]]
[2022.02.21-02.24.29:071][  0]LogConfig: Setting CVar [[gc.BlueprintClusteringEnabled:0]]
[2022.02.21-02.24.29:071][  0]LogConfig: Setting CVar [[gc.UseDisregardForGCOnDedicatedServers:0]]
[2022.02.21-02.24.29:071][  0]LogConfig: Setting CVar [[gc.MultithreadedDestructionEnabled:1]]
[2022.02.21-02.24.29:071][  0]LogConfig: Applying CVar settings from Section [/Script/Engine.NetworkSettings] File [G:/School/Drexel/2022 _ Winter/Arch Level Design/BioshockZoo/Bioshock_LevelDesign/BioshockZooProject/Saved/Config/Windows/Engine.ini]
[2022.02.21-02.24.29:071][  0]LogConfig: Applying CVar settings from Section [/Script/UnrealEd.CookerSettings] File [G:/School/Drexel/2022 _ Winter/Arch Level Design/BioshockZoo/Bioshock_LevelDesign/BioshockZooProject/Saved/Config/Windows/Engine.ini]
[2022.02.21-02.24.29:089][  0]LogConfig: Applying CVar settings from Section [ViewDistanceQuality@3] File [G:/School/Drexel/2022 _ Winter/Arch Level Design/BioshockZoo/Bioshock_LevelDesign/BioshockZooProject/Saved/Config/Windows/Scalability.ini]
[2022.02.21-02.24.29:089][  0]LogConfig: Setting CVar [[r.SkeletalMeshLODBias:0]]
[2022.02.21-02.24.29:089][  0]LogConfig: Setting CVar [[r.ViewDistanceScale:1.0]]
[2022.02.21-02.24.29:089][  0]LogConfig: Applying CVar settings from Section [AntiAliasingQuality@3] File [G:/School/Drexel/2022 _ Winter/Arch Level Design/BioshockZoo/Bioshock_LevelDesign/BioshockZooProject/Saved/Config/Windows/Scalability.ini]
[2022.02.21-02.24.29:089][  0]LogConfig: Setting CVar [[r.PostProcessAAQuality:4]]
[2022.02.21-02.24.29:089][  0]LogConfig: Applying CVar settings from Section [ShadowQuality@3] File [G:/School/Drexel/2022 _ Winter/Arch Level Design/BioshockZoo/Bioshock_LevelDesign/BioshockZooProject/Saved/Config/Windows/Scalability.ini]
[2022.02.21-02.24.29:089][  0]LogConfig: Setting CVar [[r.LightFunctionQuality:1]]
[2022.02.21-02.24.29:089][  0]LogConfig: Setting CVar [[r.ShadowQuality:5]]
[2022.02.21-02.24.29:089][  0]LogConfig: Setting CVar [[r.Shadow.CSM.MaxCascades:10]]
[2022.02.21-02.24.29:089][  0]LogConfig: Setting CVar [[r.Shadow.MaxResolution:2048]]
[2022.02.21-02.24.29:089][  0]LogConfig: Setting CVar [[r.Shadow.MaxCSMResolution:2048]]
[2022.02.21-02.24.29:089][  0]LogConfig: Setting CVar [[r.Shadow.RadiusThreshold:0.01]]
[2022.02.21-02.24.29:089][  0]LogConfig: Setting CVar [[r.Shadow.DistanceScale:1.0]]
[2022.02.21-02.24.29:089][  0]LogConfig: Setting CVar [[r.Shadow.CSM.TransitionScale:1.0]]
[2022.02.21-02.24.29:089][  0]LogConfig: Setting CVar [[r.Shadow.PreShadowResolutionFactor:1.0]]
[2022.02.21-02.24.29:089][  0]LogConfig: Setting CVar [[r.DistanceFieldShadowing:1]]
[2022.02.21-02.24.29:089][  0]LogConfig: Setting CVar [[r.DistanceFieldAO:1]]
[2022.02.21-02.24.29:089][  0]LogConfig: Setting CVar [[r.AOQuality:2]]
[2022.02.21-02.24.29:089][  0]LogConfig: Setting CVar [[r.VolumetricFog:1]]
[2022.02.21-02.24.29:089][  0]LogConfig: Setting CVar [[r.VolumetricFog.GridPixelSize:8]]
[2022.02.21-02.24.29:089][  0]LogConfig: Setting CVar [[r.VolumetricFog.GridSizeZ:128]]
[2022.02.21-02.24.29:089][  0]LogConfig: Setting CVar [[r.VolumetricFog.HistoryMissSupersampleCount:4]]
[2022.02.21-02.24.29:089][  0]LogConfig: Setting CVar [[r.LightMaxDrawDistanceScale:1]]
[2022.02.21-02.24.29:089][  0]LogConfig: Setting CVar [[r.CapsuleShadows:1]]
[2022.02.21-02.24.29:089][  0]LogConfig: Applying CVar settings from Section [PostProcessQuality@3] File [G:/School/Drexel/2022 _ Winter/Arch Level Design/BioshockZoo/Bioshock_LevelDesign/BioshockZooProject/Saved/Config/Windows/Scalability.ini]
[2022.02.21-02.24.29:089][  0]LogConfig: Setting CVar [[r.MotionBlurQuality:4]]
[2022.02.21-02.24.29:089][  0]LogConfig: Setting CVar [[r.AmbientOcclusionMipLevelFactor:0.4]]
[2022.02.21-02.24.29:089][  0]LogConfig: Setting CVar [[r.AmbientOcclusionMaxQuality:100]]
[2022.02.21-02.24.29:089][  0]LogConfig: Setting CVar [[r.AmbientOcclusionLevels:-1]]
[2022.02.21-02.24.29:089][  0]LogConfig: Setting CVar [[r.AmbientOcclusionRadiusScale:1.0]]
[2022.02.21-02.24.29:090][  0]LogConfig: Setting CVar [[r.DepthOfFieldQuality:2]]
[2022.02.21-02.24.29:090][  0]LogConfig: Setting CVar [[r.RenderTargetPoolMin:400]]
[2022.02.21-02.24.29:090][  0]LogConfig: Setting CVar [[r.LensFlareQuality:2]]
[2022.02.21-02.24.29:090][  0]LogConfig: Setting CVar [[r.SceneColorFringeQuality:1]]
[2022.02.21-02.24.29:090][  0]LogConfig: Setting CVar [[r.EyeAdaptationQuality:2]]
[2022.02.21-02.24.29:090][  0]LogConfig: Setting CVar [[r.BloomQuality:5]]
[2022.02.21-02.24.29:090][  0]LogConfig: Setting CVar [[r.FastBlurThreshold:100]]
[2022.02.21-02.24.29:090][  0]LogConfig: Setting CVar [[r.Upscale.Quality:3]]
[2022.02.21-02.24.29:090][  0]LogConfig: Setting CVar [[r.Tonemapper.GrainQuantization:1]]
[2022.02.21-02.24.29:090][  0]LogConfig: Setting CVar [[r.LightShaftQuality:1]]
[2022.02.21-02.24.29:090][  0]LogConfig: Setting CVar [[r.Filter.SizeScale:1]]
[2022.02.21-02.24.29:090][  0]LogConfig: Setting CVar [[r.Tonemapper.Quality:5]]
[2022.02.21-02.24.29:090][  0]LogConfig: Setting CVar [[r.DOF.Gather.AccumulatorQuality:1        ; higher gathering accumulator quality]]
[2022.02.21-02.24.29:090][  0]LogConfig: Setting CVar [[r.DOF.Gather.PostfilterMethod:1          ; Median3x3 postfilering method]]
[2022.02.21-02.24.29:090][  0]LogConfig: Setting CVar [[r.DOF.Gather.EnableBokehSettings:0       ; no bokeh simulation when gathering]]
[2022.02.21-02.24.29:090][  0]LogConfig: Setting CVar [[r.DOF.Gather.RingCount:4                 ; medium number of samples when gathering]]
[2022.02.21-02.24.29:090][  0]LogConfig: Setting CVar [[r.DOF.Scatter.ForegroundCompositing:1    ; additive foreground scattering]]
[2022.02.21-02.24.29:090][  0]LogConfig: Setting CVar [[r.DOF.Scatter.BackgroundCompositing:2    ; additive background scattering]]
[2022.02.21-02.24.29:090][  0]LogConfig: Setting CVar [[r.DOF.Scatter.EnableBokehSettings:1      ; bokeh simulation when scattering]]
[2022.02.21-02.24.29:090][  0]LogConfig: Setting CVar [[r.DOF.Scatter.MaxSpriteRatio:0.1         ; only a maximum of 10% of scattered bokeh]]
[2022.02.21-02.24.29:090][  0]LogConfig: Setting CVar [[r.DOF.Recombine.Quality:1                ; cheap slight out of focus]]
[2022.02.21-02.24.29:090][  0]LogConfig: Setting CVar [[r.DOF.Recombine.EnableBokehSettings:0    ; no bokeh simulation on slight out of focus]]
[2022.02.21-02.24.29:090][  0]LogConfig: Setting CVar [[r.DOF.TemporalAAQuality:1                ; more stable temporal accumulation]]
[2022.02.21-02.24.29:090][  0]LogConfig: Setting CVar [[r.DOF.Kernel.MaxForegroundRadius:0.025]]
[2022.02.21-02.24.29:090][  0]LogConfig: Setting CVar [[r.DOF.Kernel.MaxBackgroundRadius:0.025]]
[2022.02.21-02.24.29:090][  0]LogConfig: Applying CVar settings from Section [TextureQuality@3] File [G:/School/Drexel/2022 _ Winter/Arch Level Design/BioshockZoo/Bioshock_LevelDesign/BioshockZooProject/Saved/Config/Windows/Scalability.ini]
[2022.02.21-02.24.29:090][  0]LogConfig: Setting CVar [[r.Streaming.MipBias:0]]
[2022.02.21-02.24.29:090][  0]LogConfig: Setting CVar [[r.Streaming.AmortizeCPUToGPUCopy:0]]
[2022.02.21-02.24.29:090][  0]LogConfig: Setting CVar [[r.Streaming.MaxNumTexturesToStreamPerFrame:0]]
[2022.02.21-02.24.29:090][  0]LogConfig: Setting CVar [[r.Streaming.Boost:1]]
[2022.02.21-02.24.29:090][  0]LogConfig: Setting CVar [[r.MaxAnisotropy:8]]
[2022.02.21-02.24.29:090][  0]LogConfig: Setting CVar [[r.VT.MaxAnisotropy:8]]
[2022.02.21-02.24.29:090][  0]LogConfig: Setting CVar [[r.Streaming.LimitPoolSizeToVRAM:0]]
[2022.02.21-02.24.29:090][  0]LogConfig: Setting CVar [[r.Streaming.PoolSize:1000]]
[2022.02.21-02.24.29:090][  0]LogConfig: Setting CVar [[r.Streaming.MaxEffectiveScreenSize:0]]
[2022.02.21-02.24.29:090][  0]LogConfig: Applying CVar settings from Section [EffectsQuality@3] File [G:/School/Drexel/2022 _ Winter/Arch Level Design/BioshockZoo/Bioshock_LevelDesign/BioshockZooProject/Saved/Config/Windows/Scalability.ini]
[2022.02.21-02.24.29:090][  0]LogConfig: Setting CVar [[r.TranslucencyLightingVolumeDim:64]]
[2022.02.21-02.24.29:090][  0]LogConfig: Setting CVar [[r.RefractionQuality:2]]
[2022.02.21-02.24.29:090][  0]LogConfig: Setting CVar [[r.SSR.Quality:3]]
[2022.02.21-02.24.29:090][  0]LogConfig: Setting CVar [[r.SSR.HalfResSceneColor:0]]
[2022.02.21-02.24.29:090][  0]LogConfig: Setting CVar [[r.SceneColorFormat:4]]
[2022.02.21-02.24.29:090][  0]LogConfig: Setting CVar [[r.DetailMode:2]]
[2022.02.21-02.24.29:090][  0]LogConfig: Setting CVar [[r.TranslucencyVolumeBlur:1]]
[2022.02.21-02.24.29:090][  0]LogConfig: Setting CVar [[r.MaterialQualityLevel:1 ; High quality]]
[2022.02.21-02.24.29:090][  0]LogConfig: Setting CVar [[r.AnisotropicMaterials:1]]
[2022.02.21-02.24.29:090][  0]LogConfig: Setting CVar [[r.SSS.Scale:1]]
[2022.02.21-02.24.29:090][  0]LogConfig: Setting CVar [[r.SSS.SampleSet:2]]
[2022.02.21-02.24.29:090][  0]LogConfig: Setting CVar [[r.SSS.Quality:1]]
[2022.02.21-02.24.29:090][  0]LogConfig: Setting CVar [[r.SSS.HalfRes:0]]
[2022.02.21-02.24.29:090][  0]LogConfig: Setting CVar [[r.SSGI.Quality:3]]
[2022.02.21-02.24.29:090][  0]LogConfig: Setting CVar [[r.EmitterSpawnRateScale:1.0]]
[2022.02.21-02.24.29:090][  0]LogConfig: Setting CVar [[r.ParticleLightQuality:2]]
[2022.02.21-02.24.29:090][  0]LogConfig: Setting CVar [[r.SkyAtmosphere.AerialPerspectiveLUT.FastApplyOnOpaque:1 ; Always have FastSkyLUT 1 in this case to avoid wrong sky]]
[2022.02.21-02.24.29:090][  0]LogConfig: Setting CVar [[r.SkyAtmosphere.AerialPerspectiveLUT.SampleCountMaxPerSlice:4]]
[2022.02.21-02.24.29:090][  0]LogConfig: Setting CVar [[r.SkyAtmosphere.AerialPerspectiveLUT.DepthResolution:16.0]]
[2022.02.21-02.24.29:090][  0]LogConfig: Setting CVar [[r.SkyAtmosphere.FastSkyLUT:1]]
[2022.02.21-02.24.29:090][  0]LogConfig: Setting CVar [[r.SkyAtmosphere.FastSkyLUT.SampleCountMin:4.0]]
[2022.02.21-02.24.29:090][  0]LogConfig: Setting CVar [[r.SkyAtmosphere.FastSkyLUT.SampleCountMax:128.0]]
[2022.02.21-02.24.29:090][  0]LogConfig: Setting CVar [[r.SkyAtmosphere.SampleCountMin:4.0]]
[2022.02.21-02.24.29:090][  0]LogConfig: Setting CVar [[r.SkyAtmosphere.SampleCountMax:128.0]]
[2022.02.21-02.24.29:090][  0]LogConfig: Setting CVar [[r.SkyAtmosphere.TransmittanceLUT.UseSmallFormat:0]]
[2022.02.21-02.24.29:090][  0]LogConfig: Setting CVar [[r.SkyAtmosphere.TransmittanceLUT.SampleCount:10.0]]
[2022.02.21-02.24.29:090][  0]LogConfig: Setting CVar [[r.SkyAtmosphere.MultiScatteringLUT.SampleCount:15.0]]
[2022.02.21-02.24.29:090][  0]LogConfig: Setting CVar [[r.SkyLight.RealTimeReflectionCapture:1]]
[2022.02.21-02.24.29:090][  0]LogConfig: Applying CVar settings from Section [FoliageQuality@3] File [G:/School/Drexel/2022 _ Winter/Arch Level Design/BioshockZoo/Bioshock_LevelDesign/BioshockZooProject/Saved/Config/Windows/Scalability.ini]
[2022.02.21-02.24.29:090][  0]LogConfig: Setting CVar [[foliage.DensityScale:1.0]]
[2022.02.21-02.24.29:090][  0]LogConfig: Setting CVar [[grass.DensityScale:1.0]]
[2022.02.21-02.24.29:090][  0]LogConfig: Applying CVar settings from Section [ShadingQuality@3] File [G:/School/Drexel/2022 _ Winter/Arch Level Design/BioshockZoo/Bioshock_LevelDesign/BioshockZooProject/Saved/Config/Windows/Scalability.ini]
[2022.02.21-02.24.29:090][  0]LogConfig: Setting CVar [[r.HairStrands.SkyLighting.IntegrationType:2]]
[2022.02.21-02.24.29:090][  0]LogConfig: Setting CVar [[r.HairStrands.SkyAO.SampleCount:4]]
[2022.02.21-02.24.29:090][  0]LogConfig: Setting CVar [[r.HairStrands.Visibility.MSAA.SamplePerPixel:4]]
[2022.02.21-02.24.29:090][  0]LogInit: Selected Device Profile: [Windows]
[2022.02.21-02.24.29:090][  0]LogInit: Applying CVar settings loaded from the selected device profile: [Windows]
[2022.02.21-02.24.29:091][  0]LogHAL: Display: Platform has ~ 16 GB [17115901952 / 17179869184 / 16], which maps to Larger [LargestMinGB=32, LargerMinGB=12, DefaultMinGB=8, SmallerMinGB=6, SmallestMinGB=0)
[2022.02.21-02.24.29:091][  0]LogInit: Going up to parent DeviceProfile []
[2022.02.21-02.24.29:091][  0]LogConfig: Applying CVar settings from Section [ViewDistanceQuality@3] File [G:/School/Drexel/2022 _ Winter/Arch Level Design/BioshockZoo/Bioshock_LevelDesign/BioshockZooProject/Saved/Config/Windows/Scalability.ini]
[2022.02.21-02.24.29:091][  0]LogConfig: Setting CVar [[r.SkeletalMeshLODBias:0]]
[2022.02.21-02.24.29:091][  0]LogConfig: Setting CVar [[r.ViewDistanceScale:1.0]]
[2022.02.21-02.24.29:091][  0]LogConfig: Applying CVar settings from Section [AntiAliasingQuality@3] File [G:/School/Drexel/2022 _ Winter/Arch Level Design/BioshockZoo/Bioshock_LevelDesign/BioshockZooProject/Saved/Config/Windows/Scalability.ini]
[2022.02.21-02.24.29:091][  0]LogConfig: Setting CVar [[r.PostProcessAAQuality:4]]
[2022.02.21-02.24.29:091][  0]LogConfig: Applying CVar settings from Section [ShadowQuality@3] File [G:/School/Drexel/2022 _ Winter/Arch Level Design/BioshockZoo/Bioshock_LevelDesign/BioshockZooProject/Saved/Config/Windows/Scalability.ini]
[2022.02.21-02.24.29:091][  0]LogConfig: Setting CVar [[r.LightFunctionQuality:1]]
[2022.02.21-02.24.29:091][  0]LogConfig: Setting CVar [[r.ShadowQuality:5]]
[2022.02.21-02.24.29:091][  0]LogConfig: Setting CVar [[r.Shadow.CSM.MaxCascades:10]]
[2022.02.21-02.24.29:091][  0]LogConfig: Setting CVar [[r.Shadow.MaxResolution:2048]]
[2022.02.21-02.24.29:091][  0]LogConfig: Setting CVar [[r.Shadow.MaxCSMResolution:2048]]
[2022.02.21-02.24.29:091][  0]LogConfig: Setting CVar [[r.Shadow.RadiusThreshold:0.01]]
[2022.02.21-02.24.29:091][  0]LogConfig: Setting CVar [[r.Shadow.DistanceScale:1.0]]
[2022.02.21-02.24.29:091][  0]LogConfig: Setting CVar [[r.Shadow.CSM.TransitionScale:1.0]]
[2022.02.21-02.24.29:091][  0]LogConfig: Setting CVar [[r.Shadow.PreShadowResolutionFactor:1.0]]
[2022.02.21-02.24.29:091][  0]LogConfig: Setting CVar [[r.DistanceFieldShadowing:1]]
[2022.02.21-02.24.29:091][  0]LogConfig: Setting CVar [[r.DistanceFieldAO:1]]
[2022.02.21-02.24.29:091][  0]LogConfig: Setting CVar [[r.AOQuality:2]]
[2022.02.21-02.24.29:091][  0]LogConfig: Setting CVar [[r.VolumetricFog:1]]
[2022.02.21-02.24.29:091][  0]LogConfig: Setting CVar [[r.VolumetricFog.GridPixelSize:8]]
[2022.02.21-02.24.29:091][  0]LogConfig: Setting CVar [[r.VolumetricFog.GridSizeZ:128]]
[2022.02.21-02.24.29:091][  0]LogConfig: Setting CVar [[r.VolumetricFog.HistoryMissSupersampleCount:4]]
[2022.02.21-02.24.29:091][  0]LogConfig: Setting CVar [[r.LightMaxDrawDistanceScale:1]]
[2022.02.21-02.24.29:091][  0]LogConfig: Setting CVar [[r.CapsuleShadows:1]]
[2022.02.21-02.24.29:091][  0]LogConfig: Applying CVar settings from Section [PostProcessQuality@3] File [G:/School/Drexel/2022 _ Winter/Arch Level Design/BioshockZoo/Bioshock_LevelDesign/BioshockZooProject/Saved/Config/Windows/Scalability.ini]
[2022.02.21-02.24.29:091][  0]LogConfig: Setting CVar [[r.MotionBlurQuality:4]]
[2022.02.21-02.24.29:091][  0]LogConfig: Setting CVar [[r.AmbientOcclusionMipLevelFactor:0.4]]
[2022.02.21-02.24.29:091][  0]LogConfig: Setting CVar [[r.AmbientOcclusionMaxQuality:100]]
[2022.02.21-02.24.29:091][  0]LogConfig: Setting CVar [[r.AmbientOcclusionLevels:-1]]
[2022.02.21-02.24.29:091][  0]LogConfig: Setting CVar [[r.AmbientOcclusionRadiusScale:1.0]]
[2022.02.21-02.24.29:091][  0]LogConfig: Setting CVar [[r.DepthOfFieldQuality:2]]
[2022.02.21-02.24.29:091][  0]LogConfig: Setting CVar [[r.RenderTargetPoolMin:400]]
[2022.02.21-02.24.29:091][  0]LogConfig: Setting CVar [[r.LensFlareQuality:2]]
[2022.02.21-02.24.29:091][  0]LogConfig: Setting CVar [[r.SceneColorFringeQuality:1]]
[2022.02.21-02.24.29:091][  0]LogConfig: Setting CVar [[r.EyeAdaptationQuality:2]]
[2022.02.21-02.24.29:091][  0]LogConfig: Setting CVar [[r.BloomQuality:5]]
[2022.02.21-02.24.29:091][  0]LogConfig: Setting CVar [[r.FastBlurThreshold:100]]
[2022.02.21-02.24.29:091][  0]LogConfig: Setting CVar [[r.Upscale.Quality:3]]
[2022.02.21-02.24.29:091][  0]LogConfig: Setting CVar [[r.Tonemapper.GrainQuantization:1]]
[2022.02.21-02.24.29:091][  0]LogConfig: Setting CVar [[r.LightShaftQuality:1]]
[2022.02.21-02.24.29:091][  0]LogConfig: Setting CVar [[r.Filter.SizeScale:1]]
[2022.02.21-02.24.29:091][  0]LogConfig: Setting CVar [[r.Tonemapper.Quality:5]]
[2022.02.21-02.24.29:091][  0]LogConfig: Setting CVar [[r.DOF.Gather.AccumulatorQuality:1        ; higher gathering accumulator quality]]
[2022.02.21-02.24.29:091][  0]LogConfig: Setting CVar [[r.DOF.Gather.PostfilterMethod:1          ; Median3x3 postfilering method]]
[2022.02.21-02.24.29:091][  0]LogConfig: Setting CVar [[r.DOF.Gather.EnableBokehSettings:0       ; no bokeh simulation when gathering]]
[2022.02.21-02.24.29:091][  0]LogConfig: Setting CVar [[r.DOF.Gather.RingCount:4                 ; medium number of samples when gathering]]
[2022.02.21-02.24.29:091][  0]LogConfig: Setting CVar [[r.DOF.Scatter.ForegroundCompositing:1    ; additive foreground scattering]]
[2022.02.21-02.24.29:091][  0]LogConfig: Setting CVar [[r.DOF.Scatter.BackgroundCompositing:2    ; additive background scattering]]
[2022.02.21-02.24.29:091][  0]LogConfig: Setting CVar [[r.DOF.Scatter.EnableBokehSettings:1      ; bokeh simulation when scattering]]
[2022.02.21-02.24.29:091][  0]LogConfig: Setting CVar [[r.DOF.Scatter.MaxSpriteRatio:0.1         ; only a maximum of 10% of scattered bokeh]]
[2022.02.21-02.24.29:091][  0]LogConfig: Setting CVar [[r.DOF.Recombine.Quality:1                ; cheap slight out of focus]]
[2022.02.21-02.24.29:091][  0]LogConfig: Setting CVar [[r.DOF.Recombine.EnableBokehSettings:0    ; no bokeh simulation on slight out of focus]]
[2022.02.21-02.24.29:091][  0]LogConfig: Setting CVar [[r.DOF.TemporalAAQuality:1                ; more stable temporal accumulation]]
[2022.02.21-02.24.29:091][  0]LogConfig: Setting CVar [[r.DOF.Kernel.MaxForegroundRadius:0.025]]
[2022.02.21-02.24.29:091][  0]LogConfig: Setting CVar [[r.DOF.Kernel.MaxBackgroundRadius:0.025]]
[2022.02.21-02.24.29:091][  0]LogConfig: Applying CVar settings from Section [TextureQuality@3] File [G:/School/Drexel/2022 _ Winter/Arch Level Design/BioshockZoo/Bioshock_LevelDesign/BioshockZooProject/Saved/Config/Windows/Scalability.ini]
[2022.02.21-02.24.29:091][  0]LogConfig: Setting CVar [[r.Streaming.MipBias:0]]
[2022.02.21-02.24.29:091][  0]LogConfig: Setting CVar [[r.Streaming.AmortizeCPUToGPUCopy:0]]
[2022.02.21-02.24.29:091][  0]LogConfig: Setting CVar [[r.Streaming.MaxNumTexturesToStreamPerFrame:0]]
[2022.02.21-02.24.29:091][  0]LogConfig: Setting CVar [[r.Streaming.Boost:1]]
[2022.02.21-02.24.29:091][  0]LogConfig: Setting CVar [[r.MaxAnisotropy:8]]
[2022.02.21-02.24.29:091][  0]LogConfig: Setting CVar [[r.VT.MaxAnisotropy:8]]
[2022.02.21-02.24.29:091][  0]LogConfig: Setting CVar [[r.Streaming.LimitPoolSizeToVRAM:0]]
[2022.02.21-02.24.29:091][  0]LogConfig: Setting CVar [[r.Streaming.PoolSize:1000]]
[2022.02.21-02.24.29:091][  0]LogConfig: Setting CVar [[r.Streaming.MaxEffectiveScreenSize:0]]
[2022.02.21-02.24.29:091][  0]LogConfig: Applying CVar settings from Section [EffectsQuality@3] File [G:/School/Drexel/2022 _ Winter/Arch Level Design/BioshockZoo/Bioshock_LevelDesign/BioshockZooProject/Saved/Config/Windows/Scalability.ini]
[2022.02.21-02.24.29:091][  0]LogConfig: Setting CVar [[r.TranslucencyLightingVolumeDim:64]]
[2022.02.21-02.24.29:091][  0]LogConfig: Setting CVar [[r.RefractionQuality:2]]
[2022.02.21-02.24.29:091][  0]LogConfig: Setting CVar [[r.SSR.Quality:3]]
[2022.02.21-02.24.29:091][  0]LogConfig: Setting CVar [[r.SSR.HalfResSceneColor:0]]
[2022.02.21-02.24.29:092][  0]LogConfig: Setting CVar [[r.SceneColorFormat:4]]
[2022.02.21-02.24.29:092][  0]LogConfig: Setting CVar [[r.DetailMode:2]]
[2022.02.21-02.24.29:092][  0]LogConfig: Setting CVar [[r.TranslucencyVolumeBlur:1]]
[2022.02.21-02.24.29:092][  0]LogConfig: Setting CVar [[r.MaterialQualityLevel:1 ; High quality]]
[2022.02.21-02.24.29:092][  0]LogConfig: Setting CVar [[r.AnisotropicMaterials:1]]
[2022.02.21-02.24.29:092][  0]LogConfig: Setting CVar [[r.SSS.Scale:1]]
[2022.02.21-02.24.29:092][  0]LogConfig: Setting CVar [[r.SSS.SampleSet:2]]
[2022.02.21-02.24.29:092][  0]LogConfig: Setting CVar [[r.SSS.Quality:1]]
[2022.02.21-02.24.29:092][  0]LogConfig: Setting CVar [[r.SSS.HalfRes:0]]
[2022.02.21-02.24.29:092][  0]LogConfig: Setting CVar [[r.SSGI.Quality:3]]
[2022.02.21-02.24.29:092][  0]LogConfig: Setting CVar [[r.EmitterSpawnRateScale:1.0]]
[2022.02.21-02.24.29:092][  0]LogConfig: Setting CVar [[r.ParticleLightQuality:2]]
[2022.02.21-02.24.29:092][  0]LogConfig: Setting CVar [[r.SkyAtmosphere.AerialPerspectiveLUT.FastApplyOnOpaque:1 ; Always have FastSkyLUT 1 in this case to avoid wrong sky]]
[2022.02.21-02.24.29:092][  0]LogConfig: Setting CVar [[r.SkyAtmosphere.AerialPerspectiveLUT.SampleCountMaxPerSlice:4]]
[2022.02.21-02.24.29:092][  0]LogConfig: Setting CVar [[r.SkyAtmosphere.AerialPerspectiveLUT.DepthResolution:16.0]]
[2022.02.21-02.24.29:092][  0]LogConfig: Setting CVar [[r.SkyAtmosphere.FastSkyLUT:1]]
[2022.02.21-02.24.29:092][  0]LogConfig: Setting CVar [[r.SkyAtmosphere.FastSkyLUT.SampleCountMin:4.0]]
[2022.02.21-02.24.29:092][  0]LogConfig: Setting CVar [[r.SkyAtmosphere.FastSkyLUT.SampleCountMax:128.0]]
[2022.02.21-02.24.29:092][  0]LogConfig: Setting CVar [[r.SkyAtmosphere.SampleCountMin:4.0]]
[2022.02.21-02.24.29:092][  0]LogConfig: Setting CVar [[r.SkyAtmosphere.SampleCountMax:128.0]]
[2022.02.21-02.24.29:092][  0]LogConfig: Setting CVar [[r.SkyAtmosphere.TransmittanceLUT.UseSmallFormat:0]]
[2022.02.21-02.24.29:092][  0]LogConfig: Setting CVar [[r.SkyAtmosphere.TransmittanceLUT.SampleCount:10.0]]
[2022.02.21-02.24.29:092][  0]LogConfig: Setting CVar [[r.SkyAtmosphere.MultiScatteringLUT.SampleCount:15.0]]
[2022.02.21-02.24.29:092][  0]LogConfig: Setting CVar [[r.SkyLight.RealTimeReflectionCapture:1]]
[2022.02.21-02.24.29:092][  0]LogConfig: Applying CVar settings from Section [FoliageQuality@3] File [G:/School/Drexel/2022 _ Winter/Arch Level Design/BioshockZoo/Bioshock_LevelDesign/BioshockZooProject/Saved/Config/Windows/Scalability.ini]
[2022.02.21-02.24.29:092][  0]LogConfig: Setting CVar [[foliage.DensityScale:1.0]]
[2022.02.21-02.24.29:092][  0]LogConfig: Setting CVar [[grass.DensityScale:1.0]]
[2022.02.21-02.24.29:092][  0]LogConfig: Applying CVar settings from Section [ShadingQuality@3] File [G:/School/Drexel/2022 _ Winter/Arch Level Design/BioshockZoo/Bioshock_LevelDesign/BioshockZooProject/Saved/Config/Windows/Scalability.ini]
[2022.02.21-02.24.29:092][  0]LogConfig: Setting CVar [[r.HairStrands.SkyLighting.IntegrationType:2]]
[2022.02.21-02.24.29:092][  0]LogConfig: Setting CVar [[r.HairStrands.SkyAO.SampleCount:4]]
[2022.02.21-02.24.29:092][  0]LogConfig: Setting CVar [[r.HairStrands.Visibility.MSAA.SamplePerPixel:4]]
[2022.02.21-02.24.29:092][  0]LogConfig: Applying CVar settings from Section [Startup] File [../../../Engine/Config/ConsoleVariables.ini]
[2022.02.21-02.24.29:092][  0]LogConfig: Setting CVar [[net.UseAdaptiveNetUpdateFrequency:0]]
[2022.02.21-02.24.29:092][  0]LogConfig: Setting CVar [[p.chaos.AllowCreatePhysxBodies:1]]
[2022.02.21-02.24.29:092][  0]LogConfig: Setting CVar [[fx.SkipVectorVMBackendOptimizations:1]]
[2022.02.21-02.24.29:092][  0]LogConfig: Applying CVar settings from Section [ConsoleVariables] File [G:/School/Drexel/2022 _ Winter/Arch Level Design/BioshockZoo/Bioshock_LevelDesign/BioshockZooProject/Saved/Config/Windows/Engine.ini]
[2022.02.21-02.24.29:092][  0]LogConfig: Applying CVar settings from Section [ConsoleVariables] File [G:/School/Drexel/2022 _ Winter/Arch Level Design/BioshockZoo/Bioshock_LevelDesign/BioshockZooProject/Saved/Config/Windows/Editor.ini]
[2022.02.21-02.24.29:092][  0]LogInit: Computer: DESKTOP-9K0UD1K
[2022.02.21-02.24.29:092][  0]LogInit: User: WorkEducation
[2022.02.21-02.24.29:092][  0]LogInit: CPU Page size=4096, Cores=4
[2022.02.21-02.24.29:092][  0]LogInit: High frequency timer resolution =10.000000 MHz
[2022.02.21-02.24.29:092][  0]LogMemory: Memory total: Physical=15.9GB (16GB approx)
[2022.02.21-02.24.29:093][  0]LogMemory: Platform Memory Stats for Windows
[2022.02.21-02.24.29:093][  0]LogMemory: Process Physical Memory: 140.95 MB used, 140.95 MB peak
[2022.02.21-02.24.29:093][  0]LogMemory: Process Virtual Memory: 125.74 MB used, 125.74 MB peak
[2022.02.21-02.24.29:093][  0]LogMemory: Physical Memory: 9646.82 MB used,  6676.18 MB free, 16323.00 MB total
[2022.02.21-02.24.29:093][  0]LogMemory: Virtual Memory: 134209424.00 MB used,  8307.68 MB free, 134217728.00 MB total
[2022.02.21-02.24.29:099][  0]LogWindows: WindowsPlatformFeatures enabled
[2022.02.21-02.24.29:148][  0]LogInit: Physics initialised using underlying interface: PhysX
[2022.02.21-02.24.29:149][  0]LogInit: Using OS detected language (en-US).
[2022.02.21-02.24.29:149][  0]LogInit: Using OS detected locale (en-US).
[2022.02.21-02.24.29:151][  0]LogTextLocalizationManager: No specific localization for 'en-US' exists, so the 'en' localization will be used.
[2022.02.21-02.24.29:387][  0]LogInit: Setting process to per monitor DPI aware
[2022.02.21-02.24.29:400][  0]LogWindowsTextInputMethodSystem: Display: IME system deactivated.
[2022.02.21-02.24.29:423][  0]LogSlate: New Slate User Created.  User Index 0, Is Virtual User: 0
[2022.02.21-02.24.29:423][  0]LogSlate: Slate User Registered.  User Index 0, Is Virtual User: 0
[2022.02.21-02.24.29:631][  0]LogD3D11RHI: Loaded GFSDK_Aftermath_Lib.x64.dll
[2022.02.21-02.24.29:634][  0]LogHMD: Failed to initialize OpenVR with code 110
[2022.02.21-02.24.29:634][  0]LogD3D11RHI: D3D11 min allowed feature level: 11_0
[2022.02.21-02.24.29:634][  0]LogD3D11RHI: D3D11 max allowed feature level: 11_0
[2022.02.21-02.24.29:634][  0]LogD3D11RHI: D3D11 adapters:
[2022.02.21-02.24.29:783][  0]LogD3D11RHI:    0. 'NVIDIA GeForce GTX 1070' (Feature Level 11_0)
[2022.02.21-02.24.29:783][  0]LogD3D11RHI:       8088/0/8161 MB DedicatedVideo/DedicatedSystem/SharedSystem, Outputs:2, VendorId:0x10de
[2022.02.21-02.24.29:786][  0]LogD3D11RHI:    1. 'Microsoft Basic Render Driver' (Feature Level 11_0)
[2022.02.21-02.24.29:786][  0]LogD3D11RHI:       0/0/8161 MB DedicatedVideo/DedicatedSystem/SharedSystem, Outputs:0, VendorId:0x1414
[2022.02.21-02.24.29:786][  0]LogD3D11RHI: Chosen D3D11 Adapter:
[2022.02.21-02.24.29:786][  0]LogD3D11RHI:     Description : NVIDIA GeForce GTX 1070
[2022.02.21-02.24.29:786][  0]LogD3D11RHI:     VendorId    : 10de
[2022.02.21-02.24.29:786][  0]LogD3D11RHI:     DeviceId    : 1b81
[2022.02.21-02.24.29:786][  0]LogD3D11RHI:     SubSysId    : 85a01043
[2022.02.21-02.24.29:786][  0]LogD3D11RHI:     Revision    : 00a1
[2022.02.21-02.24.29:786][  0]LogD3D11RHI:     DedicatedVideoMemory : 8480882688 bytes
[2022.02.21-02.24.29:786][  0]LogD3D11RHI:     DedicatedSystemMemory : 0 bytes
[2022.02.21-02.24.29:786][  0]LogD3D11RHI:     SharedSystemMemory : 8557950976 bytes
[2022.02.21-02.24.29:786][  0]LogD3D11RHI:     AdapterLuid : 0 54117
[2022.02.21-02.24.29:796][  0]LogD3D11RHI: Creating new Direct3DDevice
[2022.02.21-02.24.29:796][  0]LogD3D11RHI:     GPU DeviceId: 0x1b81 (for the marketing name, search the web for "GPU Device Id")
[2022.02.21-02.24.29:796][  0]LogWindows: EnumDisplayDevices:
[2022.02.21-02.24.29:796][  0]LogWindows:    0. 'NVIDIA GeForce GTX 1070' (P:0 D:1)
[2022.02.21-02.24.29:797][  0]LogWindows:    1. 'NVIDIA GeForce GTX 1070' (P:1 D:1)
[2022.02.21-02.24.29:797][  0]LogWindows:    2. 'NVIDIA GeForce GTX 1070' (P:0 D:0)
[2022.02.21-02.24.29:797][  0]LogWindows:    3. 'NVIDIA GeForce GTX 1070' (P:0 D:0)
[2022.02.21-02.24.29:797][  0]LogWindows: DebugString: FoundDriverCount:4 
[2022.02.21-02.24.29:797][  0]LogD3D11RHI:     Adapter Name: NVIDIA GeForce GTX 1070
[2022.02.21-02.24.29:797][  0]LogD3D11RHI:   Driver Version: 511.79 (internal:30.0.15.1179, unified:511.79)
[2022.02.21-02.24.29:797][  0]LogD3D11RHI:      Driver Date: 2-10-2022
[2022.02.21-02.24.29:797][  0]LogRHI: Texture pool is 5661 MB (70% of 8088 MB)
[2022.02.21-02.24.29:797][  0]LogD3D11RHI: Creating D3DDevice using adapter:
[2022.02.21-02.24.29:797][  0]LogD3D11RHI:     Description : NVIDIA GeForce GTX 1070
[2022.02.21-02.24.29:797][  0]LogD3D11RHI:     VendorId    : 10de
[2022.02.21-02.24.29:797][  0]LogD3D11RHI:     DeviceId    : 1b81
[2022.02.21-02.24.29:797][  0]LogD3D11RHI:     SubSysId    : 85a01043
[2022.02.21-02.24.29:797][  0]LogD3D11RHI:     Revision    : 00a1
[2022.02.21-02.24.29:797][  0]LogD3D11RHI:     DedicatedVideoMemory : 8480882688 bytes
[2022.02.21-02.24.29:797][  0]LogD3D11RHI:     DedicatedSystemMemory : 0 bytes
[2022.02.21-02.24.29:798][  0]LogD3D11RHI:     SharedSystemMemory : 8557950976 bytes
[2022.02.21-02.24.29:798][  0]LogD3D11RHI:     AdapterLuid : 0 54117
[2022.02.21-02.24.29:877][  0]LogD3D11RHI: RHI has support for 64 bit atomics
[2022.02.21-02.24.29:877][  0]LogD3D11RHI: Async texture creation enabled
[2022.02.21-02.24.29:877][  0]LogD3D11RHI: Array index from any shader is supported
[2022.02.21-02.24.29:896][  0]LogD3D11RHI: GPU Timing Frequency: 1000.000000 (Debug: 2 1)
[2022.02.21-02.24.29:948][  0]LogRHI: GeForceNow SDK initialized: 1
[2022.02.21-02.24.30:294][  0]LogTargetPlatformManager: Display: Loaded TargetPlatform 'AllDesktop'
[2022.02.21-02.24.30:316][  0]LogTargetPlatformManager: Display: Loaded TargetPlatform 'Android'
[2022.02.21-02.24.30:316][  0]LogTargetPlatformManager: Display: Loaded TargetPlatform 'Android_ASTC'
[2022.02.21-02.24.30:316][  0]LogTargetPlatformManager: Display: Loaded TargetPlatform 'Android_DXT'
[2022.02.21-02.24.30:316][  0]LogTargetPlatformManager: Display: Loaded TargetPlatform 'Android_ETC2'
[2022.02.21-02.24.30:316][  0]LogTargetPlatformManager: Display: Loaded TargetPlatform 'AndroidClient'
[2022.02.21-02.24.30:316][  0]LogTargetPlatformManager: Display: Loaded TargetPlatform 'Android_ASTCClient'
[2022.02.21-02.24.30:316][  0]LogTargetPlatformManager: Display: Loaded TargetPlatform 'Android_DXTClient'
[2022.02.21-02.24.30:316][  0]LogTargetPlatformManager: Display: Loaded TargetPlatform 'Android_ETC2Client'
[2022.02.21-02.24.30:316][  0]LogTargetPlatformManager: Display: Loaded TargetPlatform 'Android_Multi'
[2022.02.21-02.24.30:316][  0]LogTargetPlatformManager: Display: Loaded TargetPlatform 'Android_MultiClient'
[2022.02.21-02.24.30:329][  0]LogTargetPlatformManager: Display: Loaded TargetPlatform 'IOSClient'
[2022.02.21-02.24.30:329][  0]LogTargetPlatformManager: Display: Loaded TargetPlatform 'IOS'
[2022.02.21-02.24.30:336][  0]LogTargetPlatformManager: Display: Loaded TargetPlatform 'Linux'
[2022.02.21-02.24.30:339][  0]LogTargetPlatformManager: Display: Loaded TargetPlatform 'LinuxNoEditor'
[2022.02.21-02.24.30:342][  0]LogTargetPlatformManager: Display: Loaded TargetPlatform 'LinuxClient'
[2022.02.21-02.24.30:345][  0]LogTargetPlatformManager: Display: Loaded TargetPlatform 'LinuxServer'
[2022.02.21-02.24.30:352][  0]LogTargetPlatformManager: Display: Loaded TargetPlatform 'LinuxAArch64NoEditor'
[2022.02.21-02.24.30:355][  0]LogTargetPlatformManager: Display: Loaded TargetPlatform 'LinuxAArch64Client'
[2022.02.21-02.24.30:358][  0]LogTargetPlatformManager: Display: Loaded TargetPlatform 'LinuxAArch64Server'
[2022.02.21-02.24.30:380][  0]LogTargetPlatformManager: Display: Loaded TargetPlatform 'Lumin'
[2022.02.21-02.24.30:380][  0]LogTargetPlatformManager: Display: Loaded TargetPlatform 'LuminClient'
[2022.02.21-02.24.30:386][  0]LogTargetPlatformManager: Display: Loaded TargetPlatform 'MacNoEditor'
[2022.02.21-02.24.30:389][  0]LogTargetPlatformManager: Display: Loaded TargetPlatform 'Mac'
[2022.02.21-02.24.30:392][  0]LogTargetPlatformManager: Display: Loaded TargetPlatform 'MacClient'
[2022.02.21-02.24.30:395][  0]LogTargetPlatformManager: Display: Loaded TargetPlatform 'MacServer'
[2022.02.21-02.24.30:403][  0]LogTargetPlatformManager: Display: Loaded TargetPlatform 'TVOSClient'
[2022.02.21-02.24.30:403][  0]LogTargetPlatformManager: Display: Loaded TargetPlatform 'TVOS'
[2022.02.21-02.24.30:410][  0]LogTargetPlatformManager: Display: Loaded TargetPlatform 'WindowsNoEditor'
[2022.02.21-02.24.30:413][  0]LogTargetPlatformManager: Display: Loaded TargetPlatform 'Windows'
[2022.02.21-02.24.30:416][  0]LogTargetPlatformManager: Display: Loaded TargetPlatform 'WindowsClient'
[2022.02.21-02.24.30:419][  0]LogTargetPlatformManager: Display: Loaded TargetPlatform 'WindowsServer'
[2022.02.21-02.24.30:419][  0]LogTargetPlatformManager: Display: Building Assets For Windows
[2022.02.21-02.24.30:422][  0]LogAudioDebug: Display: Lib vorbis DLL was dynamically loaded.
[2022.02.21-02.24.30:436][  0]LogTextureFormatOodle: Display: Oodle Texture 2.9.0 init RDO Off
[2022.02.21-02.24.30:454][  0]LogRendererCore: Ray tracing is disabled. Reason: r.RayTracing=0.
[2022.02.21-02.24.30:454][  0]LogShaderCompilers: Guid format shader working directory is -44 characters bigger than the processId version (G:/School/Drexel/2022 _ Winter/Arch Level Design/BioshockZoo/Bioshock_LevelDesign/BioshockZooProject/Intermediate/Shaders/WorkingDirectory/30096/).
[2022.02.21-02.24.30:454][  0]LogShaderCompilers: Cleaned the shader compiler working directory 'C:/Users/Work & Education/AppData/Local/Temp/UnrealShaderWorkingDir/537FED2E4B48BF8560F41382D681419F/'.
[2022.02.21-02.24.30:454][  0]LogXGEController: Cannot use XGE Controller as Incredibuild is not installed on this machine.
[2022.02.21-02.24.30:454][  0]LogShaderCompilers: Cannot use XGE Shader Compiler as Incredibuild is not installed on this machine.
[2022.02.21-02.24.30:454][  0]LogShaderCompilers: Display: Using Local Shader Compiler.
[2022.02.21-02.24.31:254][  0]LogDerivedDataCache: Display: Max Cache Size: 512 MB
[2022.02.21-02.24.31:327][  0]LogDerivedDataCache: Loaded boot cache 0.07s 94MB C:/Users/Work & Education/AppData/Local/UnrealEngine/4.27/DerivedDataCache/Boot.ddc.
[2022.02.21-02.24.31:327][  0]LogDerivedDataCache: Display: Loaded Boot cache: C:/Users/Work & Education/AppData/Local/UnrealEngine/4.27/DerivedDataCache/Boot.ddc
[2022.02.21-02.24.31:327][  0]LogDerivedDataCache: FDerivedDataBackendGraph:  Pak pak cache file G:/School/Drexel/2022 _ Winter/Arch Level Design/BioshockZoo/Bioshock_LevelDesign/BioshockZooProject/DerivedDataCache/DDC.ddp not found, will not use a pak cache.
[2022.02.21-02.24.31:327][  0]LogDerivedDataCache: Unable to find inner node Pak for hierarchical cache Hierarchy.
[2022.02.21-02.24.31:327][  0]LogDerivedDataCache: FDerivedDataBackendGraph:  CompressedPak pak cache file G:/School/Drexel/2022 _ Winter/Arch Level Design/BioshockZoo/Bioshock_LevelDesign/BioshockZooProject/DerivedDataCache/Compressed.ddp not found, will not use a pak cache.
[2022.02.21-02.24.31:327][  0]LogDerivedDataCache: Unable to find inner node CompressedPak for hierarchical cache Hierarchy.
[2022.02.21-02.24.31:343][  0]LogDerivedDataCache: Display: Pak cache opened for reading ../../../Engine/DerivedDataCache/Compressed.ddp.
[2022.02.21-02.24.31:343][  0]LogDerivedDataCache: FDerivedDataBackendGraph:  EnterprisePak pak cache file ../../../Enterprise/DerivedDataCache/Compressed.ddp not found, will not use a pak cache.
[2022.02.21-02.24.31:343][  0]LogDerivedDataCache: Unable to find inner node EnterprisePak for hierarchical cache Hierarchy.
[2022.02.21-02.24.31:353][  0]LogDerivedDataCache: Speed tests for C:/Users/Work & Education/AppData/Local/UnrealEngine/Common/DerivedDataCache took 0.01 seconds
[2022.02.21-02.24.31:353][  0]LogDerivedDataCache: Display: Performance to C:/Users/Work & Education/AppData/Local/UnrealEngine/Common/DerivedDataCache: Latency=0.04ms. RandomReadSpeed=992.41MBs, RandomWriteSpeed=111.38MBs. Assigned SpeedClass 'Local'
[2022.02.21-02.24.31:354][  0]LogDerivedDataCache: Using Local data cache path C:/Users/Work & Education/AppData/Local/UnrealEngine/Common/DerivedDataCache: Writable
[2022.02.21-02.24.31:354][  0]LogDerivedDataCache: Shared data cache path not found in *engine.ini, will not use an Shared cache.
[2022.02.21-02.24.31:354][  0]LogDerivedDataCache: Unable to find inner node Shared for hierarchical cache Hierarchy.
[2022.02.21-02.24.31:401][  0]LogSlate: Using FreeType 2.10.0
[2022.02.21-02.24.31:402][  0]LogSlate: SlateFontServices - WITH_FREETYPE: 1, WITH_HARFBUZZ: 1
[2022.02.21-02.24.31:429][  0]LogAssetRegistry: FAssetRegistry took 0.0029 seconds to start up
[2022.02.21-02.24.31:665][  0]LogInit: Selected Device Profile: [Windows]
[2022.02.21-02.24.31:665][  0]LogInit: Active device profile: [0000025641206D00][000002564070AFC0 49] Windows
[2022.02.21-02.24.31:665][  0]LogInit: Profiles: [0000025641206D00][000002564070AFC0 49] Windows, [00000256411B2300][000002564070F240 49] WindowsNoEditor, [0000025641205E00][00000256407134C0 49] WindowsServer, [00000256411B3100][000002564071B780 49] WindowsClient, [0000025641205000][000002564071FA40 49] IOS, [00000256411B3B00][0000025640722180 49] iPadAir, [0000025641207B00][0000025640726440 49] iPadAir2, [0000025641152000][000002564073A980 49] IPadPro, [0000025641152100][000002564072A9C0 49] iPadAir3, [00000256411B1F00][0000025640732C80 49] iPadAir4, [0000025641153000][000002564072EF40 49] iPadMini2, [00000256411B2900][0000025640737200 49] iPadMini3, [0000025641153D00][0000025640717480 49] iPadMini4, [00000256411B1700][0000025630FF3700 49] iPadMini5, [0000025641199900][00000256407B00C0 49] iPhone6, [0000025641199A00][000002563781E100 49] iPodTouch6, [0000025641205200][00000256378E4640 49] iPhone7, [0000025641206900][00000256407A8680 49] iPodTouch7, [0000025641151D00][00000256407AC940 49] iPhone5S, [0000025641206500][0000025631012C00 49] iPhone6Plus, [0000025641151500][000002563482AEC0 49] iPhone6S, [0000025641205F00][0000025639649180 49] iPhone6SPlus, [0000025641151200][000002563964D440 49] iPhone7Plus, [0000025641204100][000002563781B6C0 49] iPhoneSE, [0000025641151000][0000025639651940 49] iPhone8, [0000025641207900][0000025639659C00 49] iPhone8Plus, [0000025641204700][000002563965C340 49] iPhoneX, [0000025641198600][0000025639660600 49] iPhoneXS, [0000025641205B00][00000256396648C0 49] iPhoneXSMax, [0000025641198A00][0000025639668B80 49] iPhoneXR, [0000025641206700][000002563966CE40 49] iPhone11, [0000025641198B00][0000025639671100 49] iPhone11Pro, [0000025641198400][00000256396753C0 49] iPhone11ProMax, [0000025641151900][0000025639679680 49] iPhoneSE2, [000002564119A400][0000025639655900 49] iPhone12Mini, [0000025641153400][000002563967DB80 49] iPhone12, [000002564119A800][00000256396842C0 49] iPhone12Pro, [0000025641153200][00000256396CA580 49] iPhone12ProMax, [000002564119AF00][00000256396CE840 49] iPadPro105, [0000025641153500][00000256396D2B00 49] iPadPro129, [000002564119B000][00000256396D6DC0 49] iPadPro97, [0000025641151700][00000256396DB080 49] iPadPro2_129, [0000025641204D00][00000256396DF340 49] iPad5, [0000025641152300][00000256396E3600 49] iPad6, [0000025641204F00][00000256396E78C0 49] iPad7, [0000025641153600][0000025639681B40 49] iPad8, [0000025641204B00][00000256396EA240 49] iPadPro11, [0000025641151C00][00000256396F2500 49] iPadPro2_11, [0000025641204800][00000256396F67C0 49] iPadPro3_129, [0000025641151100][00000256396FAA80 49] iPadPro4_129, [0000025641204C00][00000256396FED40 49] AppleTV, [0000025641152B00][0000025639703000 49] AppleTV4K, [0000025641205600][00000256397072C0 49] TVOS, [0000025641151600][000002563970B580 49] Mac, [0000025641207C00][000002563970F840 49] MacClient, [0000025641152E00][00000256378E9B00 49] MacNoEditor, [0000025641207500][00000256396EE200 49] MacServer, [0000025641153900][00000256378F04C0 49] Linux, [0000025641207A00][00000256378F4780 49] LinuxAArch64, [0000025641153F00][00000256378F8A40 49] LinuxNoEditor, [0000025641207400][00000256378FCD00 49] LinuxAArch64NoEditor, [0000025641150A00][0000025637900FC0 49] LinuxClient, [0000025641207300][0000025637905280 49] LinuxAArch64Client, [0000025641151E00][0000025637909540 49] LinuxServer, [0000025641204200][000002563790D800 49] LinuxAArch64Server, [0000025641150800][0000025637911AC0 49] Android, [0000025641205400][00000256378EC1C0 49] Android_Low, [0000025641150700][0000025637914440 49] Android_Mid, [0000025641206B00][000002563791C700 49] Android_High, [0000025641152400][00000256379209C0 49] Android_Default, [0000025641207000][0000025637924C80 49] Android_Adreno4xx, [0000025641150B00][0000025637928F40 49] Android_Adreno5xx_Low, [0000025641206100][000002563792D200 49] Android_Adreno5xx, [0000025641152900][00000256379314C0 49] Android_Adreno6xx, [0000025641206800][0000025641A61780 49] Android_Adreno6xx_Vulkan, [0000025641153E00][0000025641A65A40 49] Android_Mali_T6xx, [0000025641206600][0000025641A68180 49] Android_Mali_T7xx, [0000025641150400][0000025637918400 49] Android_Mali_T8xx, [0000025641204600][0000025641A6C680 49] Android_Mali_G71, [0000025641152500][0000025641A74940 49] Android_Mali_G72, [0000025641204900][0000025641A78C00 49] Android_Mali_G72_Vulkan, [0000025641150500][0000025641A7CEC0 49] Android_Mali_G76, [0000025641205500][0000025641A81180 49] Android_Mali_G76_Vulkan, [0000025641151800][0000025641A85440 49] Android_Mali_G77, [0000025641204400][0000025641A89700 49] Android_Mali_G77_Vulkan, [0000025641199800][0000025641A8D9C0 49] Android_Mali_G78, [00000256411B0A00][0000025641A90100 49] Android_Mali_G78_Vulkan, [0000025641199700][0000025641A943C0 49] Android_Mali_G710, [00000256411B2600][0000025641A70640 49] Android_Mali_G710_Vulkan, [000002564119A300][0000025641A988C0 49] Android_Vulkan_SM5, [00000256411B2700][0000025641AA0B80 49] Android_PowerVR_G6xxx, [0000025641199C00][0000025641AA4E40 49] Android_PowerVR_GT7xxx, [00000256411B2400][0000025641AA9100 49] Android_PowerVR_GE8xxx, [0000025641199E00][0000025641AAD3C0 49] Android_PowerVR_GM9xxx, [00000256411B0500][0000025641AB1680 49] Android_PowerVR_GM9xxx_Vulkan, [000002564119A600][0000025641AB5940 49] Android_TegraK1, [00000256411B3400][0000025641AB9C00 49] Android_Unknown_Vulkan, [0000025641198100][0000025641ABC340 49] Lumin, [00000256411B0600][0000025641AC0600 49] Lumin_Desktop, [000002564119BC00][0000025641A9C880 49] HoloLens, 
[2022.02.21-02.24.31:797][  0]LogMeshReduction: Using QuadricMeshReduction for automatic static mesh reduction
[2022.02.21-02.24.31:797][  0]LogMeshReduction: Using SimplygonMeshReduction for automatic skeletal mesh reduction
[2022.02.21-02.24.31:797][  0]LogMeshReduction: Using ProxyLODMeshReduction for automatic mesh merging
[2022.02.21-02.24.31:797][  0]LogMeshReduction: No distributed automatic mesh merging module available
[2022.02.21-02.24.31:797][  0]LogMeshMerging: No distributed automatic mesh merging module available
[2022.02.21-02.24.31:817][  0]LogNetVersion: BioshockZooProject 1.0.0, NetCL: 17155196, EngineNetVer: 17, GameNetVer: 0 (Checksum: 713713585)
[2022.02.21-02.24.32:244][  0]LogTexture: Default maximum texture size for cubemaps generated from long-lat sources has been changed from 512 to unlimited. In order to preserve old behaiour for '/Engine/MapTemplates/Sky/DaylightAmbientCubemap.DaylightAmbientCubemap', its maximum texture size has been explicitly set to 512.
[2022.02.21-02.24.32:316][  0]LogHMD: PokeAHoleMaterial loaded successfully
[2022.02.21-02.24.32:323][  0]LogUObjectArray: 17178 objects as part of root set at end of initial load.
[2022.02.21-02.24.32:323][  0]LogUObjectAllocator: 4302048 out of 0 bytes used by permanent object pool.
[2022.02.21-02.24.32:323][  0]LogUObjectArray: CloseDisregardForGC: 0/0 objects in disregard for GC pool
[2022.02.21-02.24.32:561][  0]LogNiagaraDebuggerClient: Niagara Debugger Client Initialized | Session: B2194A3B43EEED4CF4C3019CB5A4EB31 | Instance: 85C0931C4FDE5D4228EF14B625EF302C (DESKTOP-9K0UD1K-30096).
[2022.02.21-02.24.32:590][  0]LogPython: Using Python 3.7.7
[2022.02.21-02.24.33:258][  0]LogTcpMessaging: Initializing TcpMessaging bridge
[2022.02.21-02.24.33:262][  0]LogUdpMessaging: Initializing bridge on interface 0.0.0.0:0 to multicast group 230.0.0.1:6666.
[2022.02.21-02.24.33:422][  0]SourceControl: Source control is disabled
[2022.02.21-02.24.33:422][  0]SourceControl: Source control is disabled
[2022.02.21-02.24.33:425][  0]SourceControl: Source control is disabled
[2022.02.21-02.24.33:428][  0]SourceControl: Source control is disabled
[2022.02.21-02.24.33:438][  0]SourceControl: Source control is disabled
[2022.02.21-02.24.33:445][  0]LogUProjectInfo: Found projects:
[2022.02.21-02.24.33:665][  0]LogOpenImageDenoise: OIDN starting up
[2022.02.21-02.24.33:708][  0]LogAndroidPermission: UAndroidPermissionCallbackProxy::GetInstance
[2022.02.21-02.24.33:729][  0]LogAudioCaptureCore: Display: No Audio Capture implementations found. Audio input will be silent.
[2022.02.21-02.24.33:729][  0]LogAudioCaptureCore: Display: No Audio Capture implementations found. Audio input will be silent.
[2022.02.21-02.24.33:888][  0]LogCollectionManager: Loaded 0 collections in 0.000710 seconds
[2022.02.21-02.24.33:911][  0]LogFileCache: Scanning file cache for directory 'G:/School/Drexel/2022 _ Winter/Arch Level Design/BioshockZoo/Bioshock_LevelDesign/BioshockZooProject/Saved/Collections/' took 0.00s
[2022.02.21-02.24.33:911][  0]LogFileCache: Scanning file cache for directory 'G:/School/Drexel/2022 _ Winter/Arch Level Design/BioshockZoo/Bioshock_LevelDesign/BioshockZooProject/Content/Developers/WorkEducation/Collections/' took 0.00s
[2022.02.21-02.24.33:911][  0]LogFileCache: Scanning file cache for directory 'G:/School/Drexel/2022 _ Winter/Arch Level Design/BioshockZoo/Bioshock_LevelDesign/BioshockZooProject/Content/Collections/' took 0.00s
[2022.02.21-02.24.33:911][  0]LogOcInput: OculusInput pre-init called
[2022.02.21-02.24.34:166][  0]LogEngine: Initializing Engine...
[2022.02.21-02.24.34:168][  0]LogHMD: Failed to enumerate extensions. Please check that you have a valid OpenXR runtime installed.
[2022.02.21-02.24.34:168][  0]LogHMD: Failed to initialize OpenVR with code 110
[2022.02.21-02.24.34:168][  0]LogMagicLeap: Warning: VR disabled because ZI is not enabled.  To enable, in the editor, Edit -> Project Settings -> Plugins -> Magic Leap Plugin -> Enable Zero Iteration
[2022.02.21-02.24.34:169][  0]LogStats: UGameplayTagsManager::InitializeManager -  0.000 s
[2022.02.21-02.24.34:314][  0]LogInit: Initializing FReadOnlyCVARCache
[2022.02.21-02.24.34:321][  0]LogAIModule: Creating AISystem for world Untitled
[2022.02.21-02.24.34:343][  0]LogAudio: Display: Initializing Audio Device Manager...
[2022.02.21-02.24.34:345][  0]LogAudio: Display: Loading Default Audio Settings Objects...
[2022.02.21-02.24.34:345][  0]LogAudio: Display: No default SoundConcurrencyObject specified (or failed to load).
[2022.02.21-02.24.34:346][  0]LogAudio: Display: Audio Device Manager Initialized
[2022.02.21-02.24.34:346][  0]LogAudio: Display: Creating Audio Device:                 Id: 1, Scope: Shared, Realtime: True
[2022.02.21-02.24.34:346][  0]LogAudioMixer: Display: Audio Mixer Platform Settings:
[2022.02.21-02.24.34:346][  0]LogAudioMixer: Display: 	Sample Rate:						  48000
[2022.02.21-02.24.34:346][  0]LogAudioMixer: Display: 	Callback Buffer Frame Size Requested: 1024
[2022.02.21-02.24.34:346][  0]LogAudioMixer: Display: 	Callback Buffer Frame Size To Use:	  1024
[2022.02.21-02.24.34:346][  0]LogAudioMixer: Display: 	Number of buffers to queue:			  2
[2022.02.21-02.24.34:346][  0]LogAudioMixer: Display: 	Max Channels (voices):				  32
[2022.02.21-02.24.34:346][  0]LogAudioMixer: Display: 	Number of Async Source Workers:		  0
[2022.02.21-02.24.34:346][  0]LogAudio: Display: AudioDevice MaxSources: 32
[2022.02.21-02.24.34:346][  0]LogAudio: Display: Audio Spatialization Plugin: None (built-in).
[2022.02.21-02.24.34:346][  0]LogAudio: Display: Audio Reverb Plugin: None (built-in).
[2022.02.21-02.24.34:346][  0]LogAudio: Display: Audio Occlusion Plugin: None (built-in).
[2022.02.21-02.24.34:346][  0]LogAudioMixer: Display: Initializing audio mixer.
[2022.02.21-02.24.34:366][  0]LogAudioMixer: Display: 0: FrontLeft
[2022.02.21-02.24.34:366][  0]LogAudioMixer: Display: 1: FrontRight
[2022.02.21-02.24.34:388][  0]LogAudioMixer: Display: Using Audio Device Headset (2- SteelSeries Arctis 1 Wireless)
[2022.02.21-02.24.34:394][  0]LogAudioMixer: Display: Initializing Sound Submixes...
[2022.02.21-02.24.34:397][  0]LogAudioMixer: Display: Creating Master Submix 'MasterSubmixDefault'
[2022.02.21-02.24.34:397][  0]LogAudioMixer: Display: Creating Master Submix 'MasterReverbSubmixDefault'
[2022.02.21-02.24.34:398][  0]LogAudioMixer: Display: Creating Master Submix 'MasterEQSubmixDefault'
[2022.02.21-02.24.34:398][  0]LogAudioMixer: FMixerPlatformXAudio2::StartAudioStream() called
[2022.02.21-02.24.34:398][  0]LogAudioMixer: Display: Output buffers initialized: Frames=1024, Channels=2, Samples=2048
[2022.02.21-02.24.34:399][  0]LogAudioMixer: Display: Starting AudioMixerPlatformInterface::RunInternal()
[2022.02.21-02.24.34:399][  0]LogAudioMixer: Display: FMixerPlatformXAudio2::SubmitBuffer() called for the first time
[2022.02.21-02.24.34:399][  0]LogInit: FAudioDevice initialized.
[2022.02.21-02.24.34:399][  0]LogAudio: Display: Audio Device (ID: 1) registered with world 'Untitled'.
[2022.02.21-02.24.34:399][  0]LogNetVersion: Set ProjectVersion to 1.0.0.0. Version Checksum will be recalculated on next use.
[2022.02.21-02.24.34:479][  0]LogDerivedDataCache: Saved boot cache 0.08s 94MB C:/Users/Work & Education/AppData/Local/UnrealEngine/4.27/DerivedDataCache/Boot.ddc.
[2022.02.21-02.24.34:479][  0]LogInit: Texture streaming: Enabled
[2022.02.21-02.24.34:486][  0]LogAnalytics: Display: [UEEditor.Rocket.Release] APIServer = https://datarouter.ol.epicgames.com/. AppVersion = 4.27.2-18319896+++UE4+Release-4.27
[2022.02.21-02.24.34:489][  0]LogEngineSessionManager: EngineSessionManager initialized
[2022.02.21-02.24.34:489][  0]LogEditorSessionSummary: Verbose: Initializing EditorSessionSummaryWriter for editor session tracking
[2022.02.21-02.24.34:495][  0]LogEditorSessionSummary: EditorSessionSummaryWriter initialized
[2022.02.21-02.24.34:564][  0]LogInit: Transaction tracking system initialized
[2022.02.21-02.24.34:575][  0]BlueprintLog: New page: Editor Load
[2022.02.21-02.24.34:612][  0]LocalizationService: Localization service is disabled
[2022.02.21-02.24.34:628][  0]TimingProfiler: Initialize
[2022.02.21-02.24.34:628][  0]TimingProfiler: OnSessionChanged
[2022.02.21-02.24.34:628][  0]LoadingProfiler: Initialize
[2022.02.21-02.24.34:628][  0]LoadingProfiler: OnSessionChanged
[2022.02.21-02.24.34:628][  0]NetworkingProfiler: Initialize
[2022.02.21-02.24.34:628][  0]NetworkingProfiler: OnSessionChanged
[2022.02.21-02.24.34:628][  0]MemoryProfiler: Initialize
[2022.02.21-02.24.34:628][  0]MemoryProfiler: OnSessionChanged
[2022.02.21-02.24.34:797][  0]LogCook: Display: CookSettings for Memory: MemoryMaxUsedVirtual 0MiB, MemoryMaxUsedPhysical 16384MiB, MemoryMinFreeVirtual 0MiB, MemoryMinFreePhysical 1024MiB
[2022.02.21-02.24.34:797][  0]LogCook: Display: Mobile HDR setting 1
[2022.02.21-02.24.35:259][  0]LogFileCache: Scanning file cache for directory 'G:/School/Drexel/2022 _ Winter/Arch Level Design/BioshockZoo/Bioshock_LevelDesign/BioshockZooProject/Content/' took 0.00s
[2022.02.21-02.24.35:508][  0]LogInit: Display: Engine is initialized. Leaving FEngineLoop::Init()
[2022.02.21-02.24.35:514][  0]SourceControl: Source control is disabled
[2022.02.21-02.24.35:514][  0]LogUnrealEdMisc: Loading editor; pre map load, took 8.811
[2022.02.21-02.24.35:514][  0]Cmd: MAP LOAD FILE="G:/School/Drexel/2022 _ Winter/Arch Level Design/BioshockZoo/Bioshock_LevelDesign/BioshockZooProject/Content/Maps/ZooLevel.umap" TEMPLATE=0 SHOWPROGRESS=1 FEATURELEVEL=3
[2022.02.21-02.24.35:514][  0]LightingResults: New page: Lighting Build
[2022.02.21-02.24.35:516][  0]LogWorld: UWorld::CleanupWorld for Untitled, bSessionEnded=true, bCleanupResources=true
[2022.02.21-02.24.35:516][  0]LogSlate: InvalidateAllWidgets triggered.  All widgets were invalidated
[2022.02.21-02.24.35:516][  0]MapCheck: New page: Map Check
[2022.02.21-02.24.35:516][  0]LightingResults: New page: Lighting Build
[2022.02.21-02.24.35:676][  0]LogAudio: Display: Audio Device unregistered from world 'None'.
[2022.02.21-02.24.35:681][  0]LogUObjectHash: Compacting FUObjectHashTables data took   0.88ms
[2022.02.21-02.24.35:875][  0]LogAudio: Display: Audio Device (ID: 1) registered with world 'ZooLevel'.
[2022.02.21-02.24.35:876][  0]LogAIModule: Creating AISystem for world ZooLevel
[2022.02.21-02.24.35:887][  0]LogEditorServer: Finished looking for orphan Actors (0.000 secs)
[2022.02.21-02.24.35:923][  0]LogUObjectHash: Compacting FUObjectHashTables data took   1.01ms
[2022.02.21-02.24.35:923][  0]Cmd: MAP CHECKDEP NOCLEARLOG
[2022.02.21-02.24.35:924][  0]MapCheck: Map check complete: 0 Error(s), 0 Warning(s), took 0.144ms to complete.
[2022.02.21-02.24.35:924][  0]LogFileHelpers: Loading map 'ZooLevel' took 0.410
[2022.02.21-02.24.35:926][  0]LogUnrealEdMisc: Total Editor Startup Time, took 9.223
[2022.02.21-02.24.36:032][  0]LogSlate: Updating window title bar state: overlay mode, drag disabled, window buttons hidden, title bar hidden
[2022.02.21-02.24.36:039][  0]LogSlate: Updating window title bar state: overlay mode, drag disabled, window buttons hidden, title bar hidden
[2022.02.21-02.24.36:045][  0]LogSlate: Updating window title bar state: overlay mode, drag disabled, window buttons hidden, title bar hidden
[2022.02.21-02.24.36:052][  0]LogSlate: Updating window title bar state: overlay mode, drag disabled, window buttons hidden, title bar hidden
[2022.02.21-02.24.36:097][  0]LogNativeClassHierarchy: Verbose: Native class hierarchy populated in 0.0092 seconds. Added 3824 classes and 932 folders.
[2022.02.21-02.24.36:101][  0]LogNativeClassHierarchy: Verbose: Native class hierarchy updated for 'WidgetCarousel' in 0.0003 seconds. Added 0 classes and 0 folders.
[2022.02.21-02.24.36:102][  0]LogPakFile: PakFile PrimaryIndexSize=187
[2022.02.21-02.24.36:102][  0]LogPakFile: PakFile PathHashIndexSize=101
[2022.02.21-02.24.36:102][  0]LogPakFile: PakFile FullDirectoryIndexSize=148
[2022.02.21-02.24.36:102][  0]LogShaderLibrary: Display: ShaderCodeLibraryPakFileMountedCallback: PakFile 'D:/Epic Games/UE_4.27/FeaturePacks/FP_FirstPerson.upack' (chunk index -1, root 'root:/') mounted
[2022.02.21-02.24.36:102][  0]LogShaderLibrary: Display: ShaderCodeLibraryPakFileMountedCallback: pending pak file info (ChunkID:-1 Root:root:/ File:D:/Epic Games/UE_4.27/FeaturePacks/FP_FirstPerson.upack)
[2022.02.21-02.24.36:102][  0]LogPakFile: OnPakFileMounted2Time == 0.000056
[2022.02.21-02.24.36:103][  0]LogPakFile: PakFile PrimaryIndexSize=189
[2022.02.21-02.24.36:103][  0]LogPakFile: PakFile PathHashIndexSize=101
[2022.02.21-02.24.36:103][  0]LogPakFile: PakFile FullDirectoryIndexSize=152
[2022.02.21-02.24.36:103][  0]LogShaderLibrary: Display: ShaderCodeLibraryPakFileMountedCallback: PakFile 'D:/Epic Games/UE_4.27/FeaturePacks/FP_FirstPersonBP.upack' (chunk index -1, root 'root:/') mounted
[2022.02.21-02.24.36:103][  0]LogShaderLibrary: Display: ShaderCodeLibraryPakFileMountedCallback: pending pak file info (ChunkID:-1 Root:root:/ File:D:/Epic Games/UE_4.27/FeaturePacks/FP_FirstPersonBP.upack)
[2022.02.21-02.24.36:103][  0]LogPakFile: OnPakFileMounted2Time == 0.000042
[2022.02.21-02.24.36:104][  0]LogPakFile: PakFile PrimaryIndexSize=191
[2022.02.21-02.24.36:104][  0]LogPakFile: PakFile PathHashIndexSize=101
[2022.02.21-02.24.36:104][  0]LogPakFile: PakFile FullDirectoryIndexSize=160
[2022.02.21-02.24.36:104][  0]LogShaderLibrary: Display: ShaderCodeLibraryPakFileMountedCallback: PakFile 'D:/Epic Games/UE_4.27/FeaturePacks/MobileStarterContent.upack' (chunk index -1, root 'root:/') mounted
[2022.02.21-02.24.36:104][  0]LogShaderLibrary: Display: ShaderCodeLibraryPakFileMountedCallback: pending pak file info (ChunkID:-1 Root:root:/ File:D:/Epic Games/UE_4.27/FeaturePacks/MobileStarterContent.upack)
[2022.02.21-02.24.36:104][  0]LogPakFile: OnPakFileMounted2Time == 0.000036
[2022.02.21-02.24.36:104][  0]LogPakFile: PakFile PrimaryIndexSize=185
[2022.02.21-02.24.36:105][  0]LogPakFile: PakFile PathHashIndexSize=101
[2022.02.21-02.24.36:105][  0]LogPakFile: PakFile FullDirectoryIndexSize=148
[2022.02.21-02.24.36:105][  0]LogShaderLibrary: Display: ShaderCodeLibraryPakFileMountedCallback: PakFile 'D:/Epic Games/UE_4.27/FeaturePacks/StarterContent.upack' (chunk index -1, root 'root:/') mounted
[2022.02.21-02.24.36:105][  0]LogShaderLibrary: Display: ShaderCodeLibraryPakFileMountedCallback: pending pak file info (ChunkID:-1 Root:root:/ File:D:/Epic Games/UE_4.27/FeaturePacks/StarterContent.upack)
[2022.02.21-02.24.36:105][  0]LogPakFile: OnPakFileMounted2Time == 0.000035
[2022.02.21-02.24.36:105][  0]LogPakFile: PakFile PrimaryIndexSize=190
[2022.02.21-02.24.36:105][  0]LogPakFile: PakFile PathHashIndexSize=101
[2022.02.21-02.24.36:105][  0]LogPakFile: PakFile FullDirectoryIndexSize=154
[2022.02.21-02.24.36:105][  0]LogShaderLibrary: Display: ShaderCodeLibraryPakFileMountedCallback: PakFile 'D:/Epic Games/UE_4.27/FeaturePacks/TP_2DSideScroller.upack' (chunk index -1, root 'root:/') mounted
[2022.02.21-02.24.36:105][  0]LogShaderLibrary: Display: ShaderCodeLibraryPakFileMountedCallback: pending pak file info (ChunkID:-1 Root:root:/ File:D:/Epic Games/UE_4.27/FeaturePacks/TP_2DSideScroller.upack)
[2022.02.21-02.24.36:105][  0]LogPakFile: OnPakFileMounted2Time == 0.000037
[2022.02.21-02.24.36:106][  0]LogPakFile: PakFile PrimaryIndexSize=192
[2022.02.21-02.24.36:106][  0]LogPakFile: PakFile PathHashIndexSize=101
[2022.02.21-02.24.36:106][  0]LogPakFile: PakFile FullDirectoryIndexSize=158
[2022.02.21-02.24.36:106][  0]LogShaderLibrary: Display: ShaderCodeLibraryPakFileMountedCallback: PakFile 'D:/Epic Games/UE_4.27/FeaturePacks/TP_2DSideScrollerBP.upack' (chunk index -1, root 'root:/') mounted
[2022.02.21-02.24.36:106][  0]LogShaderLibrary: Display: ShaderCodeLibraryPakFileMountedCallback: pending pak file info (ChunkID:-1 Root:root:/ File:D:/Epic Games/UE_4.27/FeaturePacks/TP_2DSideScrollerBP.upack)
[2022.02.21-02.24.36:106][  0]LogPakFile: OnPakFileMounted2Time == 0.000044
[2022.02.21-02.24.36:107][  0]LogPakFile: PakFile PrimaryIndexSize=182
[2022.02.21-02.24.36:107][  0]LogPakFile: PakFile PathHashIndexSize=101
[2022.02.21-02.24.36:107][  0]LogPakFile: PakFile FullDirectoryIndexSize=138
[2022.02.21-02.24.36:107][  0]LogShaderLibrary: Display: ShaderCodeLibraryPakFileMountedCallback: PakFile 'D:/Epic Games/UE_4.27/FeaturePacks/TP_Flying.upack' (chunk index -1, root 'root:/') mounted
[2022.02.21-02.24.36:107][  0]LogShaderLibrary: Display: ShaderCodeLibraryPakFileMountedCallback: pending pak file info (ChunkID:-1 Root:root:/ File:D:/Epic Games/UE_4.27/FeaturePacks/TP_Flying.upack)
[2022.02.21-02.24.36:107][  0]LogPakFile: OnPakFileMounted2Time == 0.000033
[2022.02.21-02.24.36:107][  0]LogPakFile: PakFile PrimaryIndexSize=184
[2022.02.21-02.24.36:107][  0]LogPakFile: PakFile PathHashIndexSize=101
[2022.02.21-02.24.36:107][  0]LogPakFile: PakFile FullDirectoryIndexSize=142
[2022.02.21-02.24.36:107][  0]LogShaderLibrary: Display: ShaderCodeLibraryPakFileMountedCallback: PakFile 'D:/Epic Games/UE_4.27/FeaturePacks/TP_FlyingBP.upack' (chunk index -1, root 'root:/') mounted
[2022.02.21-02.24.36:107][  0]LogShaderLibrary: Display: ShaderCodeLibraryPakFileMountedCallback: pending pak file info (ChunkID:-1 Root:root:/ File:D:/Epic Games/UE_4.27/FeaturePacks/TP_FlyingBP.upack)
[2022.02.21-02.24.36:107][  0]LogPakFile: OnPakFileMounted2Time == 0.000033
[2022.02.21-02.24.36:108][  0]LogPakFile: PakFile PrimaryIndexSize=188
[2022.02.21-02.24.36:108][  0]LogPakFile: PakFile PathHashIndexSize=101
[2022.02.21-02.24.36:108][  0]LogPakFile: PakFile FullDirectoryIndexSize=150
[2022.02.21-02.24.36:108][  0]LogShaderLibrary: Display: ShaderCodeLibraryPakFileMountedCallback: PakFile 'D:/Epic Games/UE_4.27/FeaturePacks/TP_HandheldARBP.upack' (chunk index -1, root 'root:/') mounted
[2022.02.21-02.24.36:108][  0]LogShaderLibrary: Display: ShaderCodeLibraryPakFileMountedCallback: pending pak file info (ChunkID:-1 Root:root:/ File:D:/Epic Games/UE_4.27/FeaturePacks/TP_HandheldARBP.upack)
[2022.02.21-02.24.36:108][  0]LogPakFile: OnPakFileMounted2Time == 0.000043
[2022.02.21-02.24.36:109][  0]LogPakFile: PakFile PrimaryIndexSize=182
[2022.02.21-02.24.36:109][  0]LogPakFile: PakFile PathHashIndexSize=101
[2022.02.21-02.24.36:109][  0]LogPakFile: PakFile FullDirectoryIndexSize=138
[2022.02.21-02.24.36:109][  0]LogShaderLibrary: Display: ShaderCodeLibraryPakFileMountedCallback: PakFile 'D:/Epic Games/UE_4.27/FeaturePacks/TP_Puzzle.upack' (chunk index -1, root 'root:/') mounted
[2022.02.21-02.24.36:109][  0]LogShaderLibrary: Display: ShaderCodeLibraryPakFileMountedCallback: pending pak file info (ChunkID:-1 Root:root:/ File:D:/Epic Games/UE_4.27/FeaturePacks/TP_Puzzle.upack)
[2022.02.21-02.24.36:109][  0]LogPakFile: OnPakFileMounted2Time == 0.000033
[2022.02.21-02.24.36:110][  0]LogPakFile: PakFile PrimaryIndexSize=184
[2022.02.21-02.24.36:110][  0]LogPakFile: PakFile PathHashIndexSize=101
[2022.02.21-02.24.36:110][  0]LogPakFile: PakFile FullDirectoryIndexSize=142
[2022.02.21-02.24.36:110][  0]LogShaderLibrary: Display: ShaderCodeLibraryPakFileMountedCallback: PakFile 'D:/Epic Games/UE_4.27/FeaturePacks/TP_PuzzleBP.upack' (chunk index -1, root 'root:/') mounted
[2022.02.21-02.24.36:110][  0]LogShaderLibrary: Display: ShaderCodeLibraryPakFileMountedCallback: pending pak file info (ChunkID:-1 Root:root:/ File:D:/Epic Games/UE_4.27/FeaturePacks/TP_PuzzleBP.upack)
[2022.02.21-02.24.36:110][  0]LogPakFile: OnPakFileMounted2Time == 0.000039
[2022.02.21-02.24.36:110][  0]LogPakFile: PakFile PrimaryIndexSize=183
[2022.02.21-02.24.36:110][  0]LogPakFile: PakFile PathHashIndexSize=101
[2022.02.21-02.24.36:110][  0]LogPakFile: PakFile FullDirectoryIndexSize=140
[2022.02.21-02.24.36:111][  0]LogShaderLibrary: Display: ShaderCodeLibraryPakFileMountedCallback: PakFile 'D:/Epic Games/UE_4.27/FeaturePacks/TP_Rolling.upack' (chunk index -1, root 'root:/') mounted
[2022.02.21-02.24.36:111][  0]LogShaderLibrary: Display: ShaderCodeLibraryPakFileMountedCallback: pending pak file info (ChunkID:-1 Root:root:/ File:D:/Epic Games/UE_4.27/FeaturePacks/TP_Rolling.upack)
[2022.02.21-02.24.36:111][  0]LogPakFile: OnPakFileMounted2Time == 0.000036
[2022.02.21-02.24.36:111][  0]LogPakFile: PakFile PrimaryIndexSize=185
[2022.02.21-02.24.36:111][  0]LogPakFile: PakFile PathHashIndexSize=101
[2022.02.21-02.24.36:111][  0]LogPakFile: PakFile FullDirectoryIndexSize=144
[2022.02.21-02.24.36:111][  0]LogShaderLibrary: Display: ShaderCodeLibraryPakFileMountedCallback: PakFile 'D:/Epic Games/UE_4.27/FeaturePacks/TP_RollingBP.upack' (chunk index -1, root 'root:/') mounted
[2022.02.21-02.24.36:111][  0]LogShaderLibrary: Display: ShaderCodeLibraryPakFileMountedCallback: pending pak file info (ChunkID:-1 Root:root:/ File:D:/Epic Games/UE_4.27/FeaturePacks/TP_RollingBP.upack)
[2022.02.21-02.24.36:111][  0]LogPakFile: OnPakFileMounted2Time == 0.000035
[2022.02.21-02.24.36:112][  0]LogPakFile: PakFile PrimaryIndexSize=188
[2022.02.21-02.24.36:112][  0]LogPakFile: PakFile PathHashIndexSize=101
[2022.02.21-02.24.36:112][  0]LogPakFile: PakFile FullDirectoryIndexSize=150
[2022.02.21-02.24.36:112][  0]LogShaderLibrary: Display: ShaderCodeLibraryPakFileMountedCallback: PakFile 'D:/Epic Games/UE_4.27/FeaturePacks/TP_SideScroller.upack' (chunk index -1, root 'root:/') mounted
[2022.02.21-02.24.36:112][  0]LogShaderLibrary: Display: ShaderCodeLibraryPakFileMountedCallback: pending pak file info (ChunkID:-1 Root:root:/ File:D:/Epic Games/UE_4.27/FeaturePacks/TP_SideScroller.upack)
[2022.02.21-02.24.36:112][  0]LogPakFile: OnPakFileMounted2Time == 0.000037
[2022.02.21-02.24.36:113][  0]LogPakFile: PakFile PrimaryIndexSize=190
[2022.02.21-02.24.36:113][  0]LogPakFile: PakFile PathHashIndexSize=101
[2022.02.21-02.24.36:113][  0]LogPakFile: PakFile FullDirectoryIndexSize=154
[2022.02.21-02.24.36:113][  0]LogShaderLibrary: Display: ShaderCodeLibraryPakFileMountedCallback: PakFile 'D:/Epic Games/UE_4.27/FeaturePacks/TP_SideScrollerBP.upack' (chunk index -1, root 'root:/') mounted
[2022.02.21-02.24.36:113][  0]LogShaderLibrary: Display: ShaderCodeLibraryPakFileMountedCallback: pending pak file info (ChunkID:-1 Root:root:/ File:D:/Epic Games/UE_4.27/FeaturePacks/TP_SideScrollerBP.upack)
[2022.02.21-02.24.36:113][  0]LogPakFile: OnPakFileMounted2Time == 0.000038
[2022.02.21-02.24.36:113][  0]LogPakFile: PakFile PrimaryIndexSize=187
[2022.02.21-02.24.36:114][  0]LogPakFile: PakFile PathHashIndexSize=101
[2022.02.21-02.24.36:114][  0]LogPakFile: PakFile FullDirectoryIndexSize=148
[2022.02.21-02.24.36:114][  0]LogShaderLibrary: Display: ShaderCodeLibraryPakFileMountedCallback: PakFile 'D:/Epic Games/UE_4.27/FeaturePacks/TP_ThirdPerson.upack' (chunk index -1, root 'root:/') mounted
[2022.02.21-02.24.36:114][  0]LogShaderLibrary: Display: ShaderCodeLibraryPakFileMountedCallback: pending pak file info (ChunkID:-1 Root:root:/ File:D:/Epic Games/UE_4.27/FeaturePacks/TP_ThirdPerson.upack)
[2022.02.21-02.24.36:114][  0]LogPakFile: OnPakFileMounted2Time == 0.000038
[2022.02.21-02.24.36:114][  0]LogPakFile: PakFile PrimaryIndexSize=189
[2022.02.21-02.24.36:114][  0]LogPakFile: PakFile PathHashIndexSize=101
[2022.02.21-02.24.36:114][  0]LogPakFile: PakFile FullDirectoryIndexSize=152
[2022.02.21-02.24.36:114][  0]LogShaderLibrary: Display: ShaderCodeLibraryPakFileMountedCallback: PakFile 'D:/Epic Games/UE_4.27/FeaturePacks/TP_ThirdPersonBP.upack' (chunk index -1, root 'root:/') mounted
[2022.02.21-02.24.36:114][  0]LogShaderLibrary: Display: ShaderCodeLibraryPakFileMountedCallback: pending pak file info (ChunkID:-1 Root:root:/ File:D:/Epic Games/UE_4.27/FeaturePacks/TP_ThirdPersonBP.upack)
[2022.02.21-02.24.36:114][  0]LogPakFile: OnPakFileMounted2Time == 0.000034
[2022.02.21-02.24.36:115][  0]LogPakFile: PakFile PrimaryIndexSize=183
[2022.02.21-02.24.36:115][  0]LogPakFile: PakFile PathHashIndexSize=101
[2022.02.21-02.24.36:115][  0]LogPakFile: PakFile FullDirectoryIndexSize=140
[2022.02.21-02.24.36:115][  0]LogShaderLibrary: Display: ShaderCodeLibraryPakFileMountedCallback: PakFile 'D:/Epic Games/UE_4.27/FeaturePacks/TP_TopDown.upack' (chunk index -1, root 'root:/') mounted
[2022.02.21-02.24.36:115][  0]LogShaderLibrary: Display: ShaderCodeLibraryPakFileMountedCallback: pending pak file info (ChunkID:-1 Root:root:/ File:D:/Epic Games/UE_4.27/FeaturePacks/TP_TopDown.upack)
[2022.02.21-02.24.36:115][  0]LogPakFile: OnPakFileMounted2Time == 0.000040
[2022.02.21-02.24.36:116][  0]LogPakFile: PakFile PrimaryIndexSize=185
[2022.02.21-02.24.36:116][  0]LogPakFile: PakFile PathHashIndexSize=101
[2022.02.21-02.24.36:116][  0]LogPakFile: PakFile FullDirectoryIndexSize=144
[2022.02.21-02.24.36:116][  0]LogShaderLibrary: Display: ShaderCodeLibraryPakFileMountedCallback: PakFile 'D:/Epic Games/UE_4.27/FeaturePacks/TP_TopDownBP.upack' (chunk index -1, root 'root:/') mounted
[2022.02.21-02.24.36:116][  0]LogShaderLibrary: Display: ShaderCodeLibraryPakFileMountedCallback: pending pak file info (ChunkID:-1 Root:root:/ File:D:/Epic Games/UE_4.27/FeaturePacks/TP_TopDownBP.upack)
[2022.02.21-02.24.36:116][  0]LogPakFile: OnPakFileMounted2Time == 0.000034
[2022.02.21-02.24.36:116][  0]LogPakFile: PakFile PrimaryIndexSize=185
[2022.02.21-02.24.36:116][  0]LogPakFile: PakFile PathHashIndexSize=101
[2022.02.21-02.24.36:116][  0]LogPakFile: PakFile FullDirectoryIndexSize=144
[2022.02.21-02.24.36:116][  0]LogShaderLibrary: Display: ShaderCodeLibraryPakFileMountedCallback: PakFile 'D:/Epic Games/UE_4.27/FeaturePacks/TP_TwinStick.upack' (chunk index -1, root 'root:/') mounted
[2022.02.21-02.24.36:116][  0]LogShaderLibrary: Display: ShaderCodeLibraryPakFileMountedCallback: pending pak file info (ChunkID:-1 Root:root:/ File:D:/Epic Games/UE_4.27/FeaturePacks/TP_TwinStick.upack)
[2022.02.21-02.24.36:116][  0]LogPakFile: OnPakFileMounted2Time == 0.000037
[2022.02.21-02.24.36:117][  0]LogPakFile: PakFile PrimaryIndexSize=187
[2022.02.21-02.24.36:117][  0]LogPakFile: PakFile PathHashIndexSize=101
[2022.02.21-02.24.36:117][  0]LogPakFile: PakFile FullDirectoryIndexSize=148
[2022.02.21-02.24.36:117][  0]LogShaderLibrary: Display: ShaderCodeLibraryPakFileMountedCallback: PakFile 'D:/Epic Games/UE_4.27/FeaturePacks/TP_TwinStickBP.upack' (chunk index -1, root 'root:/') mounted
[2022.02.21-02.24.36:117][  0]LogShaderLibrary: Display: ShaderCodeLibraryPakFileMountedCallback: pending pak file info (ChunkID:-1 Root:root:/ File:D:/Epic Games/UE_4.27/FeaturePacks/TP_TwinStickBP.upack)
[2022.02.21-02.24.36:117][  0]LogPakFile: OnPakFileMounted2Time == 0.000033
[2022.02.21-02.24.36:118][  0]LogPakFile: PakFile PrimaryIndexSize=183
[2022.02.21-02.24.36:118][  0]LogPakFile: PakFile PathHashIndexSize=101
[2022.02.21-02.24.36:118][  0]LogPakFile: PakFile FullDirectoryIndexSize=140
[2022.02.21-02.24.36:118][  0]LogShaderLibrary: Display: ShaderCodeLibraryPakFileMountedCallback: PakFile 'D:/Epic Games/UE_4.27/FeaturePacks/TP_Vehicle.upack' (chunk index -1, root 'root:/') mounted
[2022.02.21-02.24.36:118][  0]LogShaderLibrary: Display: ShaderCodeLibraryPakFileMountedCallback: pending pak file info (ChunkID:-1 Root:root:/ File:D:/Epic Games/UE_4.27/FeaturePacks/TP_Vehicle.upack)
[2022.02.21-02.24.36:118][  0]LogPakFile: OnPakFileMounted2Time == 0.000036
[2022.02.21-02.24.36:118][  0]LogPakFile: PakFile PrimaryIndexSize=186
[2022.02.21-02.24.36:118][  0]LogPakFile: PakFile PathHashIndexSize=101
[2022.02.21-02.24.36:118][  0]LogPakFile: PakFile FullDirectoryIndexSize=146
[2022.02.21-02.24.36:118][  0]LogShaderLibrary: Display: ShaderCodeLibraryPakFileMountedCallback: PakFile 'D:/Epic Games/UE_4.27/FeaturePacks/TP_VehicleAdv.upack' (chunk index -1, root 'root:/') mounted
[2022.02.21-02.24.36:118][  0]LogShaderLibrary: Display: ShaderCodeLibraryPakFileMountedCallback: pending pak file info (ChunkID:-1 Root:root:/ File:D:/Epic Games/UE_4.27/FeaturePacks/TP_VehicleAdv.upack)
[2022.02.21-02.24.36:118][  0]LogPakFile: OnPakFileMounted2Time == 0.000034
[2022.02.21-02.24.36:119][  0]LogPakFile: PakFile PrimaryIndexSize=188
[2022.02.21-02.24.36:119][  0]LogPakFile: PakFile PathHashIndexSize=101
[2022.02.21-02.24.36:119][  0]LogPakFile: PakFile FullDirectoryIndexSize=150
[2022.02.21-02.24.36:119][  0]LogShaderLibrary: Display: ShaderCodeLibraryPakFileMountedCallback: PakFile 'D:/Epic Games/UE_4.27/FeaturePacks/TP_VehicleAdvBP.upack' (chunk index -1, root 'root:/') mounted
[2022.02.21-02.24.36:119][  0]LogShaderLibrary: Display: ShaderCodeLibraryPakFileMountedCallback: pending pak file info (ChunkID:-1 Root:root:/ File:D:/Epic Games/UE_4.27/FeaturePacks/TP_VehicleAdvBP.upack)
[2022.02.21-02.24.36:119][  0]LogPakFile: OnPakFileMounted2Time == 0.000082
[2022.02.21-02.24.36:120][  0]LogPakFile: PakFile PrimaryIndexSize=185
[2022.02.21-02.24.36:120][  0]LogPakFile: PakFile PathHashIndexSize=101
[2022.02.21-02.24.36:120][  0]LogPakFile: PakFile FullDirectoryIndexSize=144
[2022.02.21-02.24.36:120][  0]LogShaderLibrary: Display: ShaderCodeLibraryPakFileMountedCallback: PakFile 'D:/Epic Games/UE_4.27/FeaturePacks/TP_VehicleBP.upack' (chunk index -1, root 'root:/') mounted
[2022.02.21-02.24.36:120][  0]LogShaderLibrary: Display: ShaderCodeLibraryPakFileMountedCallback: pending pak file info (ChunkID:-1 Root:root:/ File:D:/Epic Games/UE_4.27/FeaturePacks/TP_VehicleBP.upack)
[2022.02.21-02.24.36:120][  0]LogPakFile: OnPakFileMounted2Time == 0.000034
[2022.02.21-02.24.36:121][  0]LogPakFile: PakFile PrimaryIndexSize=192
[2022.02.21-02.24.36:121][  0]LogPakFile: PakFile PathHashIndexSize=101
[2022.02.21-02.24.36:121][  0]LogPakFile: PakFile FullDirectoryIndexSize=158
[2022.02.21-02.24.36:121][  0]LogShaderLibrary: Display: ShaderCodeLibraryPakFileMountedCallback: PakFile 'D:/Epic Games/UE_4.27/FeaturePacks/TP_VirtualRealityBP.upack' (chunk index -1, root 'root:/') mounted
[2022.02.21-02.24.36:121][  0]LogShaderLibrary: Display: ShaderCodeLibraryPakFileMountedCallback: pending pak file info (ChunkID:-1 Root:root:/ File:D:/Epic Games/UE_4.27/FeaturePacks/TP_VirtualRealityBP.upack)
[2022.02.21-02.24.36:121][  0]LogPakFile: OnPakFileMounted2Time == 0.000034
[2022.02.21-02.24.36:188][  0]LogNativeClassHierarchy: Verbose: Native class hierarchy updated for 'AddContentDialog' in 0.0003 seconds. Added 0 classes and 0 folders.
[2022.02.21-02.24.36:204][  0]LogSlate: Took 0.000262 seconds to synchronously load lazily loaded font '../../../Engine/Content/Slate/Fonts/Roboto-Regular.ttf' (155K)
[2022.02.21-02.24.36:205][  0]LogSlate: Took 0.000175 seconds to synchronously load lazily loaded font '../../../Engine/Content/Editor/Slate/Fonts/FontAwesome.ttf' (139K)
[2022.02.21-02.24.36:206][  0]LogSlate: Took 0.000201 seconds to synchronously load lazily loaded font '../../../Engine/Content/Slate/Fonts/Roboto-Bold.ttf' (160K)
[2022.02.21-02.24.36:298][  0]LogRenderer: Reallocating scene render targets to support 1616x920 Format 10 NumSamples 1 (Frame:1).
[2022.02.21-02.24.36:411][  0]LogNativeClassHierarchy: Verbose: Native class hierarchy updated for 'HierarchicalLODOutliner' in 0.0004 seconds. Added 0 classes and 0 folders.
[2022.02.21-02.24.36:411][  0]LogLoad: (Engine Initialization) Total time: 9.71 seconds
[2022.02.21-02.24.36:411][  0]LogLoad: (Engine Initialization) Total Blueprint compile time: 0.00 seconds
[2022.02.21-02.24.36:470][  0]LogAssetRegistry: Asset discovery search completed in 5.0414 seconds
[2022.02.21-02.24.36:477][  0]LogCollectionManager: Fixed up redirectors for 0 collections in 0.000004 seconds (updated 0 objects)
[2022.02.21-02.24.36:479][  0]LogContentStreaming: Texture pool size now 1000 MB
[2022.02.21-02.24.54:683][989]Cmd: DELETE
[2022.02.21-02.24.54:683][989]Cmd: ACTOR DELETE
[2022.02.21-02.24.54:690][989]LogEditorActor: Deleted Actor: Brush
[2022.02.21-02.24.54:690][989]LogEditorActor: Deleted Actor: Brush
[2022.02.21-02.24.54:696][989]LogUObjectHash: Compacting FUObjectHashTables data took   0.62ms
[2022.02.21-02.24.54:721][989]LogEditorActor: Deleted 2 Actors (0.039 secs)
[2022.02.21-02.25.28:222][669]LogSlate: Took 0.000263 seconds to synchronously load lazily loaded font '../../../Engine/Content/Slate/Fonts/Roboto-Light.ttf' (167K)
[2022.02.21-02.25.28:241][669]LogUObjectHash: Compacting FUObjectHashTables data took   0.62ms
[2022.02.21-02.25.28:737][669]LogSavePackage: Moving 'G:/School/Drexel/2022 _ Winter/Arch Level Design/BioshockZoo/Bioshock_LevelDesign/BioshockZooProject/Saved/ZooLevel0283569C46731D383500B293E7369A09.tmp' to 'G:/School/Drexel/2022 _ Winter/Arch Level Design/BioshockZoo/Bioshock_LevelDesign/BioshockZooProject/Content/Maps/ZooLevel.umap'
[2022.02.21-02.25.28:737][669]LogFileManager: Warning: DeleteFile was unable to delete 'G:/School/Drexel/2022 _ Winter/Arch Level Design/BioshockZoo/Bioshock_LevelDesign/BioshockZooProject/Content/Maps/ZooLevel.umap', retrying in .5s...
[2022.02.21-02.25.29:238][669]LogFileManager: Error: Error deleting file 'G:/School/Drexel/2022 _ Winter/Arch Level Design/BioshockZoo/Bioshock_LevelDesign/BioshockZooProject/Content/Maps/ZooLevel.umap'.
[2022.02.21-02.25.29:238][669]LogSavePackage: Error: Error saving 'G:/School/Drexel/2022 _ Winter/Arch Level Design/BioshockZoo/Bioshock_LevelDesign/BioshockZooProject/Content/Maps/ZooLevel.umap'
[2022.02.21-02.25.29:272][669]EditorErrors: New page: Save Output
[2022.02.21-02.25.29:272][669]EditorErrors: Warning: Error saving 'G:/School/Drexel/2022 _ Winter/Arch Level Design/BioshockZoo/Bioshock_LevelDesign/BioshockZooProject/Content/Maps/ZooLevel.umap'
[2022.02.21-02.25.29:368][669]LogSlate: Took 0.000294 seconds to synchronously load lazily loaded font '../../../Engine/Content/Slate/Fonts/DroidSansMono.ttf' (77K)
[2022.02.21-02.25.34:377][247]LogSlate: Window 'Message Log' being destroyed
[2022.02.21-02.25.34:381][247]LogSlate: Window 'Message Log' being destroyed
[2022.02.21-02.25.37:412][603]LogUObjectHash: Compacting FUObjectHashTables data took   0.75ms
[2022.02.21-02.25.37:667][603]LogSavePackage: Moving 'G:/School/Drexel/2022 _ Winter/Arch Level Design/BioshockZoo/Bioshock_LevelDesign/BioshockZooProject/Saved/ZooLevelFE73F8B14BCFA762DBF1D195A7EE3315.tmp' to 'G:/School/Drexel/2022 _ Winter/Arch Level Design/BioshockZoo/Bioshock_LevelDesign/BioshockZooProject/Content/Maps/ZooLevel.umap'
[2022.02.21-02.25.37:667][603]LogFileManager: Warning: DeleteFile was unable to delete 'G:/School/Drexel/2022 _ Winter/Arch Level Design/BioshockZoo/Bioshock_LevelDesign/BioshockZooProject/Content/Maps/ZooLevel.umap', retrying in .5s...
[2022.02.21-02.25.38:168][603]LogFileManager: Error: Error deleting file 'G:/School/Drexel/2022 _ Winter/Arch Level Design/BioshockZoo/Bioshock_LevelDesign/BioshockZooProject/Content/Maps/ZooLevel.umap'.
[2022.02.21-02.25.38:168][603]LogSavePackage: Error: Error saving 'G:/School/Drexel/2022 _ Winter/Arch Level Design/BioshockZoo/Bioshock_LevelDesign/BioshockZooProject/Content/Maps/ZooLevel.umap'
[2022.02.21-02.25.38:171][603]EditorErrors: New page: Save Output
[2022.02.21-02.25.38:171][603]EditorErrors: Warning: Error saving 'G:/School/Drexel/2022 _ Winter/Arch Level Design/BioshockZoo/Bioshock_LevelDesign/BioshockZooProject/Content/Maps/ZooLevel.umap'
[2022.02.21-02.25.44:848][368]LogSlate: Window 'Message Log' being destroyed
[2022.02.21-02.25.44:853][368]LogSlate: Window 'Message Log' being destroyed
